command: docker compose -f C:\Users\Astral\Desktop\eve-trade\docker-compose.integration.yml --profile test up -d rabbitmq postgres
cwd: C:\Users\Astral\Desktop\eve-trade
exit_code: 0
duration_ms: 952.466

--- stdout ---

--- stderr ---
 Network eve-trade-integration_default Creating 
 Network eve-trade-integration_default Created 
 Volume eve-trade-integration_rabbitmq_data Creating 
 Volume eve-trade-integration_rabbitmq_data Created 
 Volume eve-trade-integration_eve_trade_pgdata Creating 
 Volume eve-trade-integration_eve_trade_pgdata Created 
 Container eve-trade-integration-postgres-1 Creating 
 Container eve-trade-integration-rabbitmq-1 Creating 
 Container eve-trade-integration-postgres-1 Created 
 Container eve-trade-integration-rabbitmq-1 Created 
 Container eve-trade-integration-rabbitmq-1 Starting 
 Container eve-trade-integration-postgres-1 Starting 
 Container eve-trade-integration-rabbitmq-1 Started 
 Container eve-trade-integration-postgres-1 Started 
