error: Failed to load resource: the server responded with a status of 400 (Bad Request)
error: Failed to load resource: the server responded with a status of 400 (Bad Request)
error: Failed to load resource: the server responded with a status of 400 (Bad Request)
error: Failed to load resource: the server responded with a status of 400 (Bad Request)
error: Failed to load resource: the server responded with a status of 400 (Bad Request)
error: Failed to load resource: the server responded with a status of 400 (Bad Request)
error: Failed to load resource: the server responded with a status of 400 (Bad Request)
error: Failed to load resource: the server responded with a status of 502 (Bad Gateway)
error: Failed to load resource: the server responded with a status of 400 (Bad Request)
error: Failed to load resource: the server responded with a status of 400 (Bad Request)
error: Failed to load resource: the server responded with a status of 400 (Bad Request)
error: Failed to load resource: the server responded with a status of 400 (Bad Request)
error: Failed to load resource: the server responded with a status of 400 (Bad Request)
error: Failed to load resource: the server responded with a status of 400 (Bad Request)
error: Failed to load resource: the server responded with a status of 400 (Bad Request)
error: Failed to load resource: the server responded with a status of 400 (Bad Request)
error: Failed to load resource: the server responded with a status of 409 (Conflict)
error: Failed to load resource: the server responded with a status of 400 (Bad Request)
error: Failed to load resource: the server responded with a status of 409 (Conflict)
error: Failed to load resource: the server responded with a status of 409 (Conflict)
error: Failed to load resource: the server responded with a status of 400 (Bad Request)
error: Failed to load resource: the server responded with a status of 400 (Bad Request)
error: Failed to load resource: the server responded with a status of 409 (Conflict)
error: Failed to load resource: the server responded with a status of 409 (Conflict)
error: Failed to load resource: the server responded with a status of 409 (Conflict)
error: Failed to load resource: the server responded with a status of 409 (Conflict)
error: Failed to load resource: the server responded with a status of 409 (Conflict)
error: Failed to load resource: the server responded with a status of 400 (Bad Request)
error: Failed to load resource: the server responded with a status of 403 (Forbidden)
error: Failed to load resource: the server responded with a status of 503 (Service Unavailable)