migrate-1  | 2026-06-27T16:04:05.553040368Z  ?column? 
migrate-1  | 2026-06-27T16:04:05.553084462Z ----------
migrate-1  | 2026-06-27T16:04:05.553087793Z         1
migrate-1  | 2026-06-27T16:04:05.553090033Z (1 row)
migrate-1  | 2026-06-27T16:04:05.553092182Z 
migrate-1  | 2026-06-27T16:04:05.613276688Z DROP SCHEMA
migrate-1  | 2026-06-27T16:04:05.613297592Z CREATE SCHEMA
migrate-1  | 2026-06-27T16:04:05.680669139Z CREATE EXTENSION
migrate-1  | 2026-06-27T16:04:05.686969622Z CREATE FUNCTION
migrate-1  | 2026-06-27T16:04:05.688515003Z CREATE FUNCTION
migrate-1  | 2026-06-27T16:04:05.699396618Z CREATE TABLE
migrate-1  | 2026-06-27T16:04:05.708108299Z CREATE TABLE
migrate-1  | 2026-06-27T16:04:05.716137447Z CREATE TABLE
migrate-1  | 2026-06-27T16:04:05.723814608Z CREATE TABLE
migrate-1  | 2026-06-27T16:04:05.731962062Z CREATE TABLE
migrate-1  | 2026-06-27T16:04:05.745601516Z CREATE TABLE
migrate-1  | 2026-06-27T16:04:05.765824057Z CREATE TABLE
migrate-1  | 2026-06-27T16:04:05.768040527Z psql:distributed-backend/src/trade-settlement/migrations/0001_settlement_schema.sql:149: NOTICE:  constraint "idempotency_record_result_batch_fk" of relation "idempotency_record" does not exist, skipping
migrate-1  | 2026-06-27T16:04:05.768818369Z ALTER TABLE
migrate-1  | 2026-06-27T16:04:05.774088050Z ALTER TABLE
migrate-1  | 2026-06-27T16:04:05.782854941Z CREATE TABLE
migrate-1  | 2026-06-27T16:04:05.783244515Z psql:distributed-backend/src/trade-settlement/migrations/0001_settlement_schema.sql:173: NOTICE:  column "step_output" of relation "settlement_step" already exists, skipping
migrate-1  | 2026-06-27T16:04:05.784025342Z ALTER TABLE
migrate-1  | 2026-06-27T16:04:05.797194143Z CREATE TABLE
migrate-1  | 2026-06-27T16:04:05.807382004Z CREATE TABLE
migrate-1  | 2026-06-27T16:04:05.818176127Z CREATE TABLE
migrate-1  | 2026-06-27T16:04:05.823487871Z CREATE TABLE
migrate-1  | 2026-06-27T16:04:05.832783207Z CREATE TABLE
migrate-1  | 2026-06-27T16:04:05.842791165Z CREATE TABLE
migrate-1  | 2026-06-27T16:04:05.852432905Z CREATE TABLE
migrate-1  | 2026-06-27T16:04:05.859127242Z CREATE FUNCTION
migrate-1  | 2026-06-27T16:04:05.860499174Z ALTER TABLE
migrate-1  | 2026-06-27T16:04:05.861639740Z ALTER TABLE
migrate-1  | 2026-06-27T16:04:05.862807687Z ALTER TABLE
migrate-1  | 2026-06-27T16:04:05.864231081Z ALTER TABLE
migrate-1  | 2026-06-27T16:04:05.865292874Z ALTER TABLE
migrate-1  | 2026-06-27T16:04:05.867467592Z ALTER TABLE
migrate-1  | 2026-06-27T16:04:05.873413543Z CREATE FUNCTION
migrate-1  | 2026-06-27T16:04:05.875380243Z CREATE FUNCTION
migrate-1  | 2026-06-27T16:04:05.876875824Z CREATE FUNCTION
migrate-1  | 2026-06-27T16:04:05.878439782Z psql:distributed-backend/src/trade-settlement/migrations/0001_settlement_schema.sql:498: NOTICE:  trigger "wallet_ledger_append_only_trigger" for relation "wallet_ledger" does not exist, skipping
migrate-1  | 2026-06-27T16:04:05.878463637Z DROP TRIGGER
migrate-1  | 2026-06-27T16:04:05.879694409Z CREATE TRIGGER
migrate-1  | 2026-06-27T16:04:05.879947490Z DROP TRIGGER
migrate-1  | 2026-06-27T16:04:05.879947833Z psql:distributed-backend/src/trade-settlement/migrations/0001_settlement_schema.sql:504: NOTICE:  trigger "item_stack_ledger_append_only_trigger" for relation "item_stack_ledger" does not exist, skipping
migrate-1  | 2026-06-27T16:04:05.881060691Z CREATE TRIGGER
migrate-1  | 2026-06-27T16:04:05.881362288Z DROP TRIGGER
migrate-1  | 2026-06-27T16:04:05.881392242Z psql:distributed-backend/src/trade-settlement/migrations/0001_settlement_schema.sql:510: NOTICE:  trigger "item_stack_ledger_insert_integrity_trigger" for relation "item_stack_ledger" does not exist, skipping
migrate-1  | 2026-06-27T16:04:05.882392518Z CREATE TRIGGER
migrate-1  | 2026-06-27T16:04:05.890431422Z CREATE TABLE
migrate-1  | 2026-06-27T16:04:05.895065281Z CREATE INDEX
migrate-1  | 2026-06-27T16:04:05.900527501Z CREATE INDEX
migrate-1  | 2026-06-27T16:04:05.905572236Z CREATE INDEX
migrate-1  | 2026-06-27T16:04:05.911063908Z CREATE INDEX
migrate-1  | 2026-06-27T16:04:05.916152447Z CREATE INDEX
migrate-1  | 2026-06-27T16:04:05.919756535Z CREATE INDEX
migrate-1  | 2026-06-27T16:04:05.925274953Z CREATE INDEX
migrate-1  | 2026-06-27T16:04:05.931098658Z CREATE INDEX
migrate-1  | 2026-06-27T16:04:05.934570513Z CREATE INDEX
migrate-1  | 2026-06-27T16:04:05.938893001Z CREATE INDEX
migrate-1  | 2026-06-27T16:04:05.943302207Z CREATE INDEX
migrate-1  | 2026-06-27T16:04:05.950004755Z CREATE INDEX
migrate-1  | 2026-06-27T16:04:05.952062744Z CREATE FUNCTION
migrate-1  | 2026-06-27T16:04:05.953667739Z CREATE FUNCTION
migrate-1  | 2026-06-27T16:04:05.953990303Z DROP TRIGGER
migrate-1  | 2026-06-27T16:04:05.954013832Z psql:distributed-backend/src/trade-settlement/migrations/0001_settlement_schema.sql:607: NOTICE:  trigger "trade_instance_remaining_quantity_invariant_trigger" for relation "trade_instance" does not exist, skipping
migrate-1  | 2026-06-27T16:04:05.955595111Z CREATE TRIGGER
migrate-1  | 2026-06-27T16:04:05.957475368Z DROP TRIGGER
migrate-1  | 2026-06-27T16:04:05.957481547Z psql:distributed-backend/src/trade-settlement/migrations/0001_settlement_schema.sql:614: NOTICE:  trigger "item_stack_escrow_remaining_quantity_invariant_trigger" for relation "item_stack_escrow" does not exist, skipping
migrate-1  | 2026-06-27T16:04:05.958877789Z CREATE TRIGGER
migrate-1  | 2026-06-27T16:04:05.959326194Z psql:distributed-backend/src/trade-settlement/migrations/0001_settlement_schema.sql:621: NOTICE:  trigger "item_stack_projection_ledger_invariant_trigger" for relation "item_stack" does not exist, skipping
migrate-1  | 2026-06-27T16:04:05.959353360Z DROP TRIGGER
migrate-1  | 2026-06-27T16:04:05.961151686Z CREATE TRIGGER
migrate-1  | 2026-06-27T16:04:05.961290072Z psql:distributed-backend/src/trade-settlement/migrations/0001_settlement_schema.sql:628: NOTICE:  trigger "item_stack_ledger_projection_invariant_trigger" for relation "item_stack_ledger" does not exist, skipping
migrate-1  | 2026-06-27T16:04:05.961301786Z DROP TRIGGER
migrate-1  | 2026-06-27T16:04:05.962418585Z CREATE TRIGGER
migrate-1  | 2026-06-27T16:04:05.964825172Z CREATE FUNCTION
migrate-1  | 2026-06-27T16:04:05.966707250Z CREATE FUNCTION
migrate-1  | 2026-06-27T16:04:05.967012355Z psql:distributed-backend/src/trade-settlement/migrations/0001_settlement_schema.sql:687: NOTICE:  trigger "trade_instance_wallet_escrow_closed_state_trigger" for relation "trade_instance" does not exist, skipping
migrate-1  | 2026-06-27T16:04:05.967049809Z DROP TRIGGER
migrate-1  | 2026-06-27T16:04:05.968474474Z CREATE TRIGGER
migrate-1  | 2026-06-27T16:04:05.968993965Z DROP TRIGGER
migrate-1  | 2026-06-27T16:04:05.969005413Z psql:distributed-backend/src/trade-settlement/migrations/0001_settlement_schema.sql:694: NOTICE:  trigger "wallet_escrow_closed_trade_invariant_trigger" for relation "wallet_escrow" does not exist, skipping
migrate-1  | 2026-06-27T16:04:05.970405308Z CREATE TRIGGER
migrate-1  | 2026-06-27T16:04:08.618941047Z  ?column? 
migrate-1  | 2026-06-27T16:04:08.618987516Z ----------
migrate-1  | 2026-06-27T16:04:08.618991899Z         1
migrate-1  | 2026-06-27T16:04:08.618994601Z (1 row)
migrate-1  | 2026-06-27T16:04:08.618997111Z 
migrate-1  | 2026-06-27T16:04:08.685433904Z NOTICE:  drop cascades to 27 other objects
migrate-1  | 2026-06-27T16:04:08.685463699Z DETAIL:  drop cascades to extension pgcrypto
migrate-1  | 2026-06-27T16:04:08.685467884Z drop cascades to function compute_item_stack_ledger_payload_hash(uuid,uuid,bigint,bigint,bigint,bigint,text,bigint,bigint,bigint,text,text,bigint,bigint,text,text)
migrate-1  | 2026-06-27T16:04:08.685471121Z drop cascades to function compute_item_stack_ledger_hash(text,text)
migrate-1  | 2026-06-27T16:04:08.685473744Z drop cascades to table capsuleer
migrate-1  | 2026-06-27T16:04:08.685476532Z drop cascades to table region
migrate-1  | 2026-06-27T16:04:08.685479348Z drop cascades to table station
migrate-1  | 2026-06-27T16:04:08.685482182Z drop cascades to table item_type
migrate-1  | 2026-06-27T16:04:08.685485062Z drop cascades to table idempotency_record
migrate-1  | 2026-06-27T16:04:08.685487649Z drop cascades to table request_attempt
migrate-1  | 2026-06-27T16:04:08.685490128Z drop cascades to table settlement_batch
migrate-1  | 2026-06-27T16:04:08.685492597Z drop cascades to table settlement_step
migrate-1  | 2026-06-27T16:04:08.685495333Z drop cascades to table wallet
migrate-1  | 2026-06-27T16:04:08.685497881Z drop cascades to table item_stack
migrate-1  | 2026-06-27T16:04:08.685500406Z drop cascades to table trade_instance
migrate-1  | 2026-06-27T16:04:08.685503118Z drop cascades to table wallet_escrow
migrate-1  | 2026-06-27T16:04:08.685505614Z drop cascades to table item_stack_escrow
migrate-1  | 2026-06-27T16:04:08.685508180Z drop cascades to table wallet_ledger
migrate-1  | 2026-06-27T16:04:08.685510808Z drop cascades to table item_stack_ledger
migrate-1  | 2026-06-27T16:04:08.685513334Z drop cascades to function reject_ledger_mutation()
migrate-1  | 2026-06-27T16:04:08.685516641Z drop cascades to function enforce_item_stack_ledger_insert_integrity()
migrate-1  | 2026-06-27T16:04:08.685519402Z drop cascades to function check_item_stack_ledger_projection_invariant(uuid)
migrate-1  | 2026-06-27T16:04:08.685522088Z drop cascades to function enforce_item_stack_ledger_projection_invariant()
migrate-1  | 2026-06-27T16:04:08.685525041Z drop cascades to table trade_state_change
migrate-1  | 2026-06-27T16:04:08.685538572Z drop cascades to function check_trade_remaining_quantity_invariant(uuid)
migrate-1  | 2026-06-27T16:04:08.685541088Z drop cascades to function enforce_trade_remaining_quantity_invariant()
migrate-1  | 2026-06-27T16:04:08.685543370Z drop cascades to function check_trade_wallet_escrow_closed_state_invariant(uuid)
migrate-1  | 2026-06-27T16:04:08.685545491Z drop cascades to function enforce_trade_wallet_escrow_closed_state_invariant()
migrate-1  | 2026-06-27T16:04:08.714408593Z DROP SCHEMA
migrate-1  | 2026-06-27T16:04:08.714434568Z CREATE SCHEMA
migrate-1  | 2026-06-27T16:04:08.786440411Z CREATE EXTENSION
migrate-1  | 2026-06-27T16:04:08.790909203Z CREATE FUNCTION
migrate-1  | 2026-06-27T16:04:08.795693182Z CREATE FUNCTION
migrate-1  | 2026-06-27T16:04:08.810366829Z CREATE TABLE
migrate-1  | 2026-06-27T16:04:08.825335894Z CREATE TABLE
migrate-1  | 2026-06-27T16:04:08.837442007Z CREATE TABLE
migrate-1  | 2026-06-27T16:04:08.850135547Z CREATE TABLE
migrate-1  | 2026-06-27T16:04:08.863309391Z CREATE TABLE
migrate-1  | 2026-06-27T16:04:08.875205905Z CREATE TABLE
migrate-1  | 2026-06-27T16:04:08.889070503Z CREATE TABLE
migrate-1  | 2026-06-27T16:04:08.889822403Z psql:distributed-backend/src/trade-settlement/migrations/0001_settlement_schema.sql:149: NOTICE:  constraint "idempotency_record_result_batch_fk" of relation "idempotency_record" does not exist, skipping
migrate-1  | 2026-06-27T16:04:08.890857482Z ALTER TABLE
migrate-1  | 2026-06-27T16:04:08.894223010Z ALTER TABLE
migrate-1  | 2026-06-27T16:04:08.914234155Z CREATE TABLE
migrate-1  | 2026-06-27T16:04:08.914721224Z psql:distributed-backend/src/trade-settlement/migrations/0001_settlement_schema.sql:173: NOTICE:  column "step_output" of relation "settlement_step" already exists, skipping
migrate-1  | 2026-06-27T16:04:08.916244231Z ALTER TABLE
migrate-1  | 2026-06-27T16:04:08.930093963Z CREATE TABLE
migrate-1  | 2026-06-27T16:04:08.940286829Z CREATE TABLE
migrate-1  | 2026-06-27T16:04:08.951997017Z CREATE TABLE
migrate-1  | 2026-06-27T16:04:08.959525806Z CREATE TABLE
migrate-1  | 2026-06-27T16:04:08.967556087Z CREATE TABLE
migrate-1  | 2026-06-27T16:04:08.980554096Z CREATE TABLE
migrate-1  | 2026-06-27T16:04:08.993807866Z CREATE TABLE
migrate-1  | 2026-06-27T16:04:08.996741604Z CREATE FUNCTION
migrate-1  | 2026-06-27T16:04:08.998106050Z ALTER TABLE
migrate-1  | 2026-06-27T16:04:08.999390372Z ALTER TABLE
migrate-1  | 2026-06-27T16:04:09.001160572Z ALTER TABLE
migrate-1  | 2026-06-27T16:04:09.003239343Z ALTER TABLE
migrate-1  | 2026-06-27T16:04:09.004533874Z ALTER TABLE
migrate-1  | 2026-06-27T16:04:09.010776084Z ALTER TABLE
migrate-1  | 2026-06-27T16:04:09.014461492Z CREATE FUNCTION
migrate-1  | 2026-06-27T16:04:09.017403037Z CREATE FUNCTION
migrate-1  | 2026-06-27T16:04:09.019116957Z CREATE FUNCTION
migrate-1  | 2026-06-27T16:04:09.019513086Z psql:distributed-backend/src/trade-settlement/migrations/0001_settlement_schema.sql:498: NOTICE:  trigger "wallet_ledger_append_only_trigger" for relation "wallet_ledger" does not exist, skipping
migrate-1  | 2026-06-27T16:04:09.019523458Z DROP TRIGGER
migrate-1  | 2026-06-27T16:04:09.021635477Z CREATE TRIGGER
migrate-1  | 2026-06-27T16:04:09.021918285Z DROP TRIGGER
migrate-1  | 2026-06-27T16:04:09.021968717Z psql:distributed-backend/src/trade-settlement/migrations/0001_settlement_schema.sql:504: NOTICE:  trigger "item_stack_ledger_append_only_trigger" for relation "item_stack_ledger" does not exist, skipping
migrate-1  | 2026-06-27T16:04:09.023484640Z CREATE TRIGGER
migrate-1  | 2026-06-27T16:04:09.023891500Z DROP TRIGGER
migrate-1  | 2026-06-27T16:04:09.023908510Z psql:distributed-backend/src/trade-settlement/migrations/0001_settlement_schema.sql:510: NOTICE:  trigger "item_stack_ledger_insert_integrity_trigger" for relation "item_stack_ledger" does not exist, skipping
migrate-1  | 2026-06-27T16:04:09.025050242Z CREATE TRIGGER
migrate-1  | 2026-06-27T16:04:09.038676373Z CREATE TABLE
migrate-1  | 2026-06-27T16:04:09.043170745Z CREATE INDEX
migrate-1  | 2026-06-27T16:04:09.047705911Z CREATE INDEX
migrate-1  | 2026-06-27T16:04:09.052044570Z CREATE INDEX
migrate-1  | 2026-06-27T16:04:09.057174646Z CREATE INDEX
migrate-1  | 2026-06-27T16:04:09.061842108Z CREATE INDEX
migrate-1  | 2026-06-27T16:04:09.065898305Z CREATE INDEX
migrate-1  | 2026-06-27T16:04:09.070958686Z CREATE INDEX
migrate-1  | 2026-06-27T16:04:09.076666616Z CREATE INDEX
migrate-1  | 2026-06-27T16:04:09.082281473Z CREATE INDEX
migrate-1  | 2026-06-27T16:04:09.086594269Z CREATE INDEX
migrate-1  | 2026-06-27T16:04:09.090211280Z CREATE INDEX
migrate-1  | 2026-06-27T16:04:09.102032628Z CREATE INDEX
migrate-1  | 2026-06-27T16:04:09.107055285Z CREATE FUNCTION
migrate-1  | 2026-06-27T16:04:09.108755517Z CREATE FUNCTION
migrate-1  | 2026-06-27T16:04:09.109198511Z psql:distributed-backend/src/trade-settlement/migrations/0001_settlement_schema.sql:607: NOTICE:  trigger "trade_instance_remaining_quantity_invariant_trigger" for relation "trade_instance" does not exist, skipping
migrate-1  | 2026-06-27T16:04:09.109225977Z DROP TRIGGER
migrate-1  | 2026-06-27T16:04:09.111063517Z CREATE TRIGGER
migrate-1  | 2026-06-27T16:04:09.111591449Z psql:distributed-backend/src/trade-settlement/migrations/0001_settlement_schema.sql:614: NOTICE:  trigger "item_stack_escrow_remaining_quantity_invariant_trigger" for relation "item_stack_escrow" does not exist, skipping
migrate-1  | 2026-06-27T16:04:09.111636514Z DROP TRIGGER
migrate-1  | 2026-06-27T16:04:09.113605287Z CREATE TRIGGER
migrate-1  | 2026-06-27T16:04:09.114365549Z DROP TRIGGER
migrate-1  | 2026-06-27T16:04:09.114385234Z psql:distributed-backend/src/trade-settlement/migrations/0001_settlement_schema.sql:621: NOTICE:  trigger "item_stack_projection_ledger_invariant_trigger" for relation "item_stack" does not exist, skipping
migrate-1  | 2026-06-27T16:04:09.116734326Z CREATE TRIGGER
migrate-1  | 2026-06-27T16:04:09.117852202Z psql:distributed-backend/src/trade-settlement/migrations/0001_settlement_schema.sql:628: NOTICE:  trigger "item_stack_ledger_projection_invariant_trigger" for relation "item_stack_ledger" does not exist, skipping
migrate-1  | 2026-06-27T16:04:09.117855105Z DROP TRIGGER
migrate-1  | 2026-06-27T16:04:09.119373407Z CREATE TRIGGER
migrate-1  | 2026-06-27T16:04:09.121681281Z CREATE FUNCTION
migrate-1  | 2026-06-27T16:04:09.124150160Z CREATE FUNCTION
migrate-1  | 2026-06-27T16:04:09.124738807Z psql:distributed-backend/src/trade-settlement/migrations/0001_settlement_schema.sql:687: NOTICE:  trigger "trade_instance_wallet_escrow_closed_state_trigger" for relation "trade_instance" does not exist, skipping
migrate-1  | 2026-06-27T16:04:09.124757195Z DROP TRIGGER
migrate-1  | 2026-06-27T16:04:09.126459636Z CREATE TRIGGER
migrate-1  | 2026-06-27T16:04:09.126891624Z psql:distributed-backend/src/trade-settlement/migrations/0001_settlement_schema.sql:694: NOTICE:  trigger "wallet_escrow_closed_trade_invariant_trigger" for relation "wallet_escrow" does not exist, skipping
migrate-1  | 2026-06-27T16:04:09.126888693Z DROP TRIGGER
migrate-1  | 2026-06-27T16:04:09.129140019Z CREATE TRIGGER
migrate-1  | 2026-06-27T16:10:26.731407007Z  ?column? 
migrate-1  | 2026-06-27T16:10:26.731968832Z ----------
migrate-1  | 2026-06-27T16:10:26.731980211Z         1
migrate-1  | 2026-06-27T16:10:26.731983610Z (1 row)
migrate-1  | 2026-06-27T16:10:26.731986358Z 
migrate-1  | 2026-06-27T16:10:26.807904807Z NOTICE:  drop cascades to 27 other objects
migrate-1  | 2026-06-27T16:10:26.807939958Z DETAIL:  drop cascades to extension pgcrypto
migrate-1  | 2026-06-27T16:10:26.807943852Z drop cascades to function compute_item_stack_ledger_payload_hash(uuid,uuid,bigint,bigint,bigint,bigint,text,bigint,bigint,bigint,text,text,bigint,bigint,text,text)
migrate-1  | 2026-06-27T16:10:26.807947125Z drop cascades to function compute_item_stack_ledger_hash(text,text)
migrate-1  | 2026-06-27T16:10:26.807949743Z drop cascades to table capsuleer
migrate-1  | 2026-06-27T16:10:26.807952248Z drop cascades to table region
migrate-1  | 2026-06-27T16:10:26.807954861Z drop cascades to table station
migrate-1  | 2026-06-27T16:10:26.807962032Z drop cascades to table item_type
migrate-1  | 2026-06-27T16:10:26.807965387Z drop cascades to table idempotency_record
migrate-1  | 2026-06-27T16:10:26.807968095Z drop cascades to table request_attempt
migrate-1  | 2026-06-27T16:10:26.807970613Z drop cascades to table settlement_batch
migrate-1  | 2026-06-27T16:10:26.807973209Z drop cascades to table settlement_step
migrate-1  | 2026-06-27T16:10:26.807975971Z drop cascades to table wallet
migrate-1  | 2026-06-27T16:10:26.807978396Z drop cascades to table item_stack
migrate-1  | 2026-06-27T16:10:26.807980869Z drop cascades to table trade_instance
migrate-1  | 2026-06-27T16:10:26.807986642Z drop cascades to table wallet_escrow
migrate-1  | 2026-06-27T16:10:26.807990584Z drop cascades to table item_stack_escrow
migrate-1  | 2026-06-27T16:10:26.807993221Z drop cascades to table wallet_ledger
migrate-1  | 2026-06-27T16:10:26.807995913Z drop cascades to table item_stack_ledger
migrate-1  | 2026-06-27T16:10:26.807998684Z drop cascades to function reject_ledger_mutation()
migrate-1  | 2026-06-27T16:10:26.808001253Z drop cascades to function enforce_item_stack_ledger_insert_integrity()
migrate-1  | 2026-06-27T16:10:26.808018035Z drop cascades to function check_item_stack_ledger_projection_invariant(uuid)
migrate-1  | 2026-06-27T16:10:26.808020343Z drop cascades to function enforce_item_stack_ledger_projection_invariant()
migrate-1  | 2026-06-27T16:10:26.808022254Z drop cascades to table trade_state_change
migrate-1  | 2026-06-27T16:10:26.808024033Z drop cascades to function check_trade_remaining_quantity_invariant(uuid)
migrate-1  | 2026-06-27T16:10:26.808026095Z drop cascades to function enforce_trade_remaining_quantity_invariant()
migrate-1  | 2026-06-27T16:10:26.808030349Z drop cascades to function check_trade_wallet_escrow_closed_state_invariant(uuid)
migrate-1  | 2026-06-27T16:10:26.808032391Z drop cascades to function enforce_trade_wallet_escrow_closed_state_invariant()
migrate-1  | 2026-06-27T16:10:26.858303817Z DROP SCHEMA
migrate-1  | 2026-06-27T16:10:26.858422490Z CREATE SCHEMA
migrate-1  | 2026-06-27T16:10:26.975776909Z CREATE EXTENSION
migrate-1  | 2026-06-27T16:10:26.983849726Z CREATE FUNCTION
migrate-1  | 2026-06-27T16:10:26.988568063Z CREATE FUNCTION
migrate-1  | 2026-06-27T16:10:27.016634708Z CREATE TABLE
migrate-1  | 2026-06-27T16:10:27.038093947Z CREATE TABLE
migrate-1  | 2026-06-27T16:10:27.063489736Z CREATE TABLE
migrate-1  | 2026-06-27T16:10:27.087778215Z CREATE TABLE
migrate-1  | 2026-06-27T16:10:27.112842616Z CREATE TABLE
migrate-1  | 2026-06-27T16:10:27.148699678Z CREATE TABLE
migrate-1  | 2026-06-27T16:10:27.174654700Z CREATE TABLE
migrate-1  | 2026-06-27T16:10:27.175260115Z psql:distributed-backend/src/trade-settlement/migrations/0001_settlement_schema.sql:149: NOTICE:  constraint "idempotency_record_result_batch_fk" of relation "idempotency_record" does not exist, skipping
migrate-1  | 2026-06-27T16:10:27.179741109Z ALTER TABLE
migrate-1  | 2026-06-27T16:10:27.186075390Z ALTER TABLE
migrate-1  | 2026-06-27T16:10:27.219352141Z CREATE TABLE
migrate-1  | 2026-06-27T16:10:27.219653186Z psql:distributed-backend/src/trade-settlement/migrations/0001_settlement_schema.sql:173: NOTICE:  column "step_output" of relation "settlement_step" already exists, skipping
migrate-1  | 2026-06-27T16:10:27.224761119Z ALTER TABLE
migrate-1  | 2026-06-27T16:10:27.249015701Z CREATE TABLE
migrate-1  | 2026-06-27T16:10:27.272249552Z CREATE TABLE
migrate-1  | 2026-06-27T16:10:27.297623267Z CREATE TABLE
migrate-1  | 2026-06-27T16:10:27.324313511Z CREATE TABLE
migrate-1  | 2026-06-27T16:10:27.345282700Z CREATE TABLE
migrate-1  | 2026-06-27T16:10:27.370228782Z CREATE TABLE
migrate-1  | 2026-06-27T16:10:27.395875836Z CREATE TABLE
migrate-1  | 2026-06-27T16:10:27.403675852Z CREATE FUNCTION
migrate-1  | 2026-06-27T16:10:27.407816604Z ALTER TABLE
migrate-1  | 2026-06-27T16:10:27.413512174Z ALTER TABLE
migrate-1  | 2026-06-27T16:10:27.418750675Z ALTER TABLE
migrate-1  | 2026-06-27T16:10:27.425523556Z ALTER TABLE
migrate-1  | 2026-06-27T16:10:27.430835319Z ALTER TABLE
migrate-1  | 2026-06-27T16:10:27.436325516Z ALTER TABLE
migrate-1  | 2026-06-27T16:10:27.448391807Z CREATE FUNCTION
migrate-1  | 2026-06-27T16:10:27.454411887Z CREATE FUNCTION
migrate-1  | 2026-06-27T16:10:27.458768123Z CREATE FUNCTION
migrate-1  | 2026-06-27T16:10:27.459142045Z psql:distributed-backend/src/trade-settlement/migrations/0001_settlement_schema.sql:498: NOTICE:  trigger "wallet_ledger_append_only_trigger" for relation "wallet_ledger" does not exist, skipping
migrate-1  | 2026-06-27T16:10:27.459202981Z DROP TRIGGER
migrate-1  | 2026-06-27T16:10:27.470347050Z CREATE TRIGGER
migrate-1  | 2026-06-27T16:10:27.470816293Z psql:distributed-backend/src/trade-settlement/migrations/0001_settlement_schema.sql:504: NOTICE:  trigger "item_stack_ledger_append_only_trigger" for relation "item_stack_ledger" does not exist, skipping
migrate-1  | 2026-06-27T16:10:27.470910298Z DROP TRIGGER
migrate-1  | 2026-06-27T16:10:27.475296578Z CREATE TRIGGER
migrate-1  | 2026-06-27T16:10:27.475647547Z psql:distributed-backend/src/trade-settlement/migrations/0001_settlement_schema.sql:510: NOTICE:  trigger "item_stack_ledger_insert_integrity_trigger" for relation "item_stack_ledger" does not exist, skipping
migrate-1  | 2026-06-27T16:10:27.475650571Z DROP TRIGGER
migrate-1  | 2026-06-27T16:10:27.483047601Z CREATE TRIGGER
migrate-1  | 2026-06-27T16:10:27.510626070Z CREATE TABLE
migrate-1  | 2026-06-27T16:10:27.524749560Z CREATE INDEX
migrate-1  | 2026-06-27T16:10:27.538773627Z CREATE INDEX
migrate-1  | 2026-06-27T16:10:27.554337653Z CREATE INDEX
migrate-1  | 2026-06-27T16:10:27.568367335Z CREATE INDEX
migrate-1  | 2026-06-27T16:10:27.591010204Z CREATE INDEX
migrate-1  | 2026-06-27T16:10:27.611732560Z CREATE INDEX
migrate-1  | 2026-06-27T16:10:27.643586882Z CREATE INDEX
migrate-1  | 2026-06-27T16:10:27.659679168Z CREATE INDEX
migrate-1  | 2026-06-27T16:10:27.676304371Z CREATE INDEX
migrate-1  | 2026-06-27T16:10:27.693999511Z CREATE INDEX
migrate-1  | 2026-06-27T16:10:27.699513436Z CREATE INDEX
migrate-1  | 2026-06-27T16:10:27.706468645Z CREATE INDEX
migrate-1  | 2026-06-27T16:10:27.709773256Z CREATE FUNCTION
migrate-1  | 2026-06-27T16:10:27.712459053Z CREATE FUNCTION
migrate-1  | 2026-06-27T16:10:27.712914324Z DROP TRIGGER
migrate-1  | 2026-06-27T16:10:27.712923813Z psql:distributed-backend/src/trade-settlement/migrations/0001_settlement_schema.sql:607: NOTICE:  trigger "trade_instance_remaining_quantity_invariant_trigger" for relation "trade_instance" does not exist, skipping
migrate-1  | 2026-06-27T16:10:27.714715881Z CREATE TRIGGER
migrate-1  | 2026-06-27T16:10:27.715189861Z psql:distributed-backend/src/trade-settlement/migrations/0001_settlement_schema.sql:614: NOTICE:  trigger "item_stack_escrow_remaining_quantity_invariant_trigger" for relation "item_stack_escrow" does not exist, skipping
migrate-1  | 2026-06-27T16:10:27.715201723Z DROP TRIGGER
migrate-1  | 2026-06-27T16:10:27.716659346Z CREATE TRIGGER
migrate-1  | 2026-06-27T16:10:27.716949590Z DROP TRIGGER
migrate-1  | 2026-06-27T16:10:27.716968711Z psql:distributed-backend/src/trade-settlement/migrations/0001_settlement_schema.sql:621: NOTICE:  trigger "item_stack_projection_ledger_invariant_trigger" for relation "item_stack" does not exist, skipping
migrate-1  | 2026-06-27T16:10:27.718866219Z CREATE TRIGGER
migrate-1  | 2026-06-27T16:10:27.719123548Z psql:distributed-backend/src/trade-settlement/migrations/0001_settlement_schema.sql:628: NOTICE:  trigger "item_stack_ledger_projection_invariant_trigger" for relation "item_stack_ledger" does not exist, skipping
migrate-1  | 2026-06-27T16:10:27.719163582Z DROP TRIGGER
migrate-1  | 2026-06-27T16:10:27.720286670Z CREATE TRIGGER
migrate-1  | 2026-06-27T16:10:27.722501652Z CREATE FUNCTION
migrate-1  | 2026-06-27T16:10:27.724554176Z CREATE FUNCTION
migrate-1  | 2026-06-27T16:10:27.724892723Z psql:distributed-backend/src/trade-settlement/migrations/0001_settlement_schema.sql:687: NOTICE:  trigger "trade_instance_wallet_escrow_closed_state_trigger" for relation "trade_instance" does not exist, skipping
migrate-1  | 2026-06-27T16:10:27.724919786Z DROP TRIGGER
migrate-1  | 2026-06-27T16:10:27.726602632Z CREATE TRIGGER
migrate-1  | 2026-06-27T16:10:27.726933895Z psql:distributed-backend/src/trade-settlement/migrations/0001_settlement_schema.sql:694: NOTICE:  trigger "wallet_escrow_closed_trade_invariant_trigger" for relation "wallet_escrow" does not exist, skipping
migrate-1  | 2026-06-27T16:10:27.726977296Z DROP TRIGGER
migrate-1  | 2026-06-27T16:10:27.729755600Z CREATE TRIGGER
migrate-1  | 2026-06-27T16:10:34.822986325Z  ?column? 
migrate-1  | 2026-06-27T16:10:34.823030580Z ----------
migrate-1  | 2026-06-27T16:10:34.823035223Z         1
migrate-1  | 2026-06-27T16:10:34.823037963Z (1 row)
migrate-1  | 2026-06-27T16:10:34.823042164Z 
migrate-1  | 2026-06-27T16:10:34.881607420Z NOTICE:  drop cascades to 27 other objects
migrate-1  | 2026-06-27T16:10:34.881630956Z DETAIL:  drop cascades to extension pgcrypto
migrate-1  | 2026-06-27T16:10:34.881633188Z drop cascades to function compute_item_stack_ledger_payload_hash(uuid,uuid,bigint,bigint,bigint,bigint,text,bigint,bigint,bigint,text,text,bigint,bigint,text,text)
migrate-1  | 2026-06-27T16:10:34.881635078Z drop cascades to function compute_item_stack_ledger_hash(text,text)
migrate-1  | 2026-06-27T16:10:34.881636757Z drop cascades to table capsuleer
migrate-1  | 2026-06-27T16:10:34.881638402Z drop cascades to table region
migrate-1  | 2026-06-27T16:10:34.881641142Z drop cascades to table station
migrate-1  | 2026-06-27T16:10:34.881643885Z drop cascades to table item_type
migrate-1  | 2026-06-27T16:10:34.881646567Z drop cascades to table idempotency_record
migrate-1  | 2026-06-27T16:10:34.881649040Z drop cascades to table request_attempt
migrate-1  | 2026-06-27T16:10:34.881651463Z drop cascades to table settlement_batch
migrate-1  | 2026-06-27T16:10:34.881654062Z drop cascades to table settlement_step
migrate-1  | 2026-06-27T16:10:34.881656644Z drop cascades to table wallet
migrate-1  | 2026-06-27T16:10:34.881659022Z drop cascades to table item_stack
migrate-1  | 2026-06-27T16:10:34.881661635Z drop cascades to table trade_instance
migrate-1  | 2026-06-27T16:10:34.881664123Z drop cascades to table wallet_escrow
migrate-1  | 2026-06-27T16:10:34.881666765Z drop cascades to table item_stack_escrow
migrate-1  | 2026-06-27T16:10:34.881669405Z drop cascades to table wallet_ledger
migrate-1  | 2026-06-27T16:10:34.881672205Z drop cascades to table item_stack_ledger
migrate-1  | 2026-06-27T16:10:34.881685854Z drop cascades to function reject_ledger_mutation()
migrate-1  | 2026-06-27T16:10:34.881688283Z drop cascades to function enforce_item_stack_ledger_insert_integrity()
migrate-1  | 2026-06-27T16:10:34.881690839Z drop cascades to function check_item_stack_ledger_projection_invariant(uuid)
migrate-1  | 2026-06-27T16:10:34.881692935Z drop cascades to function enforce_item_stack_ledger_projection_invariant()
migrate-1  | 2026-06-27T16:10:34.881694961Z drop cascades to table trade_state_change
migrate-1  | 2026-06-27T16:10:34.881696929Z drop cascades to function check_trade_remaining_quantity_invariant(uuid)
migrate-1  | 2026-06-27T16:10:34.881698927Z drop cascades to function enforce_trade_remaining_quantity_invariant()
migrate-1  | 2026-06-27T16:10:34.881701004Z drop cascades to function check_trade_wallet_escrow_closed_state_invariant(uuid)
migrate-1  | 2026-06-27T16:10:34.881703043Z drop cascades to function enforce_trade_wallet_escrow_closed_state_invariant()
migrate-1  | 2026-06-27T16:10:34.907336045Z DROP SCHEMA
migrate-1  | 2026-06-27T16:10:34.907360761Z CREATE SCHEMA
migrate-1  | 2026-06-27T16:10:34.964894341Z CREATE EXTENSION
migrate-1  | 2026-06-27T16:10:34.969630313Z CREATE FUNCTION
migrate-1  | 2026-06-27T16:10:34.971446451Z CREATE FUNCTION
migrate-1  | 2026-06-27T16:10:34.979376757Z CREATE TABLE
migrate-1  | 2026-06-27T16:10:34.987223251Z CREATE TABLE
migrate-1  | 2026-06-27T16:10:34.994888862Z CREATE TABLE
migrate-1  | 2026-06-27T16:10:35.001070178Z CREATE TABLE
migrate-1  | 2026-06-27T16:10:35.007572834Z CREATE TABLE
migrate-1  | 2026-06-27T16:10:35.016269125Z CREATE TABLE
migrate-1  | 2026-06-27T16:10:35.024587980Z CREATE TABLE
migrate-1  | 2026-06-27T16:10:35.025072486Z psql:distributed-backend/src/trade-settlement/migrations/0001_settlement_schema.sql:149: NOTICE:  constraint "idempotency_record_result_batch_fk" of relation "idempotency_record" does not exist, skipping
migrate-1  | 2026-06-27T16:10:35.025924435Z ALTER TABLE
migrate-1  | 2026-06-27T16:10:35.028462332Z ALTER TABLE
migrate-1  | 2026-06-27T16:10:35.037700902Z CREATE TABLE
migrate-1  | 2026-06-27T16:10:35.038044516Z psql:distributed-backend/src/trade-settlement/migrations/0001_settlement_schema.sql:173: NOTICE:  column "step_output" of relation "settlement_step" already exists, skipping
migrate-1  | 2026-06-27T16:10:35.038959598Z ALTER TABLE
migrate-1  | 2026-06-27T16:10:35.047911268Z CREATE TABLE
migrate-1  | 2026-06-27T16:10:35.056860802Z CREATE TABLE
migrate-1  | 2026-06-27T16:10:35.065989228Z CREATE TABLE
migrate-1  | 2026-06-27T16:10:35.072963522Z CREATE TABLE
migrate-1  | 2026-06-27T16:10:35.079811088Z CREATE TABLE
migrate-1  | 2026-06-27T16:10:35.089475379Z CREATE TABLE
migrate-1  | 2026-06-27T16:10:35.100986128Z CREATE TABLE
migrate-1  | 2026-06-27T16:10:35.103175928Z CREATE FUNCTION
migrate-1  | 2026-06-27T16:10:35.104636082Z ALTER TABLE
migrate-1  | 2026-06-27T16:10:35.105940892Z ALTER TABLE
migrate-1  | 2026-06-27T16:10:35.107302019Z ALTER TABLE
migrate-1  | 2026-06-27T16:10:35.109097526Z ALTER TABLE
migrate-1  | 2026-06-27T16:10:35.110667823Z ALTER TABLE
migrate-1  | 2026-06-27T16:10:35.112593146Z ALTER TABLE
migrate-1  | 2026-06-27T16:10:35.115357375Z CREATE FUNCTION
migrate-1  | 2026-06-27T16:10:35.117238745Z CREATE FUNCTION
migrate-1  | 2026-06-27T16:10:35.118832434Z CREATE FUNCTION
migrate-1  | 2026-06-27T16:10:35.119364150Z DROP TRIGGER
migrate-1  | 2026-06-27T16:10:35.119375443Z psql:distributed-backend/src/trade-settlement/migrations/0001_settlement_schema.sql:498: NOTICE:  trigger "wallet_ledger_append_only_trigger" for relation "wallet_ledger" does not exist, skipping
migrate-1  | 2026-06-27T16:10:35.120638424Z CREATE TRIGGER
migrate-1  | 2026-06-27T16:10:35.120898597Z psql:distributed-backend/src/trade-settlement/migrations/0001_settlement_schema.sql:504: NOTICE:  trigger "item_stack_ledger_append_only_trigger" for relation "item_stack_ledger" does not exist, skipping
migrate-1  | 2026-06-27T16:10:35.120899199Z DROP TRIGGER
migrate-1  | 2026-06-27T16:10:35.122001197Z CREATE TRIGGER
migrate-1  | 2026-06-27T16:10:35.122376965Z psql:distributed-backend/src/trade-settlement/migrations/0001_settlement_schema.sql:510: NOTICE:  trigger "item_stack_ledger_insert_integrity_trigger" for relation "item_stack_ledger" does not exist, skipping
migrate-1  | 2026-06-27T16:10:35.122378170Z DROP TRIGGER
migrate-1  | 2026-06-27T16:10:35.123366789Z CREATE TRIGGER
migrate-1  | 2026-06-27T16:10:35.132654880Z CREATE TABLE
migrate-1  | 2026-06-27T16:10:35.137016379Z CREATE INDEX
migrate-1  | 2026-06-27T16:10:35.141044531Z CREATE INDEX
migrate-1  | 2026-06-27T16:10:35.146253737Z CREATE INDEX
migrate-1  | 2026-06-27T16:10:35.150303414Z CREATE INDEX
migrate-1  | 2026-06-27T16:10:35.153979207Z CREATE INDEX
migrate-1  | 2026-06-27T16:10:35.161495072Z CREATE INDEX
migrate-1  | 2026-06-27T16:10:35.166262206Z CREATE INDEX
migrate-1  | 2026-06-27T16:10:35.171607625Z CREATE INDEX
migrate-1  | 2026-06-27T16:10:35.176867039Z CREATE INDEX
migrate-1  | 2026-06-27T16:10:35.182004821Z CREATE INDEX
migrate-1  | 2026-06-27T16:10:35.188504916Z CREATE INDEX
migrate-1  | 2026-06-27T16:10:35.193650721Z CREATE INDEX
migrate-1  | 2026-06-27T16:10:35.196197461Z CREATE FUNCTION
migrate-1  | 2026-06-27T16:10:35.198075938Z CREATE FUNCTION
migrate-1  | 2026-06-27T16:10:35.198377484Z psql:distributed-backend/src/trade-settlement/migrations/0001_settlement_schema.sql:607: NOTICE:  trigger "trade_instance_remaining_quantity_invariant_trigger" for relation "trade_instance" does not exist, skipping
migrate-1  | 2026-06-27T16:10:35.198421868Z DROP TRIGGER
migrate-1  | 2026-06-27T16:10:35.200459191Z CREATE TRIGGER
migrate-1  | 2026-06-27T16:10:35.201740474Z psql:distributed-backend/src/trade-settlement/migrations/0001_settlement_schema.sql:614: NOTICE:  trigger "item_stack_escrow_remaining_quantity_invariant_trigger" for relation "item_stack_escrow" does not exist, skipping
migrate-1  | 2026-06-27T16:10:35.201752163Z DROP TRIGGER
migrate-1  | 2026-06-27T16:10:35.203351307Z CREATE TRIGGER
migrate-1  | 2026-06-27T16:10:35.204065758Z DROP TRIGGER
migrate-1  | 2026-06-27T16:10:35.204098648Z psql:distributed-backend/src/trade-settlement/migrations/0001_settlement_schema.sql:621: NOTICE:  trigger "item_stack_projection_ledger_invariant_trigger" for relation "item_stack" does not exist, skipping
migrate-1  | 2026-06-27T16:10:35.206158551Z CREATE TRIGGER
migrate-1  | 2026-06-27T16:10:35.206483460Z psql:distributed-backend/src/trade-settlement/migrations/0001_settlement_schema.sql:628: NOTICE:  trigger "item_stack_ledger_projection_invariant_trigger" for relation "item_stack_ledger" does not exist, skipping
migrate-1  | 2026-06-27T16:10:35.206503674Z DROP TRIGGER
migrate-1  | 2026-06-27T16:10:35.208168129Z CREATE TRIGGER
migrate-1  | 2026-06-27T16:10:35.210369102Z CREATE FUNCTION
migrate-1  | 2026-06-27T16:10:35.213035795Z CREATE FUNCTION
migrate-1  | 2026-06-27T16:10:35.213125747Z psql:distributed-backend/src/trade-settlement/migrations/0001_settlement_schema.sql:687: NOTICE:  trigger "trade_instance_wallet_escrow_closed_state_trigger" for relation "trade_instance" does not exist, skipping
migrate-1  | 2026-06-27T16:10:35.213251615Z DROP TRIGGER
migrate-1  | 2026-06-27T16:10:35.214428994Z CREATE TRIGGER
migrate-1  | 2026-06-27T16:10:35.214802312Z DROP TRIGGER
migrate-1  | 2026-06-27T16:10:35.214884898Z psql:distributed-backend/src/trade-settlement/migrations/0001_settlement_schema.sql:694: NOTICE:  trigger "wallet_escrow_closed_trade_invariant_trigger" for relation "wallet_escrow" does not exist, skipping
migrate-1  | 2026-06-27T16:10:35.216285397Z CREATE TRIGGER
migrate-1  | 2026-06-27T16:15:43.818133283Z  ?column? 
migrate-1  | 2026-06-27T16:15:43.818818800Z ----------
migrate-1  | 2026-06-27T16:15:43.818833638Z         1
migrate-1  | 2026-06-27T16:15:43.818838531Z (1 row)
migrate-1  | 2026-06-27T16:15:43.818842715Z 
migrate-1  | 2026-06-27T16:15:43.878483122Z NOTICE:  drop cascades to 27 other objects
migrate-1  | 2026-06-27T16:15:43.878512321Z DETAIL:  drop cascades to extension pgcrypto
migrate-1  | 2026-06-27T16:15:43.878516601Z drop cascades to function compute_item_stack_ledger_payload_hash(uuid,uuid,bigint,bigint,bigint,bigint,text,bigint,bigint,bigint,text,text,bigint,bigint,text,text)
migrate-1  | 2026-06-27T16:15:43.878520053Z drop cascades to function compute_item_stack_ledger_hash(text,text)
migrate-1  | 2026-06-27T16:15:43.878522990Z drop cascades to table capsuleer
migrate-1  | 2026-06-27T16:15:43.878524843Z drop cascades to table region
migrate-1  | 2026-06-27T16:15:43.878526497Z drop cascades to table station
migrate-1  | 2026-06-27T16:15:43.878528118Z drop cascades to table item_type
migrate-1  | 2026-06-27T16:15:43.878529895Z drop cascades to table idempotency_record
migrate-1  | 2026-06-27T16:15:43.878531565Z drop cascades to table request_attempt
migrate-1  | 2026-06-27T16:15:43.878533558Z drop cascades to table settlement_batch
migrate-1  | 2026-06-27T16:15:43.878536297Z drop cascades to table settlement_step
migrate-1  | 2026-06-27T16:15:43.878539122Z drop cascades to table wallet
migrate-1  | 2026-06-27T16:15:43.878541874Z drop cascades to table item_stack
migrate-1  | 2026-06-27T16:15:43.878544420Z drop cascades to table trade_instance
migrate-1  | 2026-06-27T16:15:43.878546976Z drop cascades to table wallet_escrow
migrate-1  | 2026-06-27T16:15:43.878563144Z drop cascades to table item_stack_escrow
migrate-1  | 2026-06-27T16:15:43.878565440Z drop cascades to table wallet_ledger
migrate-1  | 2026-06-27T16:15:43.878567556Z drop cascades to table item_stack_ledger
migrate-1  | 2026-06-27T16:15:43.878569483Z drop cascades to function reject_ledger_mutation()
migrate-1  | 2026-06-27T16:15:43.878571688Z drop cascades to function enforce_item_stack_ledger_insert_integrity()
migrate-1  | 2026-06-27T16:15:43.878574100Z drop cascades to function check_item_stack_ledger_projection_invariant(uuid)
migrate-1  | 2026-06-27T16:15:43.878576478Z drop cascades to function enforce_item_stack_ledger_projection_invariant()
migrate-1  | 2026-06-27T16:15:43.878578798Z drop cascades to table trade_state_change
migrate-1  | 2026-06-27T16:15:43.878580850Z drop cascades to function check_trade_remaining_quantity_invariant(uuid)
migrate-1  | 2026-06-27T16:15:43.878583196Z drop cascades to function enforce_trade_remaining_quantity_invariant()
migrate-1  | 2026-06-27T16:15:43.878585601Z drop cascades to function check_trade_wallet_escrow_closed_state_invariant(uuid)
migrate-1  | 2026-06-27T16:15:43.878587891Z drop cascades to function enforce_trade_wallet_escrow_closed_state_invariant()
migrate-1  | 2026-06-27T16:15:43.977599688Z DROP SCHEMA
migrate-1  | 2026-06-27T16:15:43.977619763Z CREATE SCHEMA
migrate-1  | 2026-06-27T16:15:44.049204126Z CREATE EXTENSION
migrate-1  | 2026-06-27T16:15:44.061311303Z CREATE FUNCTION
migrate-1  | 2026-06-27T16:15:44.072151948Z CREATE FUNCTION
migrate-1  | 2026-06-27T16:15:44.173380161Z CREATE TABLE
migrate-1  | 2026-06-27T16:15:44.260299204Z CREATE TABLE
migrate-1  | 2026-06-27T16:15:44.309020938Z CREATE TABLE
migrate-1  | 2026-06-27T16:15:44.400454576Z CREATE TABLE
migrate-1  | 2026-06-27T16:15:44.505891910Z CREATE TABLE
migrate-1  | 2026-06-27T16:15:44.633319388Z CREATE TABLE
migrate-1  | 2026-06-27T16:15:44.683251616Z CREATE TABLE
migrate-1  | 2026-06-27T16:15:44.684420484Z psql:distributed-backend/src/trade-settlement/migrations/0001_settlement_schema.sql:149: NOTICE:  constraint "idempotency_record_result_batch_fk" of relation "idempotency_record" does not exist, skipping
migrate-1  | 2026-06-27T16:15:44.689922793Z ALTER TABLE
migrate-1  | 2026-06-27T16:15:44.712161380Z ALTER TABLE
migrate-1  | 2026-06-27T16:15:44.776007319Z CREATE TABLE
migrate-1  | 2026-06-27T16:15:44.776393823Z psql:distributed-backend/src/trade-settlement/migrations/0001_settlement_schema.sql:173: NOTICE:  column "step_output" of relation "settlement_step" already exists, skipping
migrate-1  | 2026-06-27T16:15:44.784974152Z ALTER TABLE
migrate-1  | 2026-06-27T16:15:44.830366612Z CREATE TABLE
migrate-1  | 2026-06-27T16:15:44.877019018Z CREATE TABLE
migrate-1  | 2026-06-27T16:15:44.938493589Z CREATE TABLE
migrate-1  | 2026-06-27T16:15:44.976645990Z CREATE TABLE
migrate-1  | 2026-06-27T16:15:45.011411962Z CREATE TABLE
migrate-1  | 2026-06-27T16:15:45.084030054Z CREATE TABLE
migrate-1  | 2026-06-27T16:15:45.142051664Z CREATE TABLE
migrate-1  | 2026-06-27T16:15:45.158537798Z CREATE FUNCTION
migrate-1  | 2026-06-27T16:15:45.163612592Z ALTER TABLE
migrate-1  | 2026-06-27T16:15:45.172005804Z ALTER TABLE
migrate-1  | 2026-06-27T16:15:45.178429838Z ALTER TABLE
migrate-1  | 2026-06-27T16:15:45.185844140Z ALTER TABLE
migrate-1  | 2026-06-27T16:15:45.193400265Z ALTER TABLE
migrate-1  | 2026-06-27T16:15:45.201421754Z ALTER TABLE
migrate-1  | 2026-06-27T16:15:45.208902208Z CREATE FUNCTION
migrate-1  | 2026-06-27T16:15:45.216903953Z CREATE FUNCTION
migrate-1  | 2026-06-27T16:15:45.223853389Z CREATE FUNCTION
migrate-1  | 2026-06-27T16:15:45.224395002Z DROP TRIGGER
migrate-1  | 2026-06-27T16:15:45.224420585Z psql:distributed-backend/src/trade-settlement/migrations/0001_settlement_schema.sql:498: NOTICE:  trigger "wallet_ledger_append_only_trigger" for relation "wallet_ledger" does not exist, skipping
migrate-1  | 2026-06-27T16:15:45.242437954Z CREATE TRIGGER
migrate-1  | 2026-06-27T16:15:45.242867458Z DROP TRIGGER
migrate-1  | 2026-06-27T16:15:45.242868824Z psql:distributed-backend/src/trade-settlement/migrations/0001_settlement_schema.sql:504: NOTICE:  trigger "item_stack_ledger_append_only_trigger" for relation "item_stack_ledger" does not exist, skipping
migrate-1  | 2026-06-27T16:15:45.250064216Z CREATE TRIGGER
migrate-1  | 2026-06-27T16:15:45.250506195Z DROP TRIGGER
migrate-1  | 2026-06-27T16:15:45.250553633Z psql:distributed-backend/src/trade-settlement/migrations/0001_settlement_schema.sql:510: NOTICE:  trigger "item_stack_ledger_insert_integrity_trigger" for relation "item_stack_ledger" does not exist, skipping
migrate-1  | 2026-06-27T16:15:45.266426446Z CREATE TRIGGER
migrate-1  | 2026-06-27T16:15:45.321066282Z CREATE TABLE
migrate-1  | 2026-06-27T16:15:45.338264395Z CREATE INDEX
migrate-1  | 2026-06-27T16:15:45.357009921Z CREATE INDEX
migrate-1  | 2026-06-27T16:15:45.384213401Z CREATE INDEX
migrate-1  | 2026-06-27T16:15:45.452458202Z CREATE INDEX
migrate-1  | 2026-06-27T16:15:45.475684354Z CREATE INDEX
migrate-1  | 2026-06-27T16:15:45.495261608Z CREATE INDEX
migrate-1  | 2026-06-27T16:15:45.546261792Z CREATE INDEX
migrate-1  | 2026-06-27T16:15:45.563979336Z CREATE INDEX
migrate-1  | 2026-06-27T16:15:45.582656013Z CREATE INDEX
migrate-1  | 2026-06-27T16:15:45.601054761Z CREATE INDEX
migrate-1  | 2026-06-27T16:15:45.618434723Z CREATE INDEX
migrate-1  | 2026-06-27T16:15:45.635234826Z CREATE INDEX
migrate-1  | 2026-06-27T16:15:45.642295358Z CREATE FUNCTION
migrate-1  | 2026-06-27T16:15:45.649176836Z CREATE FUNCTION
migrate-1  | 2026-06-27T16:15:45.649395365Z DROP TRIGGER
migrate-1  | 2026-06-27T16:15:45.649422116Z psql:distributed-backend/src/trade-settlement/migrations/0001_settlement_schema.sql:607: NOTICE:  trigger "trade_instance_remaining_quantity_invariant_trigger" for relation "trade_instance" does not exist, skipping
migrate-1  | 2026-06-27T16:15:45.654855299Z CREATE TRIGGER
migrate-1  | 2026-06-27T16:15:45.655362749Z psql:distributed-backend/src/trade-settlement/migrations/0001_settlement_schema.sql:614: NOTICE:  trigger "item_stack_escrow_remaining_quantity_invariant_trigger" for relation "item_stack_escrow" does not exist, skipping
migrate-1  | 2026-06-27T16:15:45.655369858Z DROP TRIGGER
migrate-1  | 2026-06-27T16:15:45.660526402Z CREATE TRIGGER
migrate-1  | 2026-06-27T16:15:45.660754027Z DROP TRIGGER
migrate-1  | 2026-06-27T16:15:45.660776967Z psql:distributed-backend/src/trade-settlement/migrations/0001_settlement_schema.sql:621: NOTICE:  trigger "item_stack_projection_ledger_invariant_trigger" for relation "item_stack" does not exist, skipping
migrate-1  | 2026-06-27T16:15:45.669168361Z CREATE TRIGGER
migrate-1  | 2026-06-27T16:15:45.669514860Z DROP TRIGGER
migrate-1  | 2026-06-27T16:15:45.669577781Z psql:distributed-backend/src/trade-settlement/migrations/0001_settlement_schema.sql:628: NOTICE:  trigger "item_stack_ledger_projection_invariant_trigger" for relation "item_stack_ledger" does not exist, skipping
migrate-1  | 2026-06-27T16:15:45.676149366Z CREATE TRIGGER
migrate-1  | 2026-06-27T16:15:45.683553862Z CREATE FUNCTION
migrate-1  | 2026-06-27T16:15:45.690892355Z CREATE FUNCTION
migrate-1  | 2026-06-27T16:15:45.691168933Z DROP TRIGGER
migrate-1  | 2026-06-27T16:15:45.691183094Z psql:distributed-backend/src/trade-settlement/migrations/0001_settlement_schema.sql:687: NOTICE:  trigger "trade_instance_wallet_escrow_closed_state_trigger" for relation "trade_instance" does not exist, skipping
migrate-1  | 2026-06-27T16:15:45.701207503Z CREATE TRIGGER
migrate-1  | 2026-06-27T16:15:45.701470933Z psql:distributed-backend/src/trade-settlement/migrations/0001_settlement_schema.sql:694: NOTICE:  trigger "wallet_escrow_closed_trade_invariant_trigger" for relation "wallet_escrow" does not exist, skipping
migrate-1  | 2026-06-27T16:15:45.701513565Z DROP TRIGGER
migrate-1  | 2026-06-27T16:15:45.713171109Z CREATE TRIGGER
migrate-1  | 2026-06-27T16:15:57.726205704Z  ?column? 
migrate-1  | 2026-06-27T16:15:57.726239066Z ----------
migrate-1  | 2026-06-27T16:15:57.726242204Z         1
migrate-1  | 2026-06-27T16:15:57.726244575Z (1 row)
migrate-1  | 2026-06-27T16:15:57.726246839Z 
migrate-1  | 2026-06-27T16:15:57.794057796Z NOTICE:  drop cascades to 27 other objects
migrate-1  | 2026-06-27T16:15:57.794091368Z DETAIL:  drop cascades to extension pgcrypto
migrate-1  | 2026-06-27T16:15:57.794095821Z drop cascades to function compute_item_stack_ledger_payload_hash(uuid,uuid,bigint,bigint,bigint,bigint,text,bigint,bigint,bigint,text,text,bigint,bigint,text,text)
migrate-1  | 2026-06-27T16:15:57.794099728Z drop cascades to function compute_item_stack_ledger_hash(text,text)
migrate-1  | 2026-06-27T16:15:57.794103095Z drop cascades to table capsuleer
migrate-1  | 2026-06-27T16:15:57.794114576Z drop cascades to table region
migrate-1  | 2026-06-27T16:15:57.794117799Z drop cascades to table station
migrate-1  | 2026-06-27T16:15:57.794121057Z drop cascades to table item_type
migrate-1  | 2026-06-27T16:15:57.794124128Z drop cascades to table idempotency_record
migrate-1  | 2026-06-27T16:15:57.794127564Z drop cascades to table request_attempt
migrate-1  | 2026-06-27T16:15:57.794130819Z drop cascades to table settlement_batch
migrate-1  | 2026-06-27T16:15:57.794133923Z drop cascades to table settlement_step
migrate-1  | 2026-06-27T16:15:57.794137083Z drop cascades to table wallet
migrate-1  | 2026-06-27T16:15:57.794140498Z drop cascades to table item_stack
migrate-1  | 2026-06-27T16:15:57.794156318Z drop cascades to table trade_instance
migrate-1  | 2026-06-27T16:15:57.794159015Z drop cascades to table wallet_escrow
migrate-1  | 2026-06-27T16:15:57.794161520Z drop cascades to table item_stack_escrow
migrate-1  | 2026-06-27T16:15:57.794164173Z drop cascades to table wallet_ledger
migrate-1  | 2026-06-27T16:15:57.794166718Z drop cascades to table item_stack_ledger
migrate-1  | 2026-06-27T16:15:57.794169109Z drop cascades to function reject_ledger_mutation()
migrate-1  | 2026-06-27T16:15:57.794171641Z drop cascades to function enforce_item_stack_ledger_insert_integrity()
migrate-1  | 2026-06-27T16:15:57.794174099Z drop cascades to function check_item_stack_ledger_projection_invariant(uuid)
migrate-1  | 2026-06-27T16:15:57.794176639Z drop cascades to function enforce_item_stack_ledger_projection_invariant()
migrate-1  | 2026-06-27T16:15:57.794179236Z drop cascades to table trade_state_change
migrate-1  | 2026-06-27T16:15:57.794181802Z drop cascades to function check_trade_remaining_quantity_invariant(uuid)
migrate-1  | 2026-06-27T16:15:57.794184344Z drop cascades to function enforce_trade_remaining_quantity_invariant()
migrate-1  | 2026-06-27T16:15:57.794189544Z drop cascades to function check_trade_wallet_escrow_closed_state_invariant(uuid)
migrate-1  | 2026-06-27T16:15:57.794192239Z drop cascades to function enforce_trade_wallet_escrow_closed_state_invariant()
migrate-1  | 2026-06-27T16:15:57.857205640Z DROP SCHEMA
migrate-1  | 2026-06-27T16:15:57.857229842Z CREATE SCHEMA
migrate-1  | 2026-06-27T16:15:57.920673555Z CREATE EXTENSION
migrate-1  | 2026-06-27T16:15:57.927767608Z CREATE FUNCTION
migrate-1  | 2026-06-27T16:15:57.941257606Z CREATE FUNCTION
migrate-1  | 2026-06-27T16:15:57.993187140Z CREATE TABLE
migrate-1  | 2026-06-27T16:15:58.042024382Z CREATE TABLE
migrate-1  | 2026-06-27T16:15:58.113574081Z CREATE TABLE
migrate-1  | 2026-06-27T16:15:58.159992717Z CREATE TABLE
migrate-1  | 2026-06-27T16:15:58.203947492Z CREATE TABLE
migrate-1  | 2026-06-27T16:15:58.268233057Z CREATE TABLE
migrate-1  | 2026-06-27T16:15:58.329942644Z CREATE TABLE
migrate-1  | 2026-06-27T16:15:58.335821008Z psql:distributed-backend/src/trade-settlement/migrations/0001_settlement_schema.sql:149: NOTICE:  constraint "idempotency_record_result_batch_fk" of relation "idempotency_record" does not exist, skipping
migrate-1  | 2026-06-27T16:15:58.341073579Z ALTER TABLE
migrate-1  | 2026-06-27T16:15:58.355711333Z ALTER TABLE
migrate-1  | 2026-06-27T16:15:58.421229933Z CREATE TABLE
migrate-1  | 2026-06-27T16:15:58.421752279Z psql:distributed-backend/src/trade-settlement/migrations/0001_settlement_schema.sql:173: NOTICE:  column "step_output" of relation "settlement_step" already exists, skipping
migrate-1  | 2026-06-27T16:15:58.427946206Z ALTER TABLE
migrate-1  | 2026-06-27T16:15:58.488155114Z CREATE TABLE
migrate-1  | 2026-06-27T16:15:58.524974997Z CREATE TABLE
migrate-1  | 2026-06-27T16:15:58.586946250Z CREATE TABLE
migrate-1  | 2026-06-27T16:15:58.617674090Z CREATE TABLE
migrate-1  | 2026-06-27T16:15:58.641093291Z CREATE TABLE
migrate-1  | 2026-06-27T16:15:58.692229977Z CREATE TABLE
migrate-1  | 2026-06-27T16:15:58.738844290Z CREATE TABLE
migrate-1  | 2026-06-27T16:15:58.747159648Z CREATE FUNCTION
migrate-1  | 2026-06-27T16:15:58.754359513Z ALTER TABLE
migrate-1  | 2026-06-27T16:15:58.766427092Z ALTER TABLE
migrate-1  | 2026-06-27T16:15:58.775840003Z ALTER TABLE
migrate-1  | 2026-06-27T16:15:58.788457672Z ALTER TABLE
migrate-1  | 2026-06-27T16:15:58.801409957Z ALTER TABLE
migrate-1  | 2026-06-27T16:15:58.809017610Z ALTER TABLE
migrate-1  | 2026-06-27T16:15:58.816212641Z CREATE FUNCTION
migrate-1  | 2026-06-27T16:15:58.830666187Z CREATE FUNCTION
migrate-1  | 2026-06-27T16:15:58.837217136Z CREATE FUNCTION
migrate-1  | 2026-06-27T16:15:58.837661289Z DROP TRIGGER
migrate-1  | 2026-06-27T16:15:58.837686985Z psql:distributed-backend/src/trade-settlement/migrations/0001_settlement_schema.sql:498: NOTICE:  trigger "wallet_ledger_append_only_trigger" for relation "wallet_ledger" does not exist, skipping
migrate-1  | 2026-06-27T16:15:58.844651167Z CREATE TRIGGER
migrate-1  | 2026-06-27T16:15:58.845861275Z DROP TRIGGER
migrate-1  | 2026-06-27T16:15:58.845899415Z psql:distributed-backend/src/trade-settlement/migrations/0001_settlement_schema.sql:504: NOTICE:  trigger "item_stack_ledger_append_only_trigger" for relation "item_stack_ledger" does not exist, skipping
migrate-1  | 2026-06-27T16:15:58.851922366Z CREATE TRIGGER
migrate-1  | 2026-06-27T16:15:58.852266522Z psql:distributed-backend/src/trade-settlement/migrations/0001_settlement_schema.sql:510: NOTICE:  trigger "item_stack_ledger_insert_integrity_trigger" for relation "item_stack_ledger" does not exist, skipping
migrate-1  | 2026-06-27T16:15:58.852281861Z DROP TRIGGER
migrate-1  | 2026-06-27T16:15:58.862550894Z CREATE TRIGGER
migrate-1  | 2026-06-27T16:15:58.905681510Z CREATE TABLE
migrate-1  | 2026-06-27T16:15:58.923016418Z CREATE INDEX
migrate-1  | 2026-06-27T16:15:58.947602466Z CREATE INDEX
migrate-1  | 2026-06-27T16:15:58.966140161Z CREATE INDEX
migrate-1  | 2026-06-27T16:15:58.988950006Z CREATE INDEX
migrate-1  | 2026-06-27T16:15:59.003725574Z CREATE INDEX
migrate-1  | 2026-06-27T16:15:59.028285664Z CREATE INDEX
migrate-1  | 2026-06-27T16:15:59.046202979Z CREATE INDEX
migrate-1  | 2026-06-27T16:15:59.067208064Z CREATE INDEX
migrate-1  | 2026-06-27T16:15:59.084301386Z CREATE INDEX
migrate-1  | 2026-06-27T16:15:59.111209337Z CREATE INDEX
migrate-1  | 2026-06-27T16:15:59.219848471Z CREATE INDEX
migrate-1  | 2026-06-27T16:15:59.247926358Z CREATE INDEX
migrate-1  | 2026-06-27T16:15:59.255412639Z CREATE FUNCTION
migrate-1  | 2026-06-27T16:15:59.265544877Z CREATE FUNCTION
migrate-1  | 2026-06-27T16:15:59.265905586Z psql:distributed-backend/src/trade-settlement/migrations/0001_settlement_schema.sql:607: NOTICE:  trigger "trade_instance_remaining_quantity_invariant_trigger" for relation "trade_instance" does not exist, skipping
migrate-1  | 2026-06-27T16:15:59.265969364Z DROP TRIGGER
migrate-1  | 2026-06-27T16:15:59.273528872Z CREATE TRIGGER
migrate-1  | 2026-06-27T16:15:59.274098100Z DROP TRIGGER
migrate-1  | 2026-06-27T16:15:59.274114775Z psql:distributed-backend/src/trade-settlement/migrations/0001_settlement_schema.sql:614: NOTICE:  trigger "item_stack_escrow_remaining_quantity_invariant_trigger" for relation "item_stack_escrow" does not exist, skipping
migrate-1  | 2026-06-27T16:15:59.280190695Z CREATE TRIGGER
migrate-1  | 2026-06-27T16:15:59.280566482Z psql:distributed-backend/src/trade-settlement/migrations/0001_settlement_schema.sql:621: NOTICE:  trigger "item_stack_projection_ledger_invariant_trigger" for relation "item_stack" does not exist, skipping
migrate-1  | 2026-06-27T16:15:59.280570107Z DROP TRIGGER
migrate-1  | 2026-06-27T16:15:59.287752841Z CREATE TRIGGER
migrate-1  | 2026-06-27T16:15:59.288049575Z DROP TRIGGER
migrate-1  | 2026-06-27T16:15:59.288089121Z psql:distributed-backend/src/trade-settlement/migrations/0001_settlement_schema.sql:628: NOTICE:  trigger "item_stack_ledger_projection_invariant_trigger" for relation "item_stack_ledger" does not exist, skipping
migrate-1  | 2026-06-27T16:15:59.295431506Z CREATE TRIGGER
migrate-1  | 2026-06-27T16:15:59.309264418Z CREATE FUNCTION
migrate-1  | 2026-06-27T16:15:59.327316601Z CREATE FUNCTION
migrate-1  | 2026-06-27T16:15:59.328069762Z DROP TRIGGER
migrate-1  | 2026-06-27T16:15:59.327733283Z psql:distributed-backend/src/trade-settlement/migrations/0001_settlement_schema.sql:687: NOTICE:  trigger "trade_instance_wallet_escrow_closed_state_trigger" for relation "trade_instance" does not exist, skipping
migrate-1  | 2026-06-27T16:15:59.342130004Z CREATE TRIGGER
migrate-1  | 2026-06-27T16:15:59.342442893Z psql:distributed-backend/src/trade-settlement/migrations/0001_settlement_schema.sql:694: NOTICE:  trigger "wallet_escrow_closed_trade_invariant_trigger" for relation "wallet_escrow" does not exist, skipping
migrate-1  | 2026-06-27T16:15:59.342470918Z DROP TRIGGER
migrate-1  | 2026-06-27T16:15:59.352975306Z CREATE TRIGGER
