rabbitmq-1  | 2026-06-27T16:04:01.538537177Z =INFO REPORT==== 27-Jun-2026::16:04:01.522318 ===
rabbitmq-1  | 2026-06-27T16:04:01.538575226Z     alarm_handler: {set,{system_memory_high_watermark,[]}}
rabbitmq-1  | 2026-06-27T16:04:08.213837303Z 2026-06-27 16:04:08.200944+00:00 [notice] <0.44.0> Application syslog exited with reason: stopped
rabbitmq-1  | 2026-06-27T16:04:08.213998728Z 2026-06-27 16:04:08.213340+00:00 [notice] <0.254.0> Logging: switching to configured handler(s); following messages may not be visible in this log output
rabbitmq-1  | 2026-06-27T16:04:08.217548859Z [38;5;87m2026-06-27 16:04:08.217033+00:00 [notice] <0.254.0> Logging: configured log handlers are now ACTIVE[0m
rabbitmq-1  | 2026-06-27T16:04:08.246057489Z 2026-06-27 16:04:08.245600+00:00 [info] <0.254.0> ra: starting system quorum_queues[0m
rabbitmq-1  | 2026-06-27T16:04:08.246152348Z 2026-06-27 16:04:08.245832+00:00 [info] <0.254.0> starting Ra system: quorum_queues in directory: /var/lib/rabbitmq/mnesia/rabbit@cbed70e1a17b/quorum/rabbit@cbed70e1a17b[0m
rabbitmq-1  | 2026-06-27T16:04:08.414711813Z 2026-06-27 16:04:08.414026+00:00 [info] <0.270.0> ra system 'quorum_queues' running pre init for 0 registered servers[0m
rabbitmq-1  | 2026-06-27T16:04:08.440041466Z 2026-06-27 16:04:08.439156+00:00 [info] <0.271.0> ra: meta data store initialised for system quorum_queues. 0 record(s) recovered[0m
rabbitmq-1  | 2026-06-27T16:04:08.468902427Z [38;5;87m2026-06-27 16:04:08.468456+00:00 [notice] <0.276.0> WAL: ra_log_wal init, open tbls: ra_log_open_mem_tables, closed tbls: ra_log_closed_mem_tables[0m
rabbitmq-1  | 2026-06-27T16:04:08.513150113Z 2026-06-27 16:04:08.512577+00:00 [info] <0.254.0> ra: starting system coordination[0m
rabbitmq-1  | 2026-06-27T16:04:08.513194952Z 2026-06-27 16:04:08.512706+00:00 [info] <0.254.0> starting Ra system: coordination in directory: /var/lib/rabbitmq/mnesia/rabbit@cbed70e1a17b/coordination/rabbit@cbed70e1a17b[0m
rabbitmq-1  | 2026-06-27T16:04:08.515424968Z 2026-06-27 16:04:08.515068+00:00 [info] <0.284.0> ra system 'coordination' running pre init for 0 registered servers[0m
rabbitmq-1  | 2026-06-27T16:04:08.516484077Z 2026-06-27 16:04:08.516021+00:00 [info] <0.285.0> ra: meta data store initialised for system coordination. 0 record(s) recovered[0m
rabbitmq-1  | 2026-06-27T16:04:08.516701023Z [38;5;87m2026-06-27 16:04:08.516356+00:00 [notice] <0.290.0> WAL: ra_coordination_log_wal init, open tbls: ra_coordination_log_open_mem_tables, closed tbls: ra_coordination_log_closed_mem_tables[0m
rabbitmq-1  | 2026-06-27T16:04:08.526349681Z 2026-06-27 16:04:08.525715+00:00 [info] <0.254.0> ra: starting system coordination[0m
rabbitmq-1  | 2026-06-27T16:04:08.527212432Z 2026-06-27 16:04:08.525871+00:00 [info] <0.254.0> starting Ra system: coordination in directory: /var/lib/rabbitmq/mnesia/rabbit@cbed70e1a17b/coordination/rabbit@cbed70e1a17b[0m
rabbitmq-1  | 2026-06-27T16:04:08.828052385Z 2026-06-27 16:04:08.827517+00:00 [info] <0.254.0> Waiting for Khepri leader for 30000 ms, 9 retries left[0m
rabbitmq-1  | 2026-06-27T16:04:08.843182801Z [38;5;87m2026-06-27 16:04:08.842661+00:00 [notice] <0.294.0> RabbitMQ metadata store: candidate -> leader in term: 1 machine version: 1[0m
rabbitmq-1  | 2026-06-27T16:04:08.873959880Z 2026-06-27 16:04:08.873443+00:00 [info] <0.254.0> Khepri leader elected[0m
rabbitmq-1  | 2026-06-27T16:04:08.873990769Z 2026-06-27 16:04:08.873631+00:00 [info] <0.254.0> Waiting for Khepri projections for 30000 ms, 9 retries left[0m
rabbitmq-1  | 2026-06-27T16:04:09.927563449Z 2026-06-27 16:04:09.926720+00:00 [info] <0.254.0> [0m
rabbitmq-1  | 2026-06-27T16:04:09.927609968Z 2026-06-27 16:04:09.926720+00:00 [info] <0.254.0>  Starting RabbitMQ 3.13.7 on Erlang 26.2.5.16 [jit][0m
rabbitmq-1  | 2026-06-27T16:04:09.927614966Z 2026-06-27 16:04:09.926720+00:00 [info] <0.254.0>  Copyright (c) 2007-2024 Broadcom Inc and/or its subsidiaries[0m
rabbitmq-1  | 2026-06-27T16:04:09.927618597Z 2026-06-27 16:04:09.926720+00:00 [info] <0.254.0>  Licensed under the MPL 2.0. Website: https://rabbitmq.com[0m
rabbitmq-1  | 2026-06-27T16:04:09.928307989Z 
rabbitmq-1  | 2026-06-27T16:04:09.928334690Z   ##  ##      RabbitMQ 3.13.7
rabbitmq-1  | 2026-06-27T16:04:09.928339080Z   ##  ##
rabbitmq-1  | 2026-06-27T16:04:09.928342710Z   ##########  Copyright (c) 2007-2024 Broadcom Inc and/or its subsidiaries
rabbitmq-1  | 2026-06-27T16:04:09.928346351Z   ######  ##
rabbitmq-1  | 2026-06-27T16:04:09.928349516Z   ##########  Licensed under the MPL 2.0. Website: https://rabbitmq.com
rabbitmq-1  | 2026-06-27T16:04:09.928353006Z 
rabbitmq-1  | 2026-06-27T16:04:09.928356071Z   Erlang:      26.2.5.16 [jit]
rabbitmq-1  | 2026-06-27T16:04:09.928359683Z   TLS Library: OpenSSL - OpenSSL 3.1.8 11 Feb 2025
rabbitmq-1  | 2026-06-27T16:04:09.928363291Z   Release series support status: see https://www.rabbitmq.com/release-information
rabbitmq-1  | 2026-06-27T16:04:09.928366551Z 
rabbitmq-1  | 2026-06-27T16:04:09.928369701Z   Doc guides:  https://www.rabbitmq.com/docs
rabbitmq-1  | 2026-06-27T16:04:09.928372802Z   Support:     https://www.rabbitmq.com/docs/contact
rabbitmq-1  | 2026-06-27T16:04:09.928376007Z   Tutorials:   https://www.rabbitmq.com/tutorials
rabbitmq-1  | 2026-06-27T16:04:09.928379144Z   Monitoring:  https://www.rabbitmq.com/docs/monitoring
rabbitmq-1  | 2026-06-27T16:04:09.928382237Z   Upgrading:   https://www.rabbitmq.com/docs/upgrade
rabbitmq-1  | 2026-06-27T16:04:09.928385362Z 
rabbitmq-1  | 2026-06-27T16:04:09.928388336Z   Logs: <stdout>
rabbitmq-1  | 2026-06-27T16:04:09.928391773Z 
rabbitmq-1  | 2026-06-27T16:04:09.928394702Z   Config file(s): /etc/rabbitmq/conf.d/10-defaults.conf
rabbitmq-1  | 2026-06-27T16:04:09.928397897Z 
rabbitmq-1  | 2026-06-27T16:04:09.929869330Z   Starting broker...2026-06-27 16:04:09.928837+00:00 [info] <0.254.0> [0m
rabbitmq-1  | 2026-06-27T16:04:09.929890826Z 2026-06-27 16:04:09.928837+00:00 [info] <0.254.0>  node           : rabbit@cbed70e1a17b[0m
rabbitmq-1  | 2026-06-27T16:04:09.929895352Z 2026-06-27 16:04:09.928837+00:00 [info] <0.254.0>  home dir       : /var/lib/rabbitmq[0m
rabbitmq-1  | 2026-06-27T16:04:09.929899076Z 2026-06-27 16:04:09.928837+00:00 [info] <0.254.0>  config file(s) : /etc/rabbitmq/conf.d/10-defaults.conf[0m
rabbitmq-1  | 2026-06-27T16:04:09.929902653Z 2026-06-27 16:04:09.928837+00:00 [info] <0.254.0>  cookie hash    : xLaMhI8yaMV+eyCZcCzN0Q==[0m
rabbitmq-1  | 2026-06-27T16:04:09.929906431Z 2026-06-27 16:04:09.928837+00:00 [info] <0.254.0>  log(s)         : <stdout>[0m
rabbitmq-1  | 2026-06-27T16:04:09.929922824Z 2026-06-27 16:04:09.928837+00:00 [info] <0.254.0>  data dir       : /var/lib/rabbitmq/mnesia/rabbit@cbed70e1a17b[0m
rabbitmq-1  | 2026-06-27T16:04:11.554252535Z 2026-06-27 16:04:11.553754+00:00 [info] <0.254.0> Running boot step pre_boot defined by app rabbit[0m
rabbitmq-1  | 2026-06-27T16:04:11.554293130Z 2026-06-27 16:04:11.553966+00:00 [info] <0.254.0> Running boot step rabbit_global_counters defined by app rabbit[0m
rabbitmq-1  | 2026-06-27T16:04:11.555018063Z 2026-06-27 16:04:11.554752+00:00 [info] <0.254.0> Running boot step rabbit_osiris_metrics defined by app rabbit[0m
rabbitmq-1  | 2026-06-27T16:04:11.555183957Z 2026-06-27 16:04:11.554968+00:00 [info] <0.254.0> Running boot step rabbit_core_metrics defined by app rabbit[0m
rabbitmq-1  | 2026-06-27T16:04:11.556966066Z 2026-06-27 16:04:11.556159+00:00 [info] <0.254.0> Running boot step rabbit_alarm defined by app rabbit[0m
rabbitmq-1  | 2026-06-27T16:04:11.576705352Z 2026-06-27 16:04:11.576367+00:00 [info] <0.331.0> Memory high watermark set to 3103 MiB (3254635724 bytes) of 7759 MiB (8136589312 bytes) total[0m
rabbitmq-1  | 2026-06-27T16:04:11.582651354Z 2026-06-27 16:04:11.582223+00:00 [info] <0.333.0> Enabling free disk space monitoring (disk free space: 993456525312, total memory: 8136589312)[0m
rabbitmq-1  | 2026-06-27T16:04:11.583045779Z 2026-06-27 16:04:11.582369+00:00 [info] <0.333.0> Disk free limit set to 50MB[0m
rabbitmq-1  | 2026-06-27T16:04:11.586170918Z 2026-06-27 16:04:11.585663+00:00 [info] <0.254.0> Running boot step code_server_cache defined by app rabbit[0m
rabbitmq-1  | 2026-06-27T16:04:11.586450100Z 2026-06-27 16:04:11.585869+00:00 [info] <0.254.0> Running boot step file_handle_cache defined by app rabbit[0m
rabbitmq-1  | 2026-06-27T16:04:11.603484548Z 2026-06-27 16:04:11.602967+00:00 [info] <0.336.0> Limiting to approx 1048479 file handles (943629 sockets)[0m
rabbitmq-1  | 2026-06-27T16:04:11.603517326Z 2026-06-27 16:04:11.603217+00:00 [info] <0.337.0> FHC read buffering: OFF[0m
rabbitmq-1  | 2026-06-27T16:04:11.604059508Z 2026-06-27 16:04:11.603309+00:00 [info] <0.337.0> FHC write buffering: ON[0m
rabbitmq-1  | 2026-06-27T16:04:11.605151809Z 2026-06-27 16:04:11.604573+00:00 [info] <0.254.0> Running boot step worker_pool defined by app rabbit[0m
rabbitmq-1  | 2026-06-27T16:04:11.605173441Z 2026-06-27 16:04:11.604724+00:00 [info] <0.317.0> Will use 16 processes for default worker pool[0m
rabbitmq-1  | 2026-06-27T16:04:11.605176814Z 2026-06-27 16:04:11.604848+00:00 [info] <0.317.0> Starting worker pool 'worker_pool' with 16 processes in it[0m
rabbitmq-1  | 2026-06-27T16:04:11.606023146Z 2026-06-27 16:04:11.605663+00:00 [info] <0.254.0> Running boot step database defined by app rabbit[0m
rabbitmq-1  | 2026-06-27T16:04:11.606644570Z 2026-06-27 16:04:11.606187+00:00 [info] <0.254.0> Peer discovery: configured backend: rabbit_peer_discovery_classic_config[0m
rabbitmq-1  | 2026-06-27T16:04:11.608731426Z [38;5;87m2026-06-27 16:04:11.608350+00:00 [notice] <0.318.0> Feature flags: attempt to enable `detailed_queues_endpoint`...[0m
rabbitmq-1  | 2026-06-27T16:04:11.747577268Z [38;5;87m2026-06-27 16:04:11.745887+00:00 [notice] <0.318.0> Feature flags: `detailed_queues_endpoint` enabled[0m
rabbitmq-1  | 2026-06-27T16:04:11.747634158Z [38;5;87m2026-06-27 16:04:11.746155+00:00 [notice] <0.318.0> Feature flags: attempt to enable `quorum_queue_non_voters`...[0m
rabbitmq-1  | 2026-06-27T16:04:11.878235921Z [38;5;87m2026-06-27 16:04:11.876889+00:00 [notice] <0.318.0> Feature flags: `quorum_queue_non_voters` enabled[0m
rabbitmq-1  | 2026-06-27T16:04:11.878266175Z [38;5;87m2026-06-27 16:04:11.877114+00:00 [notice] <0.318.0> Feature flags: attempt to enable `stream_update_config_command`...[0m
rabbitmq-1  | 2026-06-27T16:04:12.025944616Z [38;5;87m2026-06-27 16:04:12.025470+00:00 [notice] <0.318.0> Feature flags: `stream_update_config_command` enabled[0m
rabbitmq-1  | 2026-06-27T16:04:12.026363566Z [38;5;87m2026-06-27 16:04:12.025773+00:00 [notice] <0.318.0> Feature flags: attempt to enable `stream_filtering`...[0m
rabbitmq-1  | 2026-06-27T16:04:12.145157764Z [38;5;87m2026-06-27 16:04:12.143832+00:00 [notice] <0.318.0> Feature flags: `stream_filtering` enabled[0m
rabbitmq-1  | 2026-06-27T16:04:12.145572865Z [38;5;87m2026-06-27 16:04:12.144663+00:00 [notice] <0.318.0> Feature flags: attempt to enable `stream_sac_coordinator_unblock_group`...[0m
rabbitmq-1  | 2026-06-27T16:04:12.293367761Z [38;5;87m2026-06-27 16:04:12.292640+00:00 [notice] <0.318.0> Feature flags: `stream_sac_coordinator_unblock_group` enabled[0m
rabbitmq-1  | 2026-06-27T16:04:12.293403814Z [38;5;87m2026-06-27 16:04:12.292949+00:00 [notice] <0.318.0> Feature flags: attempt to enable `restart_streams`...[0m
rabbitmq-1  | 2026-06-27T16:04:12.424037947Z [38;5;87m2026-06-27 16:04:12.423514+00:00 [notice] <0.318.0> Feature flags: `restart_streams` enabled[0m
rabbitmq-1  | 2026-06-27T16:04:12.424136863Z [38;5;87m2026-06-27 16:04:12.423775+00:00 [notice] <0.318.0> Feature flags: attempt to enable `message_containers`...[0m
rabbitmq-1  | 2026-06-27T16:04:12.570314447Z [38;5;87m2026-06-27 16:04:12.569662+00:00 [notice] <0.318.0> Feature flags: `message_containers` enabled[0m
rabbitmq-1  | 2026-06-27T16:04:12.570725176Z [38;5;87m2026-06-27 16:04:12.570020+00:00 [notice] <0.318.0> Feature flags: attempt to enable `message_containers_deaths_v2`...[0m
rabbitmq-1  | 2026-06-27T16:04:12.734027320Z [38;5;87m2026-06-27 16:04:12.733405+00:00 [notice] <0.318.0> Feature flags: `message_containers_deaths_v2` enabled[0m
rabbitmq-1  | 2026-06-27T16:04:12.734302365Z 2026-06-27 16:04:12.733882+00:00 [info] <0.254.0> DB: virgin node -> run peer discovery[0m
rabbitmq-1  | 2026-06-27T16:04:12.734318836Z [38;5;214m2026-06-27 16:04:12.734029+00:00 [warning] <0.254.0> Classic peer discovery backend: list of nodes does not contain the local node [][0m
rabbitmq-1  | 2026-06-27T16:04:12.754272613Z [38;5;87m2026-06-27 16:04:12.753737+00:00 [notice] <0.44.0> Application mnesia exited with reason: stopped[0m
rabbitmq-1  | 2026-06-27T16:04:13.015458763Z 2026-06-27 16:04:13.014858+00:00 [info] <0.254.0> Waiting for Mnesia tables for 30000 ms, 9 retries left[0m
rabbitmq-1  | 2026-06-27T16:04:13.015910835Z 2026-06-27 16:04:13.015034+00:00 [info] <0.254.0> Successfully synced tables from a peer[0m
rabbitmq-1  | 2026-06-27T16:04:13.016028423Z 2026-06-27 16:04:13.015226+00:00 [info] <0.254.0> Waiting for Mnesia tables for 30000 ms, 9 retries left[0m
rabbitmq-1  | 2026-06-27T16:04:13.016160178Z 2026-06-27 16:04:13.015566+00:00 [info] <0.254.0> Successfully synced tables from a peer[0m
rabbitmq-1  | 2026-06-27T16:04:13.024477040Z 2026-06-27 16:04:13.024011+00:00 [info] <0.254.0> Waiting for Mnesia tables for 30000 ms, 9 retries left[0m
rabbitmq-1  | 2026-06-27T16:04:13.024512423Z 2026-06-27 16:04:13.024223+00:00 [info] <0.254.0> Successfully synced tables from a peer[0m
rabbitmq-1  | 2026-06-27T16:04:13.024792377Z 2026-06-27 16:04:13.024522+00:00 [info] <0.254.0> Running boot step tracking_metadata_store defined by app rabbit[0m
rabbitmq-1  | 2026-06-27T16:04:13.024887815Z 2026-06-27 16:04:13.024669+00:00 [info] <0.574.0> Setting up a table for connection tracking on this node: tracked_connection[0m
rabbitmq-1  | 2026-06-27T16:04:13.025087668Z 2026-06-27 16:04:13.024739+00:00 [info] <0.574.0> Setting up a table for per-vhost connection counting on this node: tracked_connection_per_vhost[0m
rabbitmq-1  | 2026-06-27T16:04:13.025215380Z 2026-06-27 16:04:13.024775+00:00 [info] <0.574.0> Setting up a table for per-user connection counting on this node: tracked_connection_per_user[0m
rabbitmq-1  | 2026-06-27T16:04:13.025265829Z 2026-06-27 16:04:13.024815+00:00 [info] <0.574.0> Setting up a table for channel tracking on this node: tracked_channel[0m
rabbitmq-1  | 2026-06-27T16:04:13.025500072Z 2026-06-27 16:04:13.024920+00:00 [info] <0.574.0> Setting up a table for channel tracking on this node: tracked_channel_per_user[0m
rabbitmq-1  | 2026-06-27T16:04:13.025508862Z 2026-06-27 16:04:13.025074+00:00 [info] <0.254.0> Running boot step networking_metadata_store defined by app rabbit[0m
rabbitmq-1  | 2026-06-27T16:04:13.025778996Z 2026-06-27 16:04:13.025240+00:00 [info] <0.254.0> Running boot step feature_flags defined by app rabbit[0m
rabbitmq-1  | 2026-06-27T16:04:13.025787844Z 2026-06-27 16:04:13.025402+00:00 [info] <0.254.0> Running boot step codec_correctness_check defined by app rabbit[0m
rabbitmq-1  | 2026-06-27T16:04:13.025879997Z 2026-06-27 16:04:13.025457+00:00 [info] <0.254.0> Running boot step external_infrastructure defined by app rabbit[0m
rabbitmq-1  | 2026-06-27T16:04:13.026022309Z 2026-06-27 16:04:13.025512+00:00 [info] <0.254.0> Running boot step rabbit_event defined by app rabbit[0m
rabbitmq-1  | 2026-06-27T16:04:13.026169373Z 2026-06-27 16:04:13.025607+00:00 [info] <0.254.0> Running boot step rabbit_registry defined by app rabbit[0m
rabbitmq-1  | 2026-06-27T16:04:13.026415037Z 2026-06-27 16:04:13.025696+00:00 [info] <0.254.0> Running boot step rabbit_auth_mechanism_amqplain defined by app rabbit[0m
rabbitmq-1  | 2026-06-27T16:04:13.026424832Z 2026-06-27 16:04:13.025792+00:00 [info] <0.254.0> Running boot step rabbit_auth_mechanism_cr_demo defined by app rabbit[0m
rabbitmq-1  | 2026-06-27T16:04:13.026427868Z 2026-06-27 16:04:13.025854+00:00 [info] <0.254.0> Running boot step rabbit_auth_mechanism_plain defined by app rabbit[0m
rabbitmq-1  | 2026-06-27T16:04:13.026564367Z 2026-06-27 16:04:13.025889+00:00 [info] <0.254.0> Running boot step rabbit_exchange_type_direct defined by app rabbit[0m
rabbitmq-1  | 2026-06-27T16:04:13.026666158Z 2026-06-27 16:04:13.025983+00:00 [info] <0.254.0> Running boot step rabbit_exchange_type_fanout defined by app rabbit[0m
rabbitmq-1  | 2026-06-27T16:04:13.026827434Z 2026-06-27 16:04:13.026110+00:00 [info] <0.254.0> Running boot step rabbit_exchange_type_headers defined by app rabbit[0m
rabbitmq-1  | 2026-06-27T16:04:13.026889013Z 2026-06-27 16:04:13.026207+00:00 [info] <0.254.0> Running boot step rabbit_exchange_type_topic defined by app rabbit[0m
rabbitmq-1  | 2026-06-27T16:04:13.027068018Z 2026-06-27 16:04:13.026303+00:00 [info] <0.254.0> Running boot step rabbit_mirror_queue_mode_all defined by app rabbit[0m
rabbitmq-1  | 2026-06-27T16:04:13.027222308Z 2026-06-27 16:04:13.026396+00:00 [info] <0.254.0> Running boot step rabbit_mirror_queue_mode_exactly defined by app rabbit[0m
rabbitmq-1  | 2026-06-27T16:04:13.027392269Z 2026-06-27 16:04:13.026451+00:00 [info] <0.254.0> Running boot step rabbit_mirror_queue_mode_nodes defined by app rabbit[0m
rabbitmq-1  | 2026-06-27T16:04:13.027581695Z 2026-06-27 16:04:13.026534+00:00 [info] <0.254.0> Running boot step rabbit_priority_queue defined by app rabbit[0m
rabbitmq-1  | 2026-06-27T16:04:13.027602094Z 2026-06-27 16:04:13.026574+00:00 [info] <0.254.0> Priority queues enabled, real BQ is rabbit_variable_queue[0m
rabbitmq-1  | 2026-06-27T16:04:13.027818694Z 2026-06-27 16:04:13.026641+00:00 [info] <0.254.0> Running boot step rabbit_queue_location_client_local defined by app rabbit[0m
rabbitmq-1  | 2026-06-27T16:04:13.027916782Z 2026-06-27 16:04:13.026693+00:00 [info] <0.254.0> Running boot step rabbit_queue_location_min_masters defined by app rabbit[0m
rabbitmq-1  | 2026-06-27T16:04:13.028028589Z 2026-06-27 16:04:13.026754+00:00 [info] <0.254.0> Running boot step rabbit_queue_location_random defined by app rabbit[0m
rabbitmq-1  | 2026-06-27T16:04:13.028219506Z 2026-06-27 16:04:13.026847+00:00 [info] <0.254.0> Running boot step kernel_ready defined by app rabbit[0m
rabbitmq-1  | 2026-06-27T16:04:13.028282603Z 2026-06-27 16:04:13.026915+00:00 [info] <0.254.0> Running boot step rabbit_sysmon_minder defined by app rabbit[0m
rabbitmq-1  | 2026-06-27T16:04:13.028442928Z 2026-06-27 16:04:13.027226+00:00 [info] <0.254.0> Running boot step rabbit_epmd_monitor defined by app rabbit[0m
rabbitmq-1  | 2026-06-27T16:04:13.028556445Z 2026-06-27 16:04:13.028277+00:00 [info] <0.582.0> epmd monitor knows us, inter-node communication (distribution) port: 25672[0m
rabbitmq-1  | 2026-06-27T16:04:13.028750788Z 2026-06-27 16:04:13.028451+00:00 [info] <0.254.0> Running boot step guid_generator defined by app rabbit[0m
rabbitmq-1  | 2026-06-27T16:04:13.031857805Z 2026-06-27 16:04:13.031479+00:00 [info] <0.254.0> Running boot step rabbit_node_monitor defined by app rabbit[0m
rabbitmq-1  | 2026-06-27T16:04:13.032324574Z 2026-06-27 16:04:13.031973+00:00 [info] <0.586.0> Starting rabbit_node_monitor (in ignore mode)[0m
rabbitmq-1  | 2026-06-27T16:04:13.032706748Z 2026-06-27 16:04:13.032159+00:00 [info] <0.254.0> Running boot step delegate_sup defined by app rabbit[0m
rabbitmq-1  | 2026-06-27T16:04:13.033504252Z 2026-06-27 16:04:13.033147+00:00 [info] <0.254.0> Running boot step rabbit_memory_monitor defined by app rabbit[0m
rabbitmq-1  | 2026-06-27T16:04:13.033674613Z 2026-06-27 16:04:13.033429+00:00 [info] <0.254.0> Running boot step rabbit_fifo_dlx_sup defined by app rabbit[0m
rabbitmq-1  | 2026-06-27T16:04:13.033784094Z 2026-06-27 16:04:13.033553+00:00 [info] <0.254.0> Running boot step core_initialized defined by app rabbit[0m
rabbitmq-1  | 2026-06-27T16:04:13.034029704Z 2026-06-27 16:04:13.033614+00:00 [info] <0.254.0> Running boot step rabbit_channel_tracking_handler defined by app rabbit[0m
rabbitmq-1  | 2026-06-27T16:04:13.034043558Z 2026-06-27 16:04:13.033688+00:00 [info] <0.254.0> Running boot step rabbit_connection_tracking_handler defined by app rabbit[0m
rabbitmq-1  | 2026-06-27T16:04:13.034195312Z 2026-06-27 16:04:13.033759+00:00 [info] <0.254.0> Running boot step rabbit_definitions_hashing defined by app rabbit[0m
rabbitmq-1  | 2026-06-27T16:04:13.034300062Z 2026-06-27 16:04:13.033900+00:00 [info] <0.254.0> Running boot step rabbit_exchange_parameters defined by app rabbit[0m
rabbitmq-1  | 2026-06-27T16:04:13.096825595Z 2026-06-27 16:04:13.096249+00:00 [info] <0.254.0> Running boot step rabbit_mirror_queue_misc defined by app rabbit[0m
rabbitmq-1  | 2026-06-27T16:04:13.097635381Z 2026-06-27 16:04:13.097071+00:00 [info] <0.254.0> Running boot step rabbit_policies defined by app rabbit[0m
rabbitmq-1  | 2026-06-27T16:04:13.098013217Z 2026-06-27 16:04:13.097572+00:00 [info] <0.254.0> Running boot step rabbit_policy defined by app rabbit[0m
rabbitmq-1  | 2026-06-27T16:04:13.098384408Z 2026-06-27 16:04:13.097695+00:00 [info] <0.254.0> Running boot step rabbit_queue_location_validator defined by app rabbit[0m
rabbitmq-1  | 2026-06-27T16:04:13.098658439Z 2026-06-27 16:04:13.097772+00:00 [info] <0.254.0> Running boot step rabbit_quorum_memory_manager defined by app rabbit[0m
rabbitmq-1  | 2026-06-27T16:04:13.098670994Z 2026-06-27 16:04:13.098178+00:00 [info] <0.254.0> Running boot step rabbit_quorum_queue defined by app rabbit[0m
rabbitmq-1  | 2026-06-27T16:04:13.098846623Z 2026-06-27 16:04:13.098443+00:00 [info] <0.254.0> Running boot step rabbit_stream_coordinator defined by app rabbit[0m
rabbitmq-1  | 2026-06-27T16:04:13.099142866Z 2026-06-27 16:04:13.098695+00:00 [info] <0.254.0> Running boot step rabbit_vhost_limit defined by app rabbit[0m
rabbitmq-1  | 2026-06-27T16:04:13.099246178Z 2026-06-27 16:04:13.098956+00:00 [info] <0.254.0> Running boot step rabbit_federation_parameters defined by app rabbitmq_federation[0m
rabbitmq-1  | 2026-06-27T16:04:13.099685132Z 2026-06-27 16:04:13.099229+00:00 [info] <0.254.0> Running boot step rabbit_federation_supervisor defined by app rabbitmq_federation[0m
rabbitmq-1  | 2026-06-27T16:04:13.118627590Z 2026-06-27 16:04:13.117872+00:00 [info] <0.254.0> Running boot step rabbit_federation_queue defined by app rabbitmq_federation[0m
rabbitmq-1  | 2026-06-27T16:04:13.118718699Z 2026-06-27 16:04:13.118293+00:00 [info] <0.254.0> Running boot step rabbit_federation_upstream_exchange defined by app rabbitmq_federation[0m
rabbitmq-1  | 2026-06-27T16:04:13.119278418Z 2026-06-27 16:04:13.118930+00:00 [info] <0.254.0> Running boot step rabbit_mgmt_reset_handler defined by app rabbitmq_management[0m
rabbitmq-1  | 2026-06-27T16:04:13.119434260Z 2026-06-27 16:04:13.119092+00:00 [info] <0.254.0> Running boot step rabbit_mgmt_db_handler defined by app rabbitmq_management_agent[0m
rabbitmq-1  | 2026-06-27T16:04:13.119727116Z 2026-06-27 16:04:13.119201+00:00 [info] <0.254.0> Management plugin: using rates mode 'basic'[0m
rabbitmq-1  | 2026-06-27T16:04:13.119915342Z 2026-06-27 16:04:13.119648+00:00 [info] <0.254.0> Running boot step recovery defined by app rabbit[0m
rabbitmq-1  | 2026-06-27T16:04:13.149300187Z 2026-06-27 16:04:13.148655+00:00 [info] <0.254.0> Running boot step empty_db_check defined by app rabbit[0m
rabbitmq-1  | 2026-06-27T16:04:13.149504950Z 2026-06-27 16:04:13.148808+00:00 [info] <0.254.0> Will seed default virtual host and user...[0m
rabbitmq-1  | 2026-06-27T16:04:13.149632171Z 2026-06-27 16:04:13.149034+00:00 [info] <0.254.0> Adding vhost '/' (description: 'Default virtual host', tags: [])[0m
rabbitmq-1  | 2026-06-27T16:04:13.174845471Z 2026-06-27 16:04:13.174405+00:00 [info] <0.646.0> Making sure data directory '/var/lib/rabbitmq/mnesia/rabbit@cbed70e1a17b/msg_stores/vhosts/628WB79CIFDYO9LJI6DKMI09L' for vhost '/' exists[0m
rabbitmq-1  | 2026-06-27T16:04:13.179120373Z 2026-06-27 16:04:13.177547+00:00 [info] <0.646.0> Setting segment_entry_count for vhost '/' with 0 queues to '2048'[0m
rabbitmq-1  | 2026-06-27T16:04:13.199300963Z 2026-06-27 16:04:13.198725+00:00 [info] <0.646.0> Starting message stores for vhost '/'[0m
rabbitmq-1  | 2026-06-27T16:04:13.199767548Z 2026-06-27 16:04:13.199285+00:00 [info] <0.655.0> Message store "628WB79CIFDYO9LJI6DKMI09L/msg_store_transient": using rabbit_msg_store_ets_index to provide index[0m
rabbitmq-1  | 2026-06-27T16:04:13.201955763Z 2026-06-27 16:04:13.201614+00:00 [info] <0.646.0> Started message store of type transient for vhost '/'[0m
rabbitmq-1  | 2026-06-27T16:04:13.202230411Z 2026-06-27 16:04:13.201884+00:00 [info] <0.659.0> Message store "628WB79CIFDYO9LJI6DKMI09L/msg_store_persistent": using rabbit_msg_store_ets_index to provide index[0m
rabbitmq-1  | 2026-06-27T16:04:13.203406232Z [38;5;214m2026-06-27 16:04:13.203075+00:00 [warning] <0.659.0> Message store "628WB79CIFDYO9LJI6DKMI09L/msg_store_persistent": rebuilding indices from scratch[0m
rabbitmq-1  | 2026-06-27T16:04:13.204827299Z 2026-06-27 16:04:13.204441+00:00 [info] <0.646.0> Started message store of type persistent for vhost '/'[0m
rabbitmq-1  | 2026-06-27T16:04:13.204972852Z 2026-06-27 16:04:13.204646+00:00 [info] <0.646.0> Recovering 0 queues of type rabbit_classic_queue took 26ms[0m
rabbitmq-1  | 2026-06-27T16:04:13.205097162Z 2026-06-27 16:04:13.204707+00:00 [info] <0.646.0> Recovering 0 queues of type rabbit_quorum_queue took 0ms[0m
rabbitmq-1  | 2026-06-27T16:04:13.205205717Z 2026-06-27 16:04:13.204757+00:00 [info] <0.646.0> Recovering 0 queues of type rabbit_stream_queue took 0ms[0m
rabbitmq-1  | 2026-06-27T16:04:13.209462386Z 2026-06-27 16:04:13.209038+00:00 [info] <0.254.0> Created user 'eve_trade'[0m
rabbitmq-1  | 2026-06-27T16:04:13.211927410Z 2026-06-27 16:04:13.211565+00:00 [info] <0.254.0> Successfully set user tags for user 'eve_trade' to [administrator][0m
rabbitmq-1  | 2026-06-27T16:04:13.214496239Z 2026-06-27 16:04:13.214113+00:00 [info] <0.254.0> Successfully set permissions for user 'eve_trade' in virtual host '/' to '.*', '.*', '.*'[0m
rabbitmq-1  | 2026-06-27T16:04:13.214733451Z 2026-06-27 16:04:13.214224+00:00 [info] <0.254.0> Running boot step rabbit_observer_cli defined by app rabbit[0m
rabbitmq-1  | 2026-06-27T16:04:13.214822821Z 2026-06-27 16:04:13.214385+00:00 [info] <0.254.0> Running boot step rabbit_looking_glass defined by app rabbit[0m
rabbitmq-1  | 2026-06-27T16:04:13.214915806Z 2026-06-27 16:04:13.214441+00:00 [info] <0.254.0> Running boot step rabbit_core_metrics_gc defined by app rabbit[0m
rabbitmq-1  | 2026-06-27T16:04:13.215087366Z 2026-06-27 16:04:13.214643+00:00 [info] <0.254.0> Running boot step background_gc defined by app rabbit[0m
rabbitmq-1  | 2026-06-27T16:04:13.215235314Z 2026-06-27 16:04:13.214940+00:00 [info] <0.254.0> Running boot step routing_ready defined by app rabbit[0m
rabbitmq-1  | 2026-06-27T16:04:13.215419940Z 2026-06-27 16:04:13.215004+00:00 [info] <0.254.0> Running boot step pre_flight defined by app rabbit[0m
rabbitmq-1  | 2026-06-27T16:04:13.215550609Z 2026-06-27 16:04:13.215059+00:00 [info] <0.254.0> Running boot step notify_cluster defined by app rabbit[0m
rabbitmq-1  | 2026-06-27T16:04:13.216345020Z 2026-06-27 16:04:13.215099+00:00 [info] <0.254.0> Running boot step networking defined by app rabbit[0m
rabbitmq-1  | 2026-06-27T16:04:13.216646558Z 2026-06-27 16:04:13.215227+00:00 [info] <0.254.0> Running boot step rabbit_quorum_queue_periodic_membership_reconciliation defined by app rabbit[0m
rabbitmq-1  | 2026-06-27T16:04:13.217222318Z 2026-06-27 16:04:13.215376+00:00 [info] <0.254.0> Running boot step definition_import_worker_pool defined by app rabbit[0m
rabbitmq-1  | 2026-06-27T16:04:13.217237529Z 2026-06-27 16:04:13.215453+00:00 [info] <0.317.0> Starting worker pool 'definition_import_pool' with 16 processes in it[0m
rabbitmq-1  | 2026-06-27T16:04:13.217520829Z 2026-06-27 16:04:13.216390+00:00 [info] <0.254.0> Running boot step cluster_name defined by app rabbit[0m
rabbitmq-1  | 2026-06-27T16:04:13.217531012Z 2026-06-27 16:04:13.216549+00:00 [info] <0.254.0> Initialising internal cluster ID to 'rabbitmq-cluster-id-c1jgpJstrdR9joTrNDCr-w'[0m
rabbitmq-1  | 2026-06-27T16:04:13.219690461Z 2026-06-27 16:04:13.219329+00:00 [info] <0.254.0> Running boot step virtual_host_reconciliation defined by app rabbit[0m
rabbitmq-1  | 2026-06-27T16:04:13.219941753Z 2026-06-27 16:04:13.219660+00:00 [info] <0.254.0> Running boot step direct_client defined by app rabbit[0m
rabbitmq-1  | 2026-06-27T16:04:13.220459876Z 2026-06-27 16:04:13.219912+00:00 [info] <0.254.0> Running boot step rabbit_federation_exchange defined by app rabbitmq_federation[0m
rabbitmq-1  | 2026-06-27T16:04:13.220716638Z 2026-06-27 16:04:13.220151+00:00 [info] <0.254.0> Running boot step rabbit_management_load_definitions defined by app rabbitmq_management[0m
rabbitmq-1  | 2026-06-27T16:04:13.220961034Z 2026-06-27 16:04:13.220524+00:00 [info] <0.708.0> Resetting node maintenance status[0m
rabbitmq-1  | 2026-06-27T16:04:13.626164733Z [38;5;214m2026-06-27 16:04:13.625528+00:00 [warning] <0.737.0> Deprecated features: `management_metrics_collection`: Feature `management_metrics_collection` is deprecated.[0m
rabbitmq-1  | 2026-06-27T16:04:13.626206765Z [38;5;214m2026-06-27 16:04:13.625528+00:00 [warning] <0.737.0> By default, this feature can still be used for now.[0m
rabbitmq-1  | 2026-06-27T16:04:13.626210326Z [38;5;214m2026-06-27 16:04:13.625528+00:00 [warning] <0.737.0> Its use will not be permitted by default in a future minor RabbitMQ version and the feature will be removed from a future major RabbitMQ version; actual versions to be determined.[0m
rabbitmq-1  | 2026-06-27T16:04:13.626227729Z [38;5;214m2026-06-27 16:04:13.625528+00:00 [warning] <0.737.0> To continue using this feature when it is not permitted by default, set the following parameter in your configuration:[0m
rabbitmq-1  | 2026-06-27T16:04:13.626230578Z [38;5;214m2026-06-27 16:04:13.625528+00:00 [warning] <0.737.0>     "deprecated_features.permit.management_metrics_collection = true"[0m
rabbitmq-1  | 2026-06-27T16:04:13.626233235Z [38;5;214m2026-06-27 16:04:13.625528+00:00 [warning] <0.737.0> To test RabbitMQ as if the feature was removed, set this in your configuration:[0m
rabbitmq-1  | 2026-06-27T16:04:13.626235969Z [38;5;214m2026-06-27 16:04:13.625528+00:00 [warning] <0.737.0>     "deprecated_features.permit.management_metrics_collection = false"[0m
rabbitmq-1  | 2026-06-27T16:04:18.417178327Z 2026-06-27 16:04:18.416452+00:00 [info] <0.774.0> Management plugin: HTTP (non-TLS) listener started on port 15672[0m
rabbitmq-1  | 2026-06-27T16:04:18.417311060Z 2026-06-27 16:04:18.416640+00:00 [info] <0.804.0> Statistics database started.[0m
rabbitmq-1  | 2026-06-27T16:04:18.417322174Z 2026-06-27 16:04:18.417155+00:00 [info] <0.803.0> Starting worker pool 'management_worker_pool' with 3 processes in it[0m
rabbitmq-1  | 2026-06-27T16:04:18.428420897Z 2026-06-27 16:04:18.428096+00:00 [info] <0.824.0> Prometheus metrics: HTTP (non-TLS) listener started on port 15692[0m
rabbitmq-1  | 2026-06-27T16:04:18.428511520Z 2026-06-27 16:04:18.428267+00:00 [info] <0.708.0> Ready to start client connection listeners[0m
rabbitmq-1  | 2026-06-27T16:04:18.430705866Z 2026-06-27 16:04:18.429550+00:00 [info] <0.868.0> started TCP listener on [::]:5672[0m
rabbitmq-1  | 2026-06-27T16:04:18.535366980Z  completed with 5 plugins.
rabbitmq-1  | 2026-06-27T16:04:18.535390816Z 2026-06-27 16:04:18.535030+00:00 [info] <0.708.0> Server startup complete; 5 plugins started.[0m
rabbitmq-1  | 2026-06-27T16:04:18.535393194Z 2026-06-27 16:04:18.535030+00:00 [info] <0.708.0>  * rabbitmq_prometheus[0m
rabbitmq-1  | 2026-06-27T16:04:18.535394552Z 2026-06-27 16:04:18.535030+00:00 [info] <0.708.0>  * rabbitmq_federation[0m
rabbitmq-1  | 2026-06-27T16:04:18.535395877Z 2026-06-27 16:04:18.535030+00:00 [info] <0.708.0>  * rabbitmq_management[0m
rabbitmq-1  | 2026-06-27T16:04:18.535397130Z 2026-06-27 16:04:18.535030+00:00 [info] <0.708.0>  * rabbitmq_management_agent[0m
rabbitmq-1  | 2026-06-27T16:04:18.535398435Z 2026-06-27 16:04:18.535030+00:00 [info] <0.708.0>  * rabbitmq_web_dispatch[0m
rabbitmq-1  | 2026-06-27T16:04:18.647843993Z 2026-06-27 16:04:18.647420+00:00 [info] <0.9.0> Time to start RabbitMQ: 17366 ms[0m
rabbitmq-1  | 2026-06-27T16:04:25.849443252Z 2026-06-27 16:04:25.849016+00:00 [info] <0.875.0> accepting AMQP connection <0.875.0> (172.20.0.6:38176 -> 172.20.0.3:5672)[0m
rabbitmq-1  | 2026-06-27T16:04:25.852385384Z 2026-06-27 16:04:25.851811+00:00 [info] <0.875.0> connection <0.875.0> (172.20.0.6:38176 -> 172.20.0.3:5672): user 'eve_trade' authenticated and granted access to vhost '/'[0m
rabbitmq-1  | 2026-06-27T16:04:25.885252859Z [38;5;87m2026-06-27 16:04:25.884768+00:00 [notice] <0.893.0> queue 'eve.trade.settlement.dead' in vhost '/': candidate -> leader in term: 1 machine version: 3[0m
rabbitmq-1  | 2026-06-27T16:04:25.885506761Z 2026-06-27 16:04:25.885105+00:00 [info] <0.885.0> ra: started cluster %2F_eve.trade.settlement.dead with 1 servers[0m
rabbitmq-1  | 2026-06-27T16:04:25.885519030Z 2026-06-27 16:04:25.885105+00:00 [info] <0.885.0> 0 servers failed to start: [][0m
rabbitmq-1  | 2026-06-27T16:04:25.885521281Z 2026-06-27 16:04:25.885105+00:00 [info] <0.885.0> Leader: {'%2F_eve.trade.settlement.dead',rabbit@cbed70e1a17b}[0m
rabbitmq-1  | 2026-06-27T16:04:25.915808654Z [38;5;87m2026-06-27 16:04:25.914942+00:00 [notice] <0.901.0> queue 'eve.trade.settlement.commands' in vhost '/': candidate -> leader in term: 1 machine version: 3[0m
rabbitmq-1  | 2026-06-27T16:04:25.916156042Z 2026-06-27 16:04:25.915139+00:00 [info] <0.885.0> ra: started cluster %2F_eve.trade.settlement.commands with 1 servers[0m
rabbitmq-1  | 2026-06-27T16:04:25.916167581Z 2026-06-27 16:04:25.915139+00:00 [info] <0.885.0> 0 servers failed to start: [][0m
rabbitmq-1  | 2026-06-27T16:04:25.916169413Z 2026-06-27 16:04:25.915139+00:00 [info] <0.885.0> Leader: {'%2F_eve.trade.settlement.commands',rabbit@cbed70e1a17b}[0m
rabbitmq-1  | 2026-06-27T16:04:28.019934077Z 2026-06-27 16:04:28.019334+00:00 [info] <0.907.0> accepting AMQP connection <0.907.0> (172.20.0.7:55604 -> 172.20.0.3:5672)[0m
rabbitmq-1  | 2026-06-27T16:04:28.022964938Z 2026-06-27 16:04:28.022592+00:00 [info] <0.907.0> connection <0.907.0> (172.20.0.7:55604 -> 172.20.0.3:5672): user 'eve_trade' authenticated and granted access to vhost '/'[0m
rabbitmq-1  | 2026-06-27T16:10:29.414225708Z [38;5;214m2026-06-27 16:10:29.409351+00:00 [warning] <0.875.0> closing AMQP connection <0.875.0> (172.20.0.6:38176 -> 172.20.0.3:5672, vhost: '/', user: 'eve_trade'):[0m
rabbitmq-1  | 2026-06-27T16:10:29.414816064Z [38;5;214m2026-06-27 16:10:29.409351+00:00 [warning] <0.875.0> client unexpectedly closed TCP connection[0m
rabbitmq-1  | 2026-06-27T16:10:30.019116225Z 2026-06-27 16:10:30.018333+00:00 [info] <0.907.0> closing AMQP connection <0.907.0> (172.20.0.7:55604 -> 172.20.0.3:5672, vhost: '/', user: 'eve_trade')[0m
rabbitmq-1  | 2026-06-27T16:10:36.399387787Z 2026-06-27 16:10:36.398905+00:00 [info] <0.1251.0> accepting AMQP connection <0.1251.0> (172.20.0.6:56048 -> 172.20.0.3:5672)[0m
rabbitmq-1  | 2026-06-27T16:10:36.404556134Z 2026-06-27 16:10:36.404159+00:00 [info] <0.1251.0> connection <0.1251.0> (172.20.0.6:56048 -> 172.20.0.3:5672): user 'eve_trade' authenticated and granted access to vhost '/'[0m
rabbitmq-1  | 2026-06-27T16:10:39.197183635Z 2026-06-27 16:10:39.196490+00:00 [info] <0.1268.0> accepting AMQP connection <0.1268.0> (172.20.0.7:47554 -> 172.20.0.3:5672)[0m
rabbitmq-1  | 2026-06-27T16:10:39.204003657Z 2026-06-27 16:10:39.202531+00:00 [info] <0.1268.0> connection <0.1268.0> (172.20.0.7:47554 -> 172.20.0.3:5672): user 'eve_trade' authenticated and granted access to vhost '/'[0m
rabbitmq-1  | 2026-06-27T16:15:49.239577316Z [38;5;214m2026-06-27 16:15:49.228283+00:00 [warning] <0.1251.0> closing AMQP connection <0.1251.0> (172.20.0.6:56048 -> 172.20.0.3:5672, vhost: '/', user: 'eve_trade'):[0m
rabbitmq-1  | 2026-06-27T16:15:49.239952664Z [38;5;214m2026-06-27 16:15:49.228283+00:00 [warning] <0.1251.0> client unexpectedly closed TCP connection[0m
rabbitmq-1  | 2026-06-27T16:15:50.433967805Z 2026-06-27 16:15:50.433045+00:00 [info] <0.1268.0> closing AMQP connection <0.1268.0> (172.20.0.7:47554 -> 172.20.0.3:5672, vhost: '/', user: 'eve_trade')[0m
rabbitmq-1  | 2026-06-27T16:16:01.484980873Z 2026-06-27 16:16:01.481967+00:00 [info] <0.1551.0> accepting AMQP connection <0.1551.0> (172.20.0.6:35574 -> 172.20.0.3:5672)[0m
rabbitmq-1  | 2026-06-27T16:16:01.504115658Z 2026-06-27 16:16:01.502950+00:00 [info] <0.1551.0> connection <0.1551.0> (172.20.0.6:35574 -> 172.20.0.3:5672): user 'eve_trade' authenticated and granted access to vhost '/'[0m
rabbitmq-1  | 2026-06-27T16:16:04.342041586Z 2026-06-27 16:16:04.341034+00:00 [info] <0.1566.0> accepting AMQP connection <0.1566.0> (172.20.0.7:56730 -> 172.20.0.3:5672)[0m
rabbitmq-1  | 2026-06-27T16:16:04.346629516Z 2026-06-27 16:16:04.346265+00:00 [info] <0.1566.0> connection <0.1566.0> (172.20.0.7:56730 -> 172.20.0.3:5672): user 'eve_trade' authenticated and granted access to vhost '/'[0m
