simulator-1  | 2026-06-27T16:16:13.199530731Z Operations to perform:
simulator-1  | 2026-06-27T16:16:13.199562298Z   Apply all migrations: admin, auth, contenttypes, sessions, trade_gui
simulator-1  | 2026-06-27T16:16:13.199565529Z Running migrations:
simulator-1  | 2026-06-27T16:16:13.199567609Z   No migrations to apply.
simulator-1  | 2026-06-27T16:16:14.209169305Z seeded 7 trade GUI buttons
simulator-1  | 2026-06-27T16:16:14.927903106Z Watching for file changes with StatReloader
simulator-1  | 2026-06-27T16:16:15.168289584Z [27/Jun/2026 16:16:15] "GET /api/gui/buttons/ HTTP/1.1" 200 2786
simulator-1  | 2026-06-27T16:16:17.295971609Z [27/Jun/2026 16:16:17] "GET /api/gui/buttons/ HTTP/1.1" 200 2786
simulator-1  | 2026-06-27T16:16:19.435563340Z [27/Jun/2026 16:16:19] "GET /api/gui/buttons/ HTTP/1.1" 200 2786
simulator-1  | 2026-06-27T16:16:21.577273543Z [27/Jun/2026 16:16:21] "GET /api/gui/buttons/ HTTP/1.1" 200 2786
simulator-1  | 2026-06-27T16:16:23.696674002Z [27/Jun/2026 16:16:23] "GET /api/gui/buttons/ HTTP/1.1" 200 2786
simulator-1  | 2026-06-27T16:16:25.808393985Z [27/Jun/2026 16:16:25] "GET /api/gui/buttons/ HTTP/1.1" 200 2786
simulator-1  | 2026-06-27T16:16:27.964742792Z [27/Jun/2026 16:16:27] "GET /api/gui/buttons/ HTTP/1.1" 200 2786
simulator-1  | 2026-06-27T16:16:29.643476648Z [27/Jun/2026 16:16:29] "GET /api/gui/buttons/ HTTP/1.1" 200 2786
simulator-1  | 2026-06-27T16:16:29.798085590Z [27/Jun/2026 16:16:29] "GET /api/gui/buttons/ HTTP/1.1" 200 2786
simulator-1  | 2026-06-27T16:16:29.889945284Z [27/Jun/2026 16:16:29] "POST /api/gui/buttons/1/press/ HTTP/1.1" 202 1210
simulator-1  | 2026-06-27T16:16:30.077775618Z [27/Jun/2026 16:16:30] "GET /api/gui/buttons/ HTTP/1.1" 200 2786
simulator-1  | 2026-06-27T16:16:30.100047229Z [27/Jun/2026 16:16:30] "GET /api/gui/buttons/ HTTP/1.1" 200 2786
simulator-1  | 2026-06-27T16:16:30.118342376Z [27/Jun/2026 16:16:30] "POST /api/gui/buttons/1/press/ HTTP/1.1" 202 1210
simulator-1  | 2026-06-27T16:16:30.273444175Z [27/Jun/2026 16:16:30] "GET /api/gui/buttons/ HTTP/1.1" 200 2786
simulator-1  | 2026-06-27T16:16:30.330910560Z [27/Jun/2026 16:16:30] "POST /api/gui/buttons/1/press/ HTTP/1.1" 202 1210
simulator-1  | 2026-06-27T16:16:30.491246079Z [27/Jun/2026 16:16:30] "GET /api/gui/buttons/ HTTP/1.1" 200 2786
simulator-1  | 2026-06-27T16:16:30.508333716Z [27/Jun/2026 16:16:30] "POST /api/gui/buttons/1/press/ HTTP/1.1" 202 1037
simulator-1  | 2026-06-27T16:16:30.683284319Z [27/Jun/2026 16:16:30] "GET /api/gui/buttons/ HTTP/1.1" 200 2786
simulator-1  | 2026-06-27T16:16:30.700838308Z [27/Jun/2026 16:16:30] "POST /api/gui/buttons/1/press/ HTTP/1.1" 202 1039
simulator-1  | 2026-06-27T16:16:30.885557502Z [27/Jun/2026 16:16:30] "GET /api/gui/buttons/ HTTP/1.1" 200 2786
simulator-1  | 2026-06-27T16:16:30.901215352Z [27/Jun/2026 16:16:30] "POST /api/gui/buttons/1/press/ HTTP/1.1" 202 1059
simulator-1  | 2026-06-27T16:16:31.087909741Z [27/Jun/2026 16:16:31] "GET /api/gui/buttons/ HTTP/1.1" 200 2786
simulator-1  | 2026-06-27T16:16:31.101914596Z [27/Jun/2026 16:16:31] "POST /api/gui/buttons/1/press/ HTTP/1.1" 202 1058
simulator-1  | 2026-06-27T16:16:31.296751234Z [27/Jun/2026 16:16:31] "GET /api/gui/buttons/ HTTP/1.1" 200 2786
simulator-1  | 2026-06-27T16:16:31.313335491Z [27/Jun/2026 16:16:31] "POST /api/gui/buttons/1/press/ HTTP/1.1" 202 1061
simulator-1  | 2026-06-27T16:16:31.501252583Z [27/Jun/2026 16:16:31] "GET /api/gui/buttons/ HTTP/1.1" 200 2786
simulator-1  | 2026-06-27T16:16:31.517152907Z [27/Jun/2026 16:16:31] "POST /api/gui/buttons/1/press/ HTTP/1.1" 202 1044
simulator-1  | 2026-06-27T16:16:31.692114266Z [27/Jun/2026 16:16:31] "GET /api/gui/buttons/ HTTP/1.1" 200 2786
simulator-1  | 2026-06-27T16:16:31.723393083Z [27/Jun/2026 16:16:31] "POST /api/gui/buttons/1/press/ HTTP/1.1" 202 1211
simulator-1  | 2026-06-27T16:16:31.868073114Z [27/Jun/2026 16:16:31] "GET /api/gui/buttons/ HTTP/1.1" 200 2786
simulator-1  | 2026-06-27T16:16:31.901368317Z [27/Jun/2026 16:16:31] "POST /api/gui/buttons/1/press/ HTTP/1.1" 202 1211
simulator-1  | 2026-06-27T16:16:31.996762519Z [27/Jun/2026 16:16:31] "POST /api/gui/buttons/2/press/ HTTP/1.1" 202 1232
simulator-1  | 2026-06-27T16:16:32.143483370Z [27/Jun/2026 16:16:32] "GET /api/gui/buttons/ HTTP/1.1" 200 2786
simulator-1  | 2026-06-27T16:16:32.178014547Z [27/Jun/2026 16:16:32] "POST /api/gui/buttons/1/press/ HTTP/1.1" 202 1211
simulator-1  | 2026-06-27T16:16:32.229225650Z [27/Jun/2026 16:16:32] "GET /api/gui/buttons/ HTTP/1.1" 200 2786
simulator-1  | 2026-06-27T16:16:32.263398879Z [27/Jun/2026 16:16:32] "POST /api/gui/buttons/2/press/ HTTP/1.1" 202 1232
simulator-1  | 2026-06-27T16:16:32.449202767Z [27/Jun/2026 16:16:32] "GET /api/gui/buttons/ HTTP/1.1" 200 2786
simulator-1  | 2026-06-27T16:16:32.487399329Z [27/Jun/2026 16:16:32] "POST /api/gui/buttons/1/press/ HTTP/1.1" 202 1211
simulator-1  | 2026-06-27T16:16:32.529056545Z [27/Jun/2026 16:16:32] "POST /api/gui/buttons/2/press/ HTTP/1.1" 202 1232
simulator-1  | 2026-06-27T16:16:32.689268614Z [27/Jun/2026 16:16:32] "GET /api/gui/buttons/ HTTP/1.1" 200 2786
simulator-1  | 2026-06-27T16:16:32.725105196Z [27/Jun/2026 16:16:32] "POST /api/gui/buttons/1/press/ HTTP/1.1" 202 1211
simulator-1  | 2026-06-27T16:16:32.815543910Z [27/Jun/2026 16:16:32] "POST /api/gui/buttons/2/press/ HTTP/1.1" 202 1232
simulator-1  | 2026-06-27T16:16:32.983801650Z [27/Jun/2026 16:16:32] "GET /api/gui/buttons/ HTTP/1.1" 200 2786
simulator-1  | 2026-06-27T16:16:33.016339248Z [27/Jun/2026 16:16:33] "POST /api/gui/buttons/1/press/ HTTP/1.1" 202 1211
simulator-1  | 2026-06-27T16:16:33.099763394Z [27/Jun/2026 16:16:33] "POST /api/gui/buttons/2/press/ HTTP/1.1" 202 1304
simulator-1  | 2026-06-27T16:16:33.281992073Z [27/Jun/2026 16:16:33] "GET /api/gui/buttons/ HTTP/1.1" 200 2786
simulator-1  | 2026-06-27T16:16:33.331968745Z [27/Jun/2026 16:16:33] "POST /api/gui/buttons/1/press/ HTTP/1.1" 202 1213
simulator-1  | 2026-06-27T16:16:33.460931355Z [27/Jun/2026 16:16:33] "POST /api/gui/buttons/2/press/ HTTP/1.1" 202 1232
simulator-1  | 2026-06-27T16:16:33.636604646Z [27/Jun/2026 16:16:33] "GET /api/gui/buttons/ HTTP/1.1" 200 2786
simulator-1  | 2026-06-27T16:16:33.674893307Z [27/Jun/2026 16:16:33] "POST /api/gui/buttons/1/press/ HTTP/1.1" 202 1213
simulator-1  | 2026-06-27T16:16:33.763507015Z [27/Jun/2026 16:16:33] "POST /api/gui/buttons/2/press/ HTTP/1.1" 202 1232
simulator-1  | 2026-06-27T16:16:33.928989785Z [27/Jun/2026 16:16:33] "GET /api/gui/buttons/ HTTP/1.1" 200 2786
simulator-1  | 2026-06-27T16:16:33.967779009Z [27/Jun/2026 16:16:33] "POST /api/gui/buttons/1/press/ HTTP/1.1" 202 1213
simulator-1  | 2026-06-27T16:16:34.008326283Z [27/Jun/2026 16:16:34] "POST /api/gui/buttons/2/press/ HTTP/1.1" 202 1232
simulator-1  | 2026-06-27T16:16:34.172035319Z [27/Jun/2026 16:16:34] "GET /api/gui/buttons/ HTTP/1.1" 200 2786
simulator-1  | 2026-06-27T16:16:34.207374438Z [27/Jun/2026 16:16:34] "POST /api/gui/buttons/1/press/ HTTP/1.1" 202 1213
simulator-1  | 2026-06-27T16:16:34.290778161Z [27/Jun/2026 16:16:34] "POST /api/gui/buttons/2/press/ HTTP/1.1" 202 1232
simulator-1  | 2026-06-27T16:16:34.352687165Z [27/Jun/2026 16:16:34] "GET /api/gui/buttons/ HTTP/1.1" 200 2786
simulator-1  | 2026-06-27T16:16:34.451652421Z [27/Jun/2026 16:16:34] "GET /api/gui/buttons/ HTTP/1.1" 200 2786
simulator-1  | 2026-06-27T16:16:34.492052011Z [27/Jun/2026 16:16:34] "POST /api/gui/buttons/1/press/ HTTP/1.1" 202 1211
simulator-1  | 2026-06-27T16:16:34.580247388Z [27/Jun/2026 16:16:34] "POST /api/gui/buttons/2/press/ HTTP/1.1" 202 1232
simulator-1  | 2026-06-27T16:16:34.726611542Z [27/Jun/2026 16:16:34] "GET /api/gui/buttons/ HTTP/1.1" 200 2786
simulator-1  | 2026-06-27T16:16:34.754985815Z [27/Jun/2026 16:16:34] "POST /api/gui/buttons/1/press/ HTTP/1.1" 202 1213
simulator-1  | 2026-06-27T16:16:34.830121260Z [27/Jun/2026 16:16:34] "POST /api/gui/buttons/2/press/ HTTP/1.1" 202 1232
simulator-1  | 2026-06-27T16:16:34.973057025Z [27/Jun/2026 16:16:34] "GET /api/gui/buttons/ HTTP/1.1" 200 2786
simulator-1  | 2026-06-27T16:16:35.001948842Z [27/Jun/2026 16:16:35] "POST /api/gui/buttons/1/press/ HTTP/1.1" 202 1211
simulator-1  | 2026-06-27T16:16:35.074757863Z [27/Jun/2026 16:16:35] "POST /api/gui/buttons/2/press/ HTTP/1.1" 202 1232
simulator-1  | 2026-06-27T16:16:35.211689494Z [27/Jun/2026 16:16:35] "GET /api/gui/buttons/ HTTP/1.1" 200 2786
simulator-1  | 2026-06-27T16:16:35.242978312Z [27/Jun/2026 16:16:35] "POST /api/gui/buttons/1/press/ HTTP/1.1" 202 1211
simulator-1  | 2026-06-27T16:16:35.281970242Z [27/Jun/2026 16:16:35] "POST /api/gui/buttons/2/press/ HTTP/1.1" 202 1232
simulator-1  | 2026-06-27T16:16:35.421257498Z [27/Jun/2026 16:16:35] "GET /api/gui/buttons/ HTTP/1.1" 200 2786
simulator-1  | 2026-06-27T16:16:35.449455747Z [27/Jun/2026 16:16:35] "POST /api/gui/buttons/1/press/ HTTP/1.1" 202 1211
simulator-1  | 2026-06-27T16:16:35.463916115Z [27/Jun/2026 16:16:35] "POST /api/gui/buttons/2/press/ HTTP/1.1" 202 1093
simulator-1  | 2026-06-27T16:16:35.699005438Z [27/Jun/2026 16:16:35] "GET /api/gui/buttons/ HTTP/1.1" 200 2786
simulator-1  | 2026-06-27T16:16:35.735010401Z [27/Jun/2026 16:16:35] "POST /api/gui/buttons/1/press/ HTTP/1.1" 202 1211
simulator-1  | 2026-06-27T16:16:35.754444983Z [27/Jun/2026 16:16:35] "POST /api/gui/buttons/2/press/ HTTP/1.1" 202 1058
simulator-1  | 2026-06-27T16:16:35.969132879Z [27/Jun/2026 16:16:35] "GET /api/gui/buttons/ HTTP/1.1" 200 2786
simulator-1  | 2026-06-27T16:16:36.010672184Z [27/Jun/2026 16:16:36] "POST /api/gui/buttons/1/press/ HTTP/1.1" 202 1211
simulator-1  | 2026-06-27T16:16:36.031651668Z [27/Jun/2026 16:16:36] "POST /api/gui/buttons/2/press/ HTTP/1.1" 202 1060
simulator-1  | 2026-06-27T16:16:36.227181342Z [27/Jun/2026 16:16:36] "GET /api/gui/buttons/ HTTP/1.1" 200 2786
simulator-1  | 2026-06-27T16:16:36.262697299Z [27/Jun/2026 16:16:36] "POST /api/gui/buttons/1/press/ HTTP/1.1" 202 1211
simulator-1  | 2026-06-27T16:16:36.293663672Z [27/Jun/2026 16:16:36] "POST /api/gui/buttons/2/press/ HTTP/1.1" 202 1106
simulator-1  | 2026-06-27T16:16:36.498138351Z [27/Jun/2026 16:16:36] "GET /api/gui/buttons/ HTTP/1.1" 200 2786
simulator-1  | 2026-06-27T16:16:36.507093189Z [27/Jun/2026 16:16:36] "GET /api/gui/buttons/ HTTP/1.1" 200 2786
simulator-1  | 2026-06-27T16:16:36.533496867Z [27/Jun/2026 16:16:36] "POST /api/gui/buttons/1/press/ HTTP/1.1" 202 1211
simulator-1  | 2026-06-27T16:16:36.612657126Z [27/Jun/2026 16:16:36] "POST /api/gui/buttons/3/press/ HTTP/1.1" 202 858
simulator-1  | 2026-06-27T16:16:36.693457089Z [27/Jun/2026 16:16:36] "POST /api/gui/buttons/2/press/ HTTP/1.1" 202 1038
simulator-1  | 2026-06-27T16:16:36.879383868Z [27/Jun/2026 16:16:36] "GET /api/gui/buttons/ HTTP/1.1" 200 2786
simulator-1  | 2026-06-27T16:16:36.909788534Z [27/Jun/2026 16:16:36] "POST /api/gui/buttons/1/press/ HTTP/1.1" 202 1211
simulator-1  | 2026-06-27T16:16:37.004984928Z [27/Jun/2026 16:16:37] "POST /api/gui/buttons/2/press/ HTTP/1.1" 202 1232
simulator-1  | 2026-06-27T16:16:37.024988236Z [27/Jun/2026 16:16:37] "POST /api/gui/buttons/2/press/ HTTP/1.1" 202 1056
simulator-1  | 2026-06-27T16:16:37.213523187Z [27/Jun/2026 16:16:37] "GET /api/gui/buttons/ HTTP/1.1" 200 2786
simulator-1  | 2026-06-27T16:16:37.247168208Z [27/Jun/2026 16:16:37] "POST /api/gui/buttons/1/press/ HTTP/1.1" 202 1211
simulator-1  | 2026-06-27T16:16:37.265432966Z [27/Jun/2026 16:16:37] "POST /api/gui/buttons/2/press/ HTTP/1.1" 202 1042
simulator-1  | 2026-06-27T16:16:37.461257466Z [27/Jun/2026 16:16:37] "GET /api/gui/buttons/ HTTP/1.1" 200 2786
simulator-1  | 2026-06-27T16:16:37.489474594Z [27/Jun/2026 16:16:37] "POST /api/gui/buttons/1/press/ HTTP/1.1" 202 1211
simulator-1  | 2026-06-27T16:16:37.561979929Z [27/Jun/2026 16:16:37] "POST /api/gui/buttons/3/press/ HTTP/1.1" 202 858
simulator-1  | 2026-06-27T16:16:37.769476117Z [27/Jun/2026 16:16:37] "GET /api/gui/buttons/ HTTP/1.1" 200 2786
simulator-1  | 2026-06-27T16:16:37.798649377Z [27/Jun/2026 16:16:37] "POST /api/gui/buttons/1/press/ HTTP/1.1" 202 1211
simulator-1  | 2026-06-27T16:16:37.827974070Z [27/Jun/2026 16:16:37] "POST /api/gui/buttons/3/press/ HTTP/1.1" 202 858
simulator-1  | 2026-06-27T16:16:38.006315198Z [27/Jun/2026 16:16:38] "GET /api/gui/buttons/ HTTP/1.1" 200 2786
simulator-1  | 2026-06-27T16:16:38.034670199Z [27/Jun/2026 16:16:38] "POST /api/gui/buttons/1/press/ HTTP/1.1" 202 1211
simulator-1  | 2026-06-27T16:16:38.104338547Z [27/Jun/2026 16:16:38] "POST /api/gui/buttons/3/press/ HTTP/1.1" 202 858
simulator-1  | 2026-06-27T16:16:38.288468192Z [27/Jun/2026 16:16:38] "GET /api/gui/buttons/ HTTP/1.1" 200 2786
simulator-1  | 2026-06-27T16:16:38.321867367Z [27/Jun/2026 16:16:38] "POST /api/gui/buttons/1/press/ HTTP/1.1" 202 1213
simulator-1  | 2026-06-27T16:16:38.411449456Z [27/Jun/2026 16:16:38] "POST /api/gui/buttons/2/press/ HTTP/1.1" 202 1232
simulator-1  | 2026-06-27T16:16:38.491647215Z [27/Jun/2026 16:16:38] "POST /api/gui/buttons/3/press/ HTTP/1.1" 202 858
simulator-1  | 2026-06-27T16:16:38.644923375Z [27/Jun/2026 16:16:38] "GET /api/gui/buttons/ HTTP/1.1" 200 2786
simulator-1  | 2026-06-27T16:16:38.736997915Z [27/Jun/2026 16:16:38] "GET /api/gui/buttons/ HTTP/1.1" 200 2786
simulator-1  | 2026-06-27T16:16:38.775112906Z [27/Jun/2026 16:16:38] "POST /api/gui/buttons/1/press/ HTTP/1.1" 202 1213
simulator-1  | 2026-06-27T16:16:38.865956840Z [27/Jun/2026 16:16:38] "POST /api/gui/buttons/2/press/ HTTP/1.1" 202 1232
simulator-1  | 2026-06-27T16:16:38.944003196Z [27/Jun/2026 16:16:38] "POST /api/gui/buttons/3/press/ HTTP/1.1" 202 858
simulator-1  | 2026-06-27T16:16:39.156379755Z [27/Jun/2026 16:16:39] "GET /api/gui/buttons/ HTTP/1.1" 200 2786
simulator-1  | 2026-06-27T16:16:39.193758325Z [27/Jun/2026 16:16:39] "POST /api/gui/buttons/1/press/ HTTP/1.1" 202 1211
simulator-1  | 2026-06-27T16:16:39.214432211Z [27/Jun/2026 16:16:39] "POST /api/gui/buttons/3/press/ HTTP/1.1" 202 816
simulator-1  | 2026-06-27T16:16:39.434528263Z [27/Jun/2026 16:16:39] "GET /api/gui/buttons/ HTTP/1.1" 200 2786
simulator-1  | 2026-06-27T16:16:39.483788663Z [27/Jun/2026 16:16:39] "POST /api/gui/buttons/1/press/ HTTP/1.1" 202 1211
simulator-1  | 2026-06-27T16:16:39.519269960Z [27/Jun/2026 16:16:39] "POST /api/gui/buttons/2/press/ HTTP/1.1" 202 1232
simulator-1  | 2026-06-27T16:16:39.533700406Z [27/Jun/2026 16:16:39] "POST /api/gui/buttons/3/press/ HTTP/1.1" 202 795
simulator-1  | 2026-06-27T16:16:39.707808989Z [27/Jun/2026 16:16:39] "GET /api/gui/buttons/ HTTP/1.1" 200 2786
simulator-1  | 2026-06-27T16:16:39.740043133Z [27/Jun/2026 16:16:39] "POST /api/gui/buttons/1/press/ HTTP/1.1" 202 1211
simulator-1  | 2026-06-27T16:16:39.811578744Z [27/Jun/2026 16:16:39] "POST /api/gui/buttons/3/press/ HTTP/1.1" 202 858
simulator-1  | 2026-06-27T16:16:39.948839643Z [27/Jun/2026 16:16:39] "POST /api/gui/buttons/3/press/ HTTP/1.1" 202 813
simulator-1  | 2026-06-27T16:16:40.139300487Z [27/Jun/2026 16:16:40] "GET /api/gui/buttons/ HTTP/1.1" 200 2786
simulator-1  | 2026-06-27T16:16:40.168683440Z [27/Jun/2026 16:16:40] "POST /api/gui/buttons/1/press/ HTTP/1.1" 202 1211
simulator-1  | 2026-06-27T16:16:40.239356834Z [27/Jun/2026 16:16:40] "POST /api/gui/buttons/3/press/ HTTP/1.1" 202 858
simulator-1  | 2026-06-27T16:16:40.433341785Z [27/Jun/2026 16:16:40] "GET /api/gui/buttons/ HTTP/1.1" 200 2786
simulator-1  | 2026-06-27T16:16:40.465402002Z [27/Jun/2026 16:16:40] "POST /api/gui/buttons/1/press/ HTTP/1.1" 202 1235
simulator-1  | 2026-06-27T16:16:40.477890074Z [27/Jun/2026 16:16:40] "POST /api/gui/buttons/1/press/ HTTP/1.1" 202 1009
simulator-1  | 2026-06-27T16:16:40.674208408Z [27/Jun/2026 16:16:40] "GET /api/gui/buttons/ HTTP/1.1" 200 2786
simulator-1  | 2026-06-27T16:16:40.703891486Z [27/Jun/2026 16:16:40] "POST /api/gui/buttons/1/press/ HTTP/1.1" 202 1235
simulator-1  | 2026-06-27T16:16:40.719377795Z [27/Jun/2026 16:16:40] "POST /api/gui/buttons/1/press/ HTTP/1.1" 202 1009
simulator-1  | 2026-06-27T16:16:40.778441927Z [27/Jun/2026 16:16:40] "GET /api/gui/buttons/ HTTP/1.1" 200 2786
simulator-1  | 2026-06-27T16:16:40.914646776Z [27/Jun/2026 16:16:40] "GET /api/gui/buttons/ HTTP/1.1" 200 2786
simulator-1  | 2026-06-27T16:16:40.949427006Z [27/Jun/2026 16:16:40] "POST /api/gui/buttons/1/press/ HTTP/1.1" 202 1211
simulator-1  | 2026-06-27T16:16:41.026822298Z [27/Jun/2026 16:16:41] "POST /api/gui/buttons/2/press/ HTTP/1.1" 202 1256
simulator-1  | 2026-06-27T16:16:41.043000843Z [27/Jun/2026 16:16:41] "POST /api/gui/buttons/2/press/ HTTP/1.1" 202 1019
simulator-1  | 2026-06-27T16:16:41.237064150Z [27/Jun/2026 16:16:41] "GET /api/gui/buttons/ HTTP/1.1" 200 2786
simulator-1  | 2026-06-27T16:16:41.271889030Z [27/Jun/2026 16:16:41] "POST /api/gui/buttons/1/press/ HTTP/1.1" 202 1211
simulator-1  | 2026-06-27T16:16:41.322107882Z [27/Jun/2026 16:16:41] "POST /api/gui/buttons/2/press/ HTTP/1.1" 202 1256
simulator-1  | 2026-06-27T16:16:41.348502741Z [27/Jun/2026 16:16:41] "POST /api/gui/buttons/2/press/ HTTP/1.1" 202 1019
simulator-1  | 2026-06-27T16:16:41.584385092Z [27/Jun/2026 16:16:41] "GET /api/gui/buttons/ HTTP/1.1" 200 2786
simulator-1  | 2026-06-27T16:16:41.630995000Z [27/Jun/2026 16:16:41] "POST /api/gui/buttons/1/press/ HTTP/1.1" 202 1211
simulator-1  | 2026-06-27T16:16:41.715535198Z [27/Jun/2026 16:16:41] "POST /api/gui/buttons/3/press/ HTTP/1.1" 202 882
simulator-1  | 2026-06-27T16:16:41.782489342Z [27/Jun/2026 16:16:41] "POST /api/gui/buttons/3/press/ HTTP/1.1" 202 776
simulator-1  | 2026-06-27T16:16:41.992551893Z [27/Jun/2026 16:16:41] "GET /api/gui/buttons/ HTTP/1.1" 200 2786
simulator-1  | 2026-06-27T16:16:42.024048899Z [27/Jun/2026 16:16:42] "POST /api/gui/buttons/1/press/ HTTP/1.1" 202 1247
simulator-1  | 2026-06-27T16:16:42.038649540Z [27/Jun/2026 16:16:42] "POST /api/gui/buttons/1/press/ HTTP/1.1" 202 1018
simulator-1  | 2026-06-27T16:16:42.228866088Z [27/Jun/2026 16:16:42] "GET /api/gui/buttons/ HTTP/1.1" 200 2786
simulator-1  | 2026-06-27T16:16:42.260073986Z [27/Jun/2026 16:16:42] "POST /api/gui/buttons/1/press/ HTTP/1.1" 202 1213
simulator-1  | 2026-06-27T16:16:42.347277514Z [27/Jun/2026 16:16:42] "POST /api/gui/buttons/2/press/ HTTP/1.1" 202 1268
simulator-1  | 2026-06-27T16:16:42.366546126Z [27/Jun/2026 16:16:42] "POST /api/gui/buttons/2/press/ HTTP/1.1" 202 1028
simulator-1  | 2026-06-27T16:16:42.564046096Z [27/Jun/2026 16:16:42] "GET /api/gui/buttons/ HTTP/1.1" 200 2786
simulator-1  | 2026-06-27T16:16:42.596260671Z [27/Jun/2026 16:16:42] "POST /api/gui/buttons/1/press/ HTTP/1.1" 202 1213
simulator-1  | 2026-06-27T16:16:42.667347514Z [27/Jun/2026 16:16:42] "POST /api/gui/buttons/3/press/ HTTP/1.1" 202 894
simulator-1  | 2026-06-27T16:16:42.724609939Z [27/Jun/2026 16:16:42] "POST /api/gui/buttons/3/press/ HTTP/1.1" 202 785
simulator-1  | 2026-06-27T16:16:42.872680504Z [27/Jun/2026 16:16:42] "GET /api/gui/buttons/ HTTP/1.1" 200 2786
simulator-1  | 2026-06-27T16:16:42.909262731Z [27/Jun/2026 16:16:42] "GET /api/gui/buttons/ HTTP/1.1" 200 2786
simulator-1  | 2026-06-27T16:16:42.941258896Z [27/Jun/2026 16:16:42] "POST /api/gui/buttons/1/press/ HTTP/1.1" 202 1235
simulator-1  | 2026-06-27T16:16:42.955227180Z [27/Jun/2026 16:16:42] "POST /api/gui/buttons/1/press/ HTTP/1.1" 202 1009
simulator-1  | 2026-06-27T16:16:43.148891056Z [27/Jun/2026 16:16:43] "GET /api/gui/buttons/ HTTP/1.1" 200 2786
simulator-1  | 2026-06-27T16:16:43.170958558Z [27/Jun/2026 16:16:43] "POST /api/gui/buttons/1/press/ HTTP/1.1" 202 1039
simulator-1  | 2026-06-27T16:16:43.377252204Z [27/Jun/2026 16:16:43] "GET /api/gui/buttons/ HTTP/1.1" 200 2786
simulator-1  | 2026-06-27T16:16:43.395192780Z [27/Jun/2026 16:16:43] "POST /api/gui/buttons/1/press/ HTTP/1.1" 202 1039
simulator-1  | 2026-06-27T16:16:43.610523212Z [27/Jun/2026 16:16:43] "GET /api/gui/buttons/ HTTP/1.1" 200 2786
simulator-1  | 2026-06-27T16:16:43.650566404Z [27/Jun/2026 16:16:43] "POST /api/gui/buttons/1/press/ HTTP/1.1" 202 1212
simulator-1  | 2026-06-27T16:16:43.685932017Z [27/Jun/2026 16:16:43] "POST /api/gui/buttons/2/press/ HTTP/1.1" 202 1107
simulator-1  | 2026-06-27T16:16:43.884798933Z [27/Jun/2026 16:16:43] "GET /api/gui/buttons/ HTTP/1.1" 200 2786
simulator-1  | 2026-06-27T16:16:43.916800391Z [27/Jun/2026 16:16:43] "POST /api/gui/buttons/1/press/ HTTP/1.1" 202 1212
simulator-1  | 2026-06-27T16:16:43.946941700Z [27/Jun/2026 16:16:43] "POST /api/gui/buttons/2/press/ HTTP/1.1" 202 1107
simulator-1  | 2026-06-27T16:16:44.124848646Z [27/Jun/2026 16:16:44] "GET /api/gui/buttons/ HTTP/1.1" 200 2786
simulator-1  | 2026-06-27T16:16:44.155158728Z [27/Jun/2026 16:16:44] "POST /api/gui/buttons/1/press/ HTTP/1.1" 202 1212
simulator-1  | 2026-06-27T16:16:44.191611909Z [27/Jun/2026 16:16:44] "POST /api/gui/buttons/2/press/ HTTP/1.1" 202 1107
simulator-1  | 2026-06-27T16:16:44.381024607Z [27/Jun/2026 16:16:44] "GET /api/gui/buttons/ HTTP/1.1" 200 2786
simulator-1  | 2026-06-27T16:16:44.411177551Z [27/Jun/2026 16:16:44] "POST /api/gui/buttons/1/press/ HTTP/1.1" 202 1212
simulator-1  | 2026-06-27T16:16:44.440848402Z [27/Jun/2026 16:16:44] "POST /api/gui/buttons/2/press/ HTTP/1.1" 202 1107
simulator-1  | 2026-06-27T16:16:44.678493728Z [27/Jun/2026 16:16:44] "GET /api/gui/buttons/ HTTP/1.1" 200 2786
simulator-1  | 2026-06-27T16:16:44.714972142Z [27/Jun/2026 16:16:44] "POST /api/gui/buttons/1/press/ HTTP/1.1" 202 1212
simulator-1  | 2026-06-27T16:16:44.747306884Z [27/Jun/2026 16:16:44] "POST /api/gui/buttons/2/press/ HTTP/1.1" 202 1107
simulator-1  | 2026-06-27T16:16:44.971979664Z [27/Jun/2026 16:16:44] "GET /api/gui/buttons/ HTTP/1.1" 200 2786
simulator-1  | 2026-06-27T16:16:45.017494707Z [27/Jun/2026 16:16:45] "POST /api/gui/buttons/1/press/ HTTP/1.1" 202 1212
simulator-1  | 2026-06-27T16:16:45.021528157Z [27/Jun/2026 16:16:45] "GET /api/gui/buttons/ HTTP/1.1" 200 2786
simulator-1  | 2026-06-27T16:16:45.052131905Z [27/Jun/2026 16:16:45] "POST /api/gui/buttons/2/press/ HTTP/1.1" 202 1107
simulator-1  | 2026-06-27T16:16:45.255831397Z [27/Jun/2026 16:16:45] "GET /api/gui/buttons/ HTTP/1.1" 200 2786
simulator-1  | 2026-06-27T16:16:45.290432365Z [27/Jun/2026 16:16:45] "POST /api/gui/buttons/1/press/ HTTP/1.1" 202 1212
simulator-1  | 2026-06-27T16:16:45.319447357Z [27/Jun/2026 16:16:45] "POST /api/gui/buttons/2/press/ HTTP/1.1" 202 1236
simulator-1  | 2026-06-27T16:16:45.472718207Z [27/Jun/2026 16:16:45] "GET /api/gui/buttons/ HTTP/1.1" 200 2786
simulator-1  | 2026-06-27T16:16:45.510703581Z [27/Jun/2026 16:16:45] "POST /api/gui/buttons/1/press/ HTTP/1.1" 202 1212
simulator-1  | 2026-06-27T16:16:45.535732366Z [27/Jun/2026 16:16:45] "POST /api/gui/buttons/2/press/ HTTP/1.1" 202 1215
simulator-1  | 2026-06-27T16:16:45.687324459Z [27/Jun/2026 16:16:45] "GET /api/gui/buttons/ HTTP/1.1" 200 2786
simulator-1  | 2026-06-27T16:16:45.721344265Z [27/Jun/2026 16:16:45] "POST /api/gui/buttons/1/press/ HTTP/1.1" 202 1212
simulator-1  | 2026-06-27T16:16:45.745603997Z [27/Jun/2026 16:16:45] "POST /api/gui/buttons/2/press/ HTTP/1.1" 202 1233
simulator-1  | 2026-06-27T16:16:45.880278700Z [27/Jun/2026 16:16:45] "GET /api/gui/buttons/ HTTP/1.1" 200 2786
simulator-1  | 2026-06-27T16:16:45.908498897Z [27/Jun/2026 16:16:45] "POST /api/gui/buttons/1/press/ HTTP/1.1" 202 1212
simulator-1  | 2026-06-27T16:16:45.924153694Z [27/Jun/2026 16:16:45] "POST /api/gui/buttons/3/press/ HTTP/1.1" 202 817
simulator-1  | 2026-06-27T16:16:46.110449838Z [27/Jun/2026 16:16:46] "GET /api/gui/buttons/ HTTP/1.1" 200 2786
simulator-1  | 2026-06-27T16:16:46.143493736Z [27/Jun/2026 16:16:46] "POST /api/gui/buttons/1/press/ HTTP/1.1" 202 1212
simulator-1  | 2026-06-27T16:16:46.159871423Z [27/Jun/2026 16:16:46] "POST /api/gui/buttons/3/press/ HTTP/1.1" 202 817
simulator-1  | 2026-06-27T16:16:46.360490849Z [27/Jun/2026 16:16:46] "GET /api/gui/buttons/ HTTP/1.1" 200 2786
simulator-1  | 2026-06-27T16:16:46.399744708Z [27/Jun/2026 16:16:46] "POST /api/gui/buttons/1/press/ HTTP/1.1" 202 1214
simulator-1  | 2026-06-27T16:16:46.456597370Z [27/Jun/2026 16:16:46] "POST /api/gui/buttons/2/press/ HTTP/1.1" 202 1277
simulator-1  | 2026-06-27T16:16:46.469751194Z [27/Jun/2026 16:16:46] "POST /api/gui/buttons/2/press/ HTTP/1.1" 202 1191
simulator-1  | 2026-06-27T16:16:46.637008670Z [27/Jun/2026 16:16:46] "GET /api/gui/buttons/ HTTP/1.1" 200 2786
simulator-1  | 2026-06-27T16:16:46.675555334Z [27/Jun/2026 16:16:46] "POST /api/gui/buttons/1/press/ HTTP/1.1" 202 1214
simulator-1  | 2026-06-27T16:16:46.772447353Z [27/Jun/2026 16:16:46] "POST /api/gui/buttons/2/press/ HTTP/1.1" 202 1160
simulator-1  | 2026-06-27T16:16:46.778809159Z [27/Jun/2026 16:16:46] "POST /api/gui/buttons/2/press/ HTTP/1.1" 202 1305
simulator-1  | 2026-06-27T16:16:46.956350225Z [27/Jun/2026 16:16:46] "GET /api/gui/buttons/ HTTP/1.1" 200 2786
simulator-1  | 2026-06-27T16:16:46.997242714Z [27/Jun/2026 16:16:46] "POST /api/gui/buttons/1/press/ HTTP/1.1" 202 1212
simulator-1  | 2026-06-27T16:16:47.167216976Z [27/Jun/2026 16:16:47] "GET /api/gui/buttons/ HTTP/1.1" 200 2786
simulator-1  | 2026-06-27T16:16:47.183009319Z [27/Jun/2026 16:16:47] "GET /api/gui/buttons/ HTTP/1.1" 200 2786
simulator-1  | 2026-06-27T16:16:47.221680112Z [27/Jun/2026 16:16:47] "POST /api/gui/buttons/1/press/ HTTP/1.1" 202 1212
simulator-1  | 2026-06-27T16:16:47.317118511Z [27/Jun/2026 16:16:47] "POST /api/gui/buttons/2/press/ HTTP/1.1" 202 1233
simulator-1  | 2026-06-27T16:16:47.520408239Z [27/Jun/2026 16:16:47] "GET /api/gui/buttons/ HTTP/1.1" 200 2786
simulator-1  | 2026-06-27T16:16:47.562757169Z [27/Jun/2026 16:16:47] "POST /api/gui/buttons/1/press/ HTTP/1.1" 202 1212
simulator-1  | 2026-06-27T16:16:47.642644740Z [27/Jun/2026 16:16:47] "POST /api/gui/buttons/3/press/ HTTP/1.1" 202 859
simulator-1  | 2026-06-27T16:16:47.860055998Z [27/Jun/2026 16:16:47] "GET /api/gui/buttons/ HTTP/1.1" 200 2786
simulator-1  | 2026-06-27T16:16:47.896248411Z [27/Jun/2026 16:16:47] "POST /api/gui/buttons/1/press/ HTTP/1.1" 202 1212
simulator-1  | 2026-06-27T16:16:47.998668272Z [27/Jun/2026 16:16:47] "POST /api/gui/buttons/2/press/ HTTP/1.1" 202 1233
simulator-1  | 2026-06-27T16:16:48.161001905Z [27/Jun/2026 16:16:48] "GET /api/gui/buttons/ HTTP/1.1" 200 2786
simulator-1  | 2026-06-27T16:16:48.194609403Z [27/Jun/2026 16:16:48] "POST /api/gui/buttons/1/press/ HTTP/1.1" 202 1212
simulator-1  | 2026-06-27T16:16:48.283234700Z [27/Jun/2026 16:16:48] "POST /api/gui/buttons/2/press/ HTTP/1.1" 202 1233
simulator-1  | 2026-06-27T16:16:48.437281995Z [27/Jun/2026 16:16:48] "GET /api/gui/buttons/ HTTP/1.1" 200 2786
simulator-1  | 2026-06-27T16:16:48.472484035Z [27/Jun/2026 16:16:48] "POST /api/gui/buttons/1/press/ HTTP/1.1" 202 1212
simulator-1  | 2026-06-27T16:16:48.519827234Z [27/Jun/2026 16:16:48] "POST /api/gui/buttons/2/press/ HTTP/1.1" 202 1233
simulator-1  | 2026-06-27T16:16:48.675190755Z [27/Jun/2026 16:16:48] "GET /api/gui/buttons/ HTTP/1.1" 200 2786
simulator-1  | 2026-06-27T16:16:48.707819554Z [27/Jun/2026 16:16:48] "POST /api/gui/buttons/1/press/ HTTP/1.1" 202 1212
simulator-1  | 2026-06-27T16:16:48.788538378Z [27/Jun/2026 16:16:48] "POST /api/gui/buttons/2/press/ HTTP/1.1" 202 1233
simulator-1  | 2026-06-27T16:16:48.924937556Z [27/Jun/2026 16:16:48] "GET /api/gui/buttons/ HTTP/1.1" 200 2786
simulator-1  | 2026-06-27T16:16:48.961109679Z [27/Jun/2026 16:16:48] "POST /api/gui/buttons/1/press/ HTTP/1.1" 202 1212
simulator-1  | 2026-06-27T16:16:49.046478188Z [27/Jun/2026 16:16:49] "POST /api/gui/buttons/2/press/ HTTP/1.1" 202 1233
simulator-1  | 2026-06-27T16:16:49.198150150Z [27/Jun/2026 16:16:49] "GET /api/gui/buttons/ HTTP/1.1" 200 2786
simulator-1  | 2026-06-27T16:16:49.229202023Z [27/Jun/2026 16:16:49] "POST /api/gui/buttons/1/press/ HTTP/1.1" 202 1212
simulator-1  | 2026-06-27T16:16:49.290786500Z [27/Jun/2026 16:16:49] "GET /api/gui/buttons/ HTTP/1.1" 200 2786
simulator-1  | 2026-06-27T16:16:49.314481367Z [27/Jun/2026 16:16:49] "POST /api/gui/buttons/2/press/ HTTP/1.1" 202 1233
simulator-1  | 2026-06-27T16:16:49.463475819Z [27/Jun/2026 16:16:49] "GET /api/gui/buttons/ HTTP/1.1" 200 2786
simulator-1  | 2026-06-27T16:16:49.491974570Z [27/Jun/2026 16:16:49] "POST /api/gui/buttons/1/press/ HTTP/1.1" 202 1212
simulator-1  | 2026-06-27T16:16:49.633724890Z [27/Jun/2026 16:16:49] "GET /api/gui/buttons/ HTTP/1.1" 200 2786
simulator-1  | 2026-06-27T16:16:49.666724065Z [27/Jun/2026 16:16:49] "POST /api/gui/buttons/1/press/ HTTP/1.1" 202 1212
simulator-1  | 2026-06-27T16:16:49.746616651Z [27/Jun/2026 16:16:49] "POST /api/gui/buttons/3/press/ HTTP/1.1" 202 859
simulator-1  | 2026-06-27T16:16:49.940387824Z [27/Jun/2026 16:16:49] "GET /api/gui/buttons/ HTTP/1.1" 200 2786
simulator-1  | 2026-06-27T16:16:49.957930013Z [27/Jun/2026 16:16:49] "POST /api/gui/buttons/1/press/ HTTP/1.1" 202 1055
simulator-1  | 2026-06-27T16:16:50.143185979Z [27/Jun/2026 16:16:50] "GET /api/gui/buttons/ HTTP/1.1" 200 2786
simulator-1  | 2026-06-27T16:16:50.180177230Z [27/Jun/2026 16:16:50] "POST /api/gui/buttons/1/press/ HTTP/1.1" 202 1212
simulator-1  | 2026-06-27T16:16:50.199085857Z [27/Jun/2026 16:16:50] "POST /api/gui/buttons/3/press/ HTTP/1.1" 202 817
simulator-1  | 2026-06-27T16:16:50.411272252Z [27/Jun/2026 16:16:50] "GET /api/gui/buttons/ HTTP/1.1" 200 2786
simulator-1  | 2026-06-27T16:16:50.491695681Z [27/Jun/2026 16:16:50] "POST /api/gui/buttons/1/press/ HTTP/1.1" 202 1212
simulator-1  | 2026-06-27T16:16:50.555569509Z [27/Jun/2026 16:16:50] "POST /api/gui/buttons/2/press/ HTTP/1.1" 202 1233
simulator-1  | 2026-06-27T16:16:50.732259569Z [27/Jun/2026 16:16:50] "GET /api/gui/buttons/ HTTP/1.1" 200 2786
simulator-1  | 2026-06-27T16:16:50.763262453Z [27/Jun/2026 16:16:50] "POST /api/gui/buttons/1/press/ HTTP/1.1" 202 1212
simulator-1  | 2026-06-27T16:16:50.818230806Z [27/Jun/2026 16:16:50] "POST /api/gui/buttons/2/press/ HTTP/1.1" 202 1233
simulator-1  | 2026-06-27T16:16:50.955657121Z [27/Jun/2026 16:16:50] "GET /api/gui/buttons/ HTTP/1.1" 200 2786
simulator-1  | 2026-06-27T16:16:50.983578623Z [27/Jun/2026 16:16:50] "POST /api/gui/buttons/1/press/ HTTP/1.1" 202 1212
simulator-1  | 2026-06-27T16:16:51.065897647Z [27/Jun/2026 16:16:51] "POST /api/gui/buttons/2/press/ HTTP/1.1" 202 1233
simulator-1  | 2026-06-27T16:16:51.198227135Z [27/Jun/2026 16:16:51] "GET /api/gui/buttons/ HTTP/1.1" 200 2786
simulator-1  | 2026-06-27T16:16:51.231301377Z [27/Jun/2026 16:16:51] "POST /api/gui/buttons/1/press/ HTTP/1.1" 202 1212
simulator-1  | 2026-06-27T16:16:51.320918301Z [27/Jun/2026 16:16:51] "POST /api/gui/buttons/2/press/ HTTP/1.1" 202 1233
simulator-1  | 2026-06-27T16:16:51.401383857Z [27/Jun/2026 16:16:51] "GET /api/gui/buttons/ HTTP/1.1" 200 2786
simulator-1  | 2026-06-27T16:16:51.459307391Z [27/Jun/2026 16:16:51] "GET /api/gui/buttons/ HTTP/1.1" 200 2786
simulator-1  | 2026-06-27T16:16:51.489149521Z [27/Jun/2026 16:16:51] "POST /api/gui/buttons/1/press/ HTTP/1.1" 202 1212
simulator-1  | 2026-06-27T16:16:51.567398162Z [27/Jun/2026 16:16:51] "POST /api/gui/buttons/2/press/ HTTP/1.1" 202 1233
simulator-1  | 2026-06-27T16:16:51.696287117Z [27/Jun/2026 16:16:51] "GET /api/gui/buttons/ HTTP/1.1" 200 2786
simulator-1  | 2026-06-27T16:16:51.727891996Z [27/Jun/2026 16:16:51] "POST /api/gui/buttons/1/press/ HTTP/1.1" 202 1212
simulator-1  | 2026-06-27T16:16:51.812969915Z [27/Jun/2026 16:16:51] "POST /api/gui/buttons/2/press/ HTTP/1.1" 202 1233
simulator-1  | 2026-06-27T16:16:51.949905938Z [27/Jun/2026 16:16:51] "GET /api/gui/buttons/ HTTP/1.1" 200 2786
simulator-1  | 2026-06-27T16:16:51.965715133Z [27/Jun/2026 16:16:51] "POST /api/gui/buttons/1/press/ HTTP/1.1" 202 1061
simulator-1  | 2026-06-27T16:16:52.167437025Z [27/Jun/2026 16:16:52] "GET /api/gui/buttons/ HTTP/1.1" 200 2786
simulator-1  | 2026-06-27T16:16:52.185902368Z [27/Jun/2026 16:16:52] "POST /api/gui/buttons/1/press/ HTTP/1.1" 202 1060
simulator-1  | 2026-06-27T16:16:52.401363520Z [27/Jun/2026 16:16:52] "GET /api/gui/buttons/ HTTP/1.1" 200 2786
simulator-1  | 2026-06-27T16:16:52.435639200Z [27/Jun/2026 16:16:52] "POST /api/gui/buttons/1/press/ HTTP/1.1" 202 1212
simulator-1  | 2026-06-27T16:16:52.476093970Z [27/Jun/2026 16:16:52] "POST /api/gui/buttons/2/press/ HTTP/1.1" 202 1107
simulator-1  | 2026-06-27T16:16:52.661076100Z [27/Jun/2026 16:16:52] "GET /api/gui/buttons/ HTTP/1.1" 200 2786
simulator-1  | 2026-06-27T16:16:52.694495389Z [27/Jun/2026 16:16:52] "POST /api/gui/buttons/1/press/ HTTP/1.1" 202 1212
simulator-1  | 2026-06-27T16:16:52.711340382Z [27/Jun/2026 16:16:52] "POST /api/gui/buttons/2/press/ HTTP/1.1" 202 1094
simulator-1  | 2026-06-27T16:16:52.919169175Z [27/Jun/2026 16:16:52] "GET /api/gui/buttons/ HTTP/1.1" 200 2786
simulator-1  | 2026-06-27T16:16:52.958605289Z [27/Jun/2026 16:16:52] "POST /api/gui/buttons/1/press/ HTTP/1.1" 202 1212
simulator-1  | 2026-06-27T16:16:53.039905047Z [27/Jun/2026 16:16:53] "POST /api/gui/buttons/3/press/ HTTP/1.1" 202 859
simulator-1  | 2026-06-27T16:16:53.099748149Z [27/Jun/2026 16:16:53] "POST /api/gui/buttons/2/press/ HTTP/1.1" 202 1039
simulator-1  | 2026-06-27T16:16:53.293069977Z [27/Jun/2026 16:16:53] "GET /api/gui/buttons/ HTTP/1.1" 200 2786
simulator-1  | 2026-06-27T16:16:53.332323899Z [27/Jun/2026 16:16:53] "POST /api/gui/buttons/1/press/ HTTP/1.1" 202 1212
simulator-1  | 2026-06-27T16:16:53.414930266Z [27/Jun/2026 16:16:53] "POST /api/gui/buttons/2/press/ HTTP/1.1" 202 1233
simulator-1  | 2026-06-27T16:16:53.430741562Z [27/Jun/2026 16:16:53] "POST /api/gui/buttons/2/press/ HTTP/1.1" 202 1039
simulator-1  | 2026-06-27T16:16:53.517098208Z [27/Jun/2026 16:16:53] "GET /api/gui/buttons/ HTTP/1.1" 200 2786
simulator-1  | 2026-06-27T16:16:53.605694700Z [27/Jun/2026 16:16:53] "GET /api/gui/buttons/ HTTP/1.1" 200 2786
simulator-1  | 2026-06-27T16:16:53.634748482Z [27/Jun/2026 16:16:53] "POST /api/gui/buttons/1/press/ HTTP/1.1" 202 1212
simulator-1  | 2026-06-27T16:16:53.647941050Z [27/Jun/2026 16:16:53] "POST /api/gui/buttons/3/press/ HTTP/1.1" 202 817
simulator-1  | 2026-06-27T16:16:53.842161634Z [27/Jun/2026 16:16:53] "GET /api/gui/buttons/ HTTP/1.1" 200 2786
simulator-1  | 2026-06-27T16:16:53.862599972Z [27/Jun/2026 16:16:53] "POST /api/gui/buttons/1/press/ HTTP/1.1" 202 1039
simulator-1  | 2026-06-27T16:16:54.047515974Z [27/Jun/2026 16:16:54] "GET /api/gui/buttons/ HTTP/1.1" 200 2786
simulator-1  | 2026-06-27T16:16:54.117529412Z [27/Jun/2026 16:16:54] "POST /api/gui/buttons/1/press/ HTTP/1.1" 202 1212
simulator-1  | 2026-06-27T16:16:54.256114231Z [27/Jun/2026 16:16:54] "GET /api/gui/buttons/ HTTP/1.1" 200 2786
simulator-1  | 2026-06-27T16:16:54.284879606Z [27/Jun/2026 16:16:54] "POST /api/gui/buttons/1/press/ HTTP/1.1" 202 1214
simulator-1  | 2026-06-27T16:16:54.370802781Z [27/Jun/2026 16:16:54] "POST /api/gui/buttons/2/press/ HTTP/1.1" 202 1233
simulator-1  | 2026-06-27T16:16:54.540708171Z [27/Jun/2026 16:16:54] "GET /api/gui/buttons/ HTTP/1.1" 200 2786
simulator-1  | 2026-06-27T16:16:54.576125811Z [27/Jun/2026 16:16:54] "POST /api/gui/buttons/1/press/ HTTP/1.1" 202 1212
simulator-1  | 2026-06-27T16:16:54.662517391Z [27/Jun/2026 16:16:54] "POST /api/gui/buttons/2/press/ HTTP/1.1" 202 1233
simulator-1  | 2026-06-27T16:16:54.791913201Z [27/Jun/2026 16:16:54] "GET /api/gui/buttons/ HTTP/1.1" 200 2786
simulator-1  | 2026-06-27T16:16:54.822516326Z [27/Jun/2026 16:16:54] "POST /api/gui/buttons/1/press/ HTTP/1.1" 202 1212
simulator-1  | 2026-06-27T16:16:54.898284503Z [27/Jun/2026 16:16:54] "POST /api/gui/buttons/3/press/ HTTP/1.1" 202 859
simulator-1  | 2026-06-27T16:16:55.096167023Z [27/Jun/2026 16:16:55] "GET /api/gui/buttons/ HTTP/1.1" 200 2786
simulator-1  | 2026-06-27T16:16:55.135647195Z [27/Jun/2026 16:16:55] "POST /api/gui/buttons/1/press/ HTTP/1.1" 202 1268
simulator-1  | 2026-06-27T16:16:55.154652084Z [27/Jun/2026 16:16:55] "POST /api/gui/buttons/1/press/ HTTP/1.1" 202 1034
simulator-1  | 2026-06-27T16:16:55.346680243Z [27/Jun/2026 16:16:55] "GET /api/gui/buttons/ HTTP/1.1" 200 2786
simulator-1  | 2026-06-27T16:16:55.377595429Z [27/Jun/2026 16:16:55] "POST /api/gui/buttons/1/press/ HTTP/1.1" 202 1212
simulator-1  | 2026-06-27T16:16:55.414038516Z [27/Jun/2026 16:16:55] "POST /api/gui/buttons/2/press/ HTTP/1.1" 202 1289
simulator-1  | 2026-06-27T16:16:55.435357625Z [27/Jun/2026 16:16:55] "POST /api/gui/buttons/2/press/ HTTP/1.1" 202 1044
simulator-1  | 2026-06-27T16:16:55.623412161Z [27/Jun/2026 16:16:55] "GET /api/gui/buttons/ HTTP/1.1" 200 2786
simulator-1  | 2026-06-27T16:16:55.636358269Z [27/Jun/2026 16:16:55] "GET /api/gui/buttons/ HTTP/1.1" 200 2786
simulator-1  | 2026-06-27T16:16:55.667045729Z [27/Jun/2026 16:16:55] "POST /api/gui/buttons/1/press/ HTTP/1.1" 202 1212
simulator-1  | 2026-06-27T16:16:55.746823288Z [27/Jun/2026 16:16:55] "POST /api/gui/buttons/3/press/ HTTP/1.1" 202 915
simulator-1  | 2026-06-27T16:16:55.804321439Z [27/Jun/2026 16:16:55] "POST /api/gui/buttons/3/press/ HTTP/1.1" 202 801
simulator-1  | 2026-06-27T16:16:56.002433501Z [27/Jun/2026 16:16:56] "GET /api/gui/buttons/ HTTP/1.1" 200 2786
simulator-1  | 2026-06-27T16:16:56.021896489Z [27/Jun/2026 16:16:56] "POST /api/gui/buttons/1/press/ HTTP/1.1" 202 1039
simulator-1  | 2026-06-27T16:16:56.214975466Z [27/Jun/2026 16:16:56] "GET /api/gui/buttons/ HTTP/1.1" 200 2786
simulator-1  | 2026-06-27T16:16:56.248333142Z [27/Jun/2026 16:16:56] "POST /api/gui/buttons/1/press/ HTTP/1.1" 202 1212
simulator-1  | 2026-06-27T16:16:56.280704368Z [27/Jun/2026 16:16:56] "POST /api/gui/buttons/2/press/ HTTP/1.1" 202 1107
simulator-1  | 2026-06-27T16:16:56.463512630Z [27/Jun/2026 16:16:56] "GET /api/gui/buttons/ HTTP/1.1" 200 2786
simulator-1  | 2026-06-27T16:16:56.516354850Z [27/Jun/2026 16:16:56] "POST /api/gui/buttons/1/press/ HTTP/1.1" 202 1212
simulator-1  | 2026-06-27T16:16:56.535268242Z [27/Jun/2026 16:16:56] "POST /api/gui/buttons/3/press/ HTTP/1.1" 202 817
simulator-1  | 2026-06-27T16:16:56.831838206Z [27/Jun/2026 16:16:56] "GET /api/gui/buttons/ HTTP/1.1" 200 2786
simulator-1  | 2026-06-27T16:16:56.863541191Z [27/Jun/2026 16:16:56] "POST /api/gui/buttons/1/press/ HTTP/1.1" 202 1212
simulator-1  | 2026-06-27T16:16:57.008421394Z [27/Jun/2026 16:16:57] "GET /api/gui/buttons/ HTTP/1.1" 200 2786
simulator-1  | 2026-06-27T16:16:57.043804254Z [27/Jun/2026 16:16:57] "POST /api/gui/buttons/1/press/ HTTP/1.1" 202 1212
simulator-1  | 2026-06-27T16:16:57.204665149Z [27/Jun/2026 16:16:57] "GET /api/gui/buttons/ HTTP/1.1" 200 2786
simulator-1  | 2026-06-27T16:16:57.238403154Z [27/Jun/2026 16:16:57] "POST /api/gui/buttons/1/press/ HTTP/1.1" 202 1212
simulator-1  | 2026-06-27T16:16:57.442754264Z [27/Jun/2026 16:16:57] "GET /api/gui/buttons/ HTTP/1.1" 200 2786
simulator-1  | 2026-06-27T16:16:57.477255523Z [27/Jun/2026 16:16:57] "POST /api/gui/buttons/1/press/ HTTP/1.1" 202 1212
simulator-1  | 2026-06-27T16:16:57.630735153Z [27/Jun/2026 16:16:57] "GET /api/gui/buttons/ HTTP/1.1" 200 2786
simulator-1  | 2026-06-27T16:16:57.661076726Z [27/Jun/2026 16:16:57] "POST /api/gui/buttons/1/press/ HTTP/1.1" 202 1212
simulator-1  | 2026-06-27T16:16:57.742236059Z [27/Jun/2026 16:16:57] "GET /api/gui/buttons/ HTTP/1.1" 200 2786
simulator-1  | 2026-06-27T16:16:57.863314720Z [27/Jun/2026 16:16:57] "GET /api/gui/buttons/ HTTP/1.1" 200 2786
simulator-1  | 2026-06-27T16:16:57.902062587Z [27/Jun/2026 16:16:57] "POST /api/gui/buttons/1/press/ HTTP/1.1" 202 1212
simulator-1  | 2026-06-27T16:16:58.059357865Z [27/Jun/2026 16:16:58] "GET /api/gui/buttons/ HTTP/1.1" 200 2786
simulator-1  | 2026-06-27T16:16:58.092472199Z [27/Jun/2026 16:16:58] "POST /api/gui/buttons/1/press/ HTTP/1.1" 202 1212
simulator-1  | 2026-06-27T16:16:58.236641754Z [27/Jun/2026 16:16:58] "GET /api/gui/buttons/ HTTP/1.1" 200 2786
simulator-1  | 2026-06-27T16:16:58.266267623Z [27/Jun/2026 16:16:58] "POST /api/gui/buttons/1/press/ HTTP/1.1" 202 1212
simulator-1  | 2026-06-27T16:16:58.431181119Z [27/Jun/2026 16:16:58] "GET /api/gui/buttons/ HTTP/1.1" 200 2786
simulator-1  | 2026-06-27T16:16:58.472934412Z [27/Jun/2026 16:16:58] "POST /api/gui/buttons/1/press/ HTTP/1.1" 202 1212
simulator-1  | 2026-06-27T16:16:58.530720053Z [27/Jun/2026 16:16:58] "POST /api/gui/buttons/2/press/ HTTP/1.1" 202 1233
simulator-1  | 2026-06-27T16:16:59.874257088Z [27/Jun/2026 16:16:59] "GET /api/gui/buttons/ HTTP/1.1" 200 2786
simulator-1  | 2026-06-27T16:17:02.051971534Z [27/Jun/2026 16:17:02] "GET /api/gui/buttons/ HTTP/1.1" 200 2786
