command: docker compose -f C:\Users\Astral\Desktop\eve-trade\docker-compose.integration.yml --profile test build
cwd: C:\Users\Astral\Desktop\eve-trade
exit_code: 1
duration_ms: 188118.411

--- stdout ---
#1 [internal] load local bake definitions
#1 reading from stdin 3.23kB done
#1 DONE 0.0s

#2 [api-gateway internal] load build definition from api-gateway.Dockerfile
#2 transferring dockerfile: 1.85kB done
#2 DONE 0.0s

#3 [quilkin internal] load build definition from quilkin.Dockerfile
#3 transferring dockerfile: 711B done
#3 DONE 0.0s

#4 [settlement-worker internal] load build definition from settlement-worker.Dockerfile
#4 transferring dockerfile: 2.11kB 0.0s done
#4 DONE 0.1s

#5 [market internal] load build definition from market.Dockerfile
#5 transferring dockerfile: 2.15kB 0.0s done
#5 DONE 0.1s

#6 [simulator internal] load build definition from Dockerfile
#6 transferring dockerfile: 428B 0.0s done
#6 DONE 0.1s

#7 [trade-settlement internal] load build definition from trade-settlement.Dockerfile
#7 transferring dockerfile: 2.71kB 0.0s done
#7 DONE 0.1s

#8 [simulator internal] load metadata for docker.io/library/python:3.13-slim
#8 DONE 0.1s

#9 [market internal] load metadata for docker.io/library/golang:1.26-bookworm
#9 DONE 0.1s

#10 [quilkin internal] load metadata for docker.io/library/debian:bookworm-slim
#10 DONE 0.1s

#11 [quilkin internal] load metadata for docker.io/library/rust:1-bookworm
#11 DONE 0.1s

#12 [simulator internal] load .dockerignore
#12 transferring context: 646B done
#12 DONE 0.1s

#13 [trade-settlement internal] load build context
#13 DONE 0.0s

#14 [api-gateway internal] load build context
#14 DONE 0.0s

#15 [settlement-worker runtime 1/4] WORKDIR /app
#15 DONE 0.0s

#16 [settlement-worker internal] load build context
#16 DONE 0.0s

#17 [market internal] load build context
#17 DONE 0.0s

#18 [quilkin runtime 1/5] FROM docker.io/library/debian:bookworm-slim@sha256:96e378d7e6531ac9a15ad505478fcc2e69f371b10f5cdf87857c4b8188404716
#18 resolve docker.io/library/debian:bookworm-slim@sha256:96e378d7e6531ac9a15ad505478fcc2e69f371b10f5cdf87857c4b8188404716 0.0s done
#18 DONE 0.1s

#19 [simulator stage-0 1/5] FROM docker.io/library/python:3.13-slim@sha256:c33f0bc4364a6881bed1ec0cc2665e6c53c87a43e774aaeab88e6f17af105e4f
#19 resolve docker.io/library/python:3.13-slim@sha256:c33f0bc4364a6881bed1ec0cc2665e6c53c87a43e774aaeab88e6f17af105e4f 0.1s done
#19 DONE 0.1s

#20 [api-gateway build  1/12] FROM docker.io/library/golang:1.26-bookworm@sha256:5f68ec6805843bd3981a951ffada82a26a0bd2631045c8f7dba483fa868f5ec5
#20 resolve docker.io/library/golang:1.26-bookworm@sha256:5f68ec6805843bd3981a951ffada82a26a0bd2631045c8f7dba483fa868f5ec5
#20 resolve docker.io/library/golang:1.26-bookworm@sha256:5f68ec6805843bd3981a951ffada82a26a0bd2631045c8f7dba483fa868f5ec5 0.2s done
#20 DONE 0.2s

#21 [trade-settlement build 1/4] FROM docker.io/library/rust:1-bookworm@sha256:19817ead3289c8c631c73df281e18b59b172f6a31f4f563290f69cddd06c30e9
#21 resolve docker.io/library/rust:1-bookworm@sha256:19817ead3289c8c631c73df281e18b59b172f6a31f4f563290f69cddd06c30e9 0.2s done
#21 DONE 0.2s

#22 [simulator internal] load build context
#22 ...

#21 [quilkin build 1/4] FROM docker.io/library/rust:1-bookworm@sha256:19817ead3289c8c631c73df281e18b59b172f6a31f4f563290f69cddd06c30e9
#21 CACHED

#16 [settlement-worker internal] load build context
#16 transferring context: 4.26kB 0.0s done
#16 DONE 0.1s

#14 [api-gateway internal] load build context
#14 transferring context: 55.77kB 0.0s done
#14 DONE 0.1s

#22 [simulator internal] load build context
#22 ...

#17 [market internal] load build context
#17 transferring context: 142.64kB 0.0s done
#17 DONE 0.4s

#23 [settlement-worker build  3/14] COPY distributed-backend/docker/http-healthcheck.go ./distributed-backend/docker/
#23 CACHED

#24 [settlement-worker build  4/14] COPY distributed-backend/src/observability/go.mod distributed-backend/src/observability/go.sum ./distributed-backend/src/observability/
#24 CACHED

#25 [settlement-worker build  5/14] COPY distributed-backend/proto/go.mod distributed-backend/proto/go.sum ./distributed-backend/proto/
#25 CACHED

#26 [settlement-worker build  6/14] COPY distributed-backend/src/messaging/go.mod distributed-backend/src/messaging/go.sum ./distributed-backend/src/messaging/
#26 CACHED

#27 [settlement-worker build  2/12] WORKDIR /workspace
#27 CACHED

#22 [simulator internal] load build context
#22 ...

#28 [settlement-worker build  7/14] COPY distributed-backend/src/settlement-worker/go.mod distributed-backend/src/settlement-worker/go.sum ./distributed-backend/src/settlement-worker/
#28 CACHED

#22 [simulator internal] load build context
#22 ...

#29 [api-gateway build  3/12] COPY distributed-backend/docker/http-healthcheck.go ./distributed-backend/docker/
#29 CACHED

#30 [api-gateway build  5/12] COPY distributed-backend/proto/go.mod distributed-backend/proto/go.sum ./distributed-backend/proto/
#30 CACHED

#31 [api-gateway build  4/12] COPY distributed-backend/src/observability/go.mod distributed-backend/src/observability/go.sum ./distributed-backend/src/observability/
#31 CACHED

#27 [api-gateway build  2/12] WORKDIR /workspace
#27 CACHED

#22 [simulator internal] load build context
#22 ...

#32 [market build  4/14] COPY distributed-backend/src/observability/go.mod distributed-backend/src/observability/go.sum ./distributed-backend/src/observability/
#32 CACHED

#33 [market build  6/14] COPY distributed-backend/src/messaging/go.mod distributed-backend/src/messaging/go.sum ./distributed-backend/src/messaging/
#33 CACHED

#27 [market build  2/12] WORKDIR /workspace
#27 CACHED

#34 [market build  5/14] COPY distributed-backend/proto/go.mod distributed-backend/proto/go.sum ./distributed-backend/proto/
#34 CACHED

#35 [market build  3/14] COPY distributed-backend/docker/http-healthcheck.go ./distributed-backend/docker/
#35 CACHED

#36 [api-gateway build  6/12] COPY distributed-backend/src/api-gateway/go.mod distributed-backend/src/api-gateway/go.sum ./distributed-backend/src/api-gateway/
#36 CACHED

#37 [market build  7/14] COPY distributed-backend/src/market/go.mod distributed-backend/src/market/go.sum ./distributed-backend/src/market/
#37 CACHED

#22 [simulator internal] load build context
#22 transferring context: 942.69kB 2.1s done
#22 DONE 2.3s

#38 [simulator stage-0 2/5] WORKDIR /app
#38 CACHED

#39 [simulator stage-0 3/5] COPY simulator/requirements.txt /app/requirements.txt
#39 CACHED

#40 [simulator stage-0 4/5] RUN --mount=type=cache,target=/root/.cache/pip,sharing=locked     python -m pip install --retries 5 --timeout 60 -r /app/requirements.txt
#40 CACHED

#41 [simulator stage-0 5/5] COPY simulator /app
#41 ...

#13 [trade-settlement internal] load build context
#13 transferring context: 1.40MB 2.1s done
#13 DONE 2.5s

#42 [trade-settlement build 2/4] WORKDIR /workspace
#42 CACHED

#43 [trade-settlement build 3/4] COPY . .
#43 ...

#41 [simulator stage-0 5/5] COPY simulator /app
#41 DONE 4.1s

#44 [simulator] exporting to image
#44 exporting layers
#44 ...

#43 [trade-settlement build 3/4] COPY . .
#43 DONE 5.2s

#45 [trade-settlement build 4/4] RUN --mount=type=cache,target=/usr/local/cargo/registry,sharing=locked     --mount=type=cache,target=/usr/local/cargo/git,sharing=locked     cd distributed-backend/src/trade-settlement     && for attempt in 1 2 3; do          cargo build --locked --release && break;          status=$?;          [ "$attempt" -eq 3 ] && exit "$status";          sleep $((attempt * 2));        done
#45 ...

#44 [simulator] exporting to image
#44 exporting layers 1.8s done
#44 exporting manifest sha256:6b48e72c6a58acd25fb4553d53b00d2757c7791819871520758d1ec05308e709 0.0s done
#44 exporting config sha256:1180846cbf80d5db32e62e3f1845944be2c1c78f67819b9e9cf9328cf05f9f0b 0.0s done
#44 exporting attestation manifest sha256:4bfaa518976ad32560b106a291b5f0ed1448211854c6dd7b7b258f44885375ed 0.0s done
#44 exporting manifest list sha256:2d6626a1b9b3ea64937d2c9002235127269110ccd9c94359feaf8f8a139f18d1 0.0s done
#44 naming to docker.io/library/eve-trade-integration-simulator:latest done
#44 unpacking to docker.io/library/eve-trade-integration-simulator:latest 1.7s done
#44 DONE 3.6s

#46 [simulator] resolving provenance for metadata file
#46 DONE 0.1s

#47 [quilkin build 2/2] RUN --mount=type=cache,target=/usr/local/cargo/registry,sharing=locked     --mount=type=cache,target=/usr/local/cargo/git,sharing=locked     for attempt in 1 2 3; do       cargo install quilkin --version "0.10.0" --locked --root /opt/quilkin && break;       status=$?;       [ "$attempt" -eq 3 ] && exit "$status";       sleep $((attempt * 2));     done
#47 1.397     Updating crates.io index
#47 3.167   Installing quilkin v0.10.0
#47 3.180     Updating crates.io index
#47 ...

#48 [settlement-worker build  8/14] RUN --mount=type=cache,target=/go/pkg/mod,sharing=locked     cd distributed-backend/src/settlement-worker     && for attempt in 1 2 3; do          go mod download && break;          status=$?;          [ "$attempt" -eq 3 ] && exit "$status";          sleep $((attempt * 2));        done
#48 ...

#49 [api-gateway build  7/12] RUN --mount=type=cache,target=/go/pkg/mod,sharing=locked     cd distributed-backend/src/api-gateway     && for attempt in 1 2 3; do          go mod download && break;          status=$?;          [ "$attempt" -eq 3 ] && exit "$status";          sleep $((attempt * 2));        done
#49 ...

#50 [market build  8/14] RUN --mount=type=cache,target=/go/pkg/mod,sharing=locked     cd distributed-backend/src/market     && for attempt in 1 2 3; do          go mod download && break;          status=$?;          [ "$attempt" -eq 3 ] && exit "$status";          sleep $((attempt * 2));        done
#50 ...

#47 [quilkin build 2/2] RUN --mount=type=cache,target=/usr/local/cargo/registry,sharing=locked     --mount=type=cache,target=/usr/local/cargo/git,sharing=locked     for attempt in 1 2 3; do       cargo install quilkin --version "0.10.0" --locked --root /opt/quilkin && break;       status=$?;       [ "$attempt" -eq 3 ] && exit "$status";       sleep $((attempt * 2));     done
#47 12.29 warning: package `core2 v0.4.0` in Cargo.lock is yanked in registry `crates-io`, consider running without --locked
#47 23.27     Updating crates.io index
#47 32.89  Downloading crates ...
#47 35.86   Downloaded atomic-waker v1.1.2
#47 36.01   Downloaded adler2 v2.0.1
#47 36.16   Downloaded async-stream-impl v0.3.6
#47 36.18   Downloaded castaway v0.2.4
#47 36.37   Downloaded block-buffer v0.10.4
#47 36.39   Downloaded colorchoice v1.0.4
#47 36.40   Downloaded aya-log-common v0.1.15
#47 36.52   Downloaded home v0.5.12
#47 36.61   Downloaded anstyle-query v1.1.5
#47 36.66   Downloaded cpufeatures v0.2.17
#47 36.67   Downloaded aya-log v0.2.1
#47 36.77   Downloaded http-body v1.0.1
#47 36.79   Downloaded async-stream v0.3.6
#47 36.83   Downloaded base64-serde v0.8.0
#47 36.92   Downloaded httpdate v1.0.3
#47 36.96   Downloaded inotify-sys v0.1.5
#47 37.01   Downloaded hostname v0.4.2
#47 37.11   Downloaded idna_adapter v1.2.1
#47 37.13   Downloaded indenter v0.3.4
#47 37.20   Downloaded cfg-if v1.0.4
#47 37.21   Downloaded httparse v1.10.1
#47 37.23   Downloaded http-body-util v0.1.3
#47 37.31   Downloaded inotify v0.11.0
#47 37.33   Downloaded hyper-timeout v0.5.2
#47 37.34   Downloaded ipnet v2.11.0
#47 37.36   Downloaded hyper-rustls v0.27.7
#47 37.49   Downloaded core-error v0.0.0
#47 37.53   Downloaded icu_provider v2.1.1
#47 37.54   Downloaded icu_properties v2.1.2
#47 37.54   Downloaded gxhash v3.5.0
#47 37.56   Downloaded icu_normalizer_data v2.1.1
#47 37.56   Downloaded icu_normalizer v2.1.1
#47 37.57   Downloaded icu_locale_core v2.1.1
#47 37.63   Downloaded icu_collections v2.1.1
#47 37.64   Downloaded http v1.4.0
#47 37.65   Downloaded hickory-resolver v0.25.2
#47 37.66   Downloaded indexmap v2.13.0
#47 37.67   Downloaded hyper-util v0.1.19
#47 37.68   Downloaded io-uring v0.7.11
#47 37.72   Downloaded idna v1.1.0
#47 37.74   Downloaded debugid v0.8.0
#47 37.75   Downloaded icu_properties_data v2.1.2
#47 37.76   Downloaded hyper v1.8.1
#47 37.89   Downloaded crypto-common v0.1.7
#47 38.19   Downloaded equivalent v1.0.2
#47 38.21   Downloaded event-listener-strategy v0.5.4
#47 38.28   Downloaded errno v0.3.14
#47 38.32   Downloaded enum-as-inner v0.6.1
#47 38.40   Downloaded enum-ordinalize-derive v4.3.2
#47 38.40   Downloaded enum-ordinalize v4.3.2
#47 38.42   Downloaded dyn-clone v1.0.20
#47 38.47   Downloaded fastrand v2.3.0
#47 38.50   Downloaded forwarded-header-value v0.1.1
#47 38.66   Downloaded fnv v1.0.7
#47 38.68   Downloaded futures-macro v0.3.31
#47 38.69   Downloaded futures-io v0.3.31
#47 38.72   Downloaded futures-core v0.3.31
#47 38.85   Downloaded futures-sink v0.3.31
#47 39.06   Downloaded generic-array v0.14.7
#47 39.23   Downloaded futures-task v0.3.31
#47 39.33   Downloaded adler32 v1.2.0
#47 39.47   Downloaded concurrent-queue v2.5.0
#47 39.48   Downloaded assert_matches v1.5.0
#47 39.49   Downloaded adler v1.0.2
#47 39.64   Downloaded clap_lex v0.7.7
#47 39.74   Downloaded heck v0.5.0
#47 39.85   Downloaded prometheus-client-derive-encode v0.5.0
#47 40.25   Downloaded same-file v1.0.6
#47 40.30   Downloaded scopeguard v1.2.0
#47 40.32   Downloaded serde-value v0.7.0
#47 40.35   Downloaded secrecy v0.10.3
#47 40.68   Downloaded anstream v0.6.21
#47 40.85   Downloaded async-broadcast v0.7.2
#47 41.27   Downloaded digest v0.10.7
#47 41.30   Downloaded data-encoding v2.10.0
#47 41.48   Downloaded displaydoc v0.2.5
#47 41.48   Downloaded deranged v0.5.5
#47 41.55   Downloaded jsonpath-rust v0.7.5
#47 41.57   Downloaded kube-core v2.0.1
#47 41.57   Downloaded json-patch v4.1.0
#47 41.58   Downloaded either v1.15.0
#47 41.58   Downloaded itoa v1.0.17
#47 41.60   Downloaded jemalloc_pprof v0.8.1
#47 41.62   Downloaded kube-client v2.0.1
#47 41.63   Downloaded is_terminal_polyfill v1.70.2
#47 41.64   Downloaded kube v2.0.1
#47 41.65   Downloaded ipnetwork v0.21.1
#47 41.69   Downloaded jsonptr v0.7.1
#47 41.70   Downloaded form_urlencoded v1.2.2
#47 41.71   Downloaded itertools v0.14.0
#47 41.71   Downloaded paste v1.0.15
#47 41.72   Downloaded matchers v0.2.0
#47 41.72   Downloaded foldhash v0.1.5
#47 41.73   Downloaded foldhash v0.2.0
#47 41.73   Downloaded findshlibs v0.10.2
#47 41.80   Downloaded matchit v0.8.4
#47 41.83   Downloaded num-complex v0.4.6
#47 41.84   Downloaded num v0.4.3
#47 41.85   Downloaded num_cpus v1.17.0
#47 41.86   Downloaded lasso v0.7.3
#47 41.87   Downloaded notify-types v2.0.0
#47 41.88   Downloaded lock_api v0.4.14
#47 41.88   Downloaded num-traits v0.2.19
#47 41.89   Downloaded libflate_lz77 v2.2.0
#47 41.90   Downloaded futures-channel v0.3.31
#47 41.92   Downloaded memchr v2.7.6
#47 41.94   Downloaded futures-executor v0.3.31
#47 41.94   Downloaded nonempty v0.7.0
#47 41.94   Downloaded lazy_static v1.5.0
#47 41.97   Downloaded find-msvc-tools v0.1.7
#47 42.01   Downloaded ordered-float v2.10.1
#47 42.02   Downloaded openssl-probe v0.2.0
#47 42.03   Downloaded parking v2.2.1
#47 42.03   Downloaded mappings v0.7.1
#47 42.06   Downloaded num-conv v0.1.0
#47 42.08   Downloaded num-iter v0.1.45
#47 42.08   Downloaded nu-ansi-term v0.50.3
#47 42.09   Downloaded mime v0.3.17
#47 42.10   Downloaded num_enum_derive v0.7.5
#47 42.10   Downloaded num_enum v0.7.5
#47 42.11   Downloaded num-integer v0.1.46
#47 42.16   Downloaded axum-core v0.5.6
#47 42.16   Downloaded anstyle v1.0.13
#47 42.16   Downloaded num-rational v0.4.2
#47 42.22   Downloaded once_cell v1.21.3
#47 42.23   Downloaded notify v8.2.0
#47 42.23   Downloaded maxminddb v0.27.1
#47 42.23   Downloaded litemap v0.8.1
#47 42.24   Downloaded percent-encoding v2.3.2
#47 42.25   Downloaded rustc_version v0.4.1
#47 42.25   Downloaded quilkin-xdp v0.1.0
#47 42.26   Downloaded ref-cast-impl v1.0.25
#47 42.27   Downloaded quilkin-macros v0.10.0
#47 42.31   Downloaded sync_wrapper v1.0.2
#47 42.31   Downloaded potential_utf v0.1.4
#47 42.31   Downloaded ref-cast v1.0.25
#47 42.35   Downloaded pin-utils v0.1.0
#47 42.36   Downloaded powerfmt v0.2.0
#47 42.36   Downloaded parking_lot v0.12.5
#47 42.36   Downloaded parking_lot_core v0.9.12
#47 42.37   Downloaded memmap2 v0.9.9
#47 42.38   Downloaded libflate v2.2.1
#47 42.43   Downloaded quilkin-system v0.10.0
#47 42.44   Downloaded quilkin-types v0.10.0
#47 42.47   Downloaded tagptr v0.2.0
#47 42.47   Downloaded pin-project-internal v1.1.10
#47 42.47   Downloaded resolv-conf v0.7.6
#47 42.48   Downloaded prost-derive v0.13.5
#47 42.48   Downloaded rand_core v0.9.5
#47 42.49   Downloaded thiserror v1.0.69
#47 42.50   Downloaded sys-info v0.9.1
#47 42.51   Downloaded prost-derive v0.14.3
#47 42.52   Downloaded thiserror v2.0.17
#47 42.53   Downloaded log v0.4.29
#47 42.53   Downloaded rustc-demangle v0.1.26
#47 42.54   Downloaded thiserror-impl v1.0.69
#47 42.54   Downloaded pest_generator v2.8.5
#47 42.55   Downloaded anstyle-parse v0.2.7
#47 42.57   Downloaded critical-section v1.2.0
#47 42.57   Downloaded autocfg v1.5.0
#47 42.59   Downloaded async-trait v0.1.89
#47 42.62   Downloaded pem v3.0.6
#47 42.63   Downloaded pprof_util v0.8.1
#47 42.63   Downloaded pin-project-lite v0.2.16
#47 42.63   Downloaded quote v1.0.43
#47 42.64   Downloaded miniz_oxide v0.7.4
#47 42.64   Downloaded tempfile v3.24.0
#47 42.64   Downloaded miniz_oxide v0.8.9
#47 42.65   Downloaded rustls-pki-types v1.13.2
#47 42.66   Downloaded prost v0.14.3
#47 42.67   Downloaded kube-leader-election v0.42.0
#47 42.67   Downloaded quilkin-xds v0.10.0
#47 42.67   Downloaded tower-layer v0.3.3
#47 42.68   Downloaded typemap_rev v0.3.0
#47 42.68   Downloaded tower-service v0.3.3
#47 42.70   Downloaded tikv-jemallocator v0.6.1
#47 42.77   Downloaded pest_meta v2.8.5
#47 42.81   Downloaded tracing-serde v0.2.0
#47 42.82   Downloaded tinyvec_macros v0.1.1
#47 42.83   Downloaded tracing-futures v0.2.5
#47 42.83   Downloaded try-lock v0.2.5
#47 42.85   Downloaded prost-types v0.14.3
#47 42.85   Downloaded pest_derive v2.8.5
#47 42.86   Downloaded tryhard v0.5.2
#47 42.87   Downloaded tracing-log v0.2.0
#47 42.89   Downloaded tinystr v0.8.2
#47 42.90   Downloaded rle-decode-fast v1.0.3
#47 42.92   Downloaded kube-runtime v2.0.1
#47 42.93   Downloaded thiserror-impl v2.0.17
#47 42.93   Downloaded tracing-appender v0.2.4
#47 43.00   Downloaded ppv-lite86 v0.2.21
#47 43.03   Downloaded prometheus-client v0.24.0
#47 43.03   Downloaded rand_chacha v0.9.0
#47 43.03   Downloaded prost v0.13.5
#47 43.05   Downloaded pin-project v1.1.10
#47 43.06   Downloaded tokio-rustls v0.26.4
#47 43.12   Downloaded tracing-attributes v0.1.31
#47 43.15   Downloaded untrusted v0.9.0
#47 43.15   Downloaded zerofrom-derive v0.1.6
#47 43.15   Downloaded yoke-derive v0.8.1
#47 43.16   Downloaded utf8_iter v1.0.4
#47 43.18   Downloaded version_check v0.9.5
#47 43.18   Downloaded tokio-stream v0.1.18
#47 43.19   Downloaded tokio-macros v2.6.0
#47 43.21   Downloaded rustversion v1.0.22
#47 43.21   Downloaded rustls-native-certs v0.8.3
#47 43.22   Downloaded zerofrom v0.1.6
#47 43.22   Downloaded want v0.3.1
#47 43.23   Downloaded schemars_derive v1.2.0
#47 43.23   Downloaded rustls-webpki v0.103.8
#47 43.24   Downloaded unsafe-libyaml v0.2.11
#47 43.24   Downloaded tikv-jemalloc-ctl v0.6.1
#47 43.25   Downloaded semver v1.0.27
#47 43.25   Downloaded tracing-core v0.1.36
#47 43.26   Downloaded mio v1.1.1
#47 43.28   Downloaded utf8parse v0.2.2
#47 43.29   Downloaded walkdir v2.5.0
#47 43.29   Downloaded zeroize v1.8.2
#47 43.30   Downloaded yoke v0.8.1
#47 43.30   Downloaded tinyvec v1.10.0
#47 43.31   Downloaded writeable v0.6.2
#47 43.34   Downloaded rand v0.9.2
#47 43.35   Downloaded num-bigint v0.4.6
#47 43.35   Downloaded serde_urlencoded v0.7.1
#47 43.51   Downloaded stable-eyre v0.2.2
#47 43.55   Downloaded stable_deref_trait v1.2.1
#47 43.56   Downloaded xdp v0.7.1
#47 43.59   Downloaded typenum v1.19.0
#47 43.61   Downloaded uuid v1.19.0
#47 43.65   Downloaded pest v2.8.5
#47 43.67   Downloaded zerotrie v0.2.3
#47 43.74   Downloaded backon v1.6.0
#47 43.76   Downloaded tonic v0.14.2
#47 43.77   Downloaded url v2.5.8
#47 43.81   Downloaded regex v1.12.2
#47 43.82   Downloaded object v0.32.2
#47 43.83   Downloaded tower v0.5.3
#47 43.84   Downloaded addr2line v0.21.0
#47 43.86   Downloaded tokio-util v0.7.18
#47 43.93   Downloaded portable-atomic v1.13.0
#47 43.99   Downloaded symbolic-demangle v12.17.1
#47 44.01   Downloaded nix v0.27.1
#47 44.03   Downloaded crc32fast v1.5.0
#47 44.06   Downloaded moka v0.12.12
#47 44.07   Downloaded core2 v0.4.0
#47 44.13   Downloaded dtoa v1.0.11
#47 44.13   Downloaded dashmap v6.1.0
#47 44.18   Downloaded tracing-subscriber v0.3.22
#47 44.20   Downloaded time v0.3.45
#47 44.23   Downloaded dary_heap v0.3.8
#47 44.24   Downloaded crossbeam-utils v0.8.21
#47 44.25   Downloaded object v0.36.7
#47 44.26   Downloaded event-listener v5.4.1
#47 44.26   Downloaded enum_dispatch v0.3.13
#47 44.27   Downloaded eyre v0.6.12
#47 44.27   Downloaded crossbeam-epoch v0.9.18
#47 44.33   Downloaded webpki-roots v1.0.5
#47 44.34   Downloaded syn v2.0.114
#47 44.39   Downloaded zerocopy v0.8.33
#47 44.41   Downloaded regex-syntax v0.8.8
#47 44.48   Downloaded rustls v0.23.36
#47 44.49   Downloaded getrandom v0.2.17
#47 44.49   Downloaded anyhow v1.0.100
#47 44.51   Downloaded rustix v1.1.3
#47 44.60   Downloaded strsim v0.11.1
#47 44.65   Downloaded serde_regex v1.1.0
#47 44.67   Downloaded serde_path_to_error v0.1.20
#47 44.70   Downloaded serde_derive_internals v0.29.1
#47 44.72   Downloaded sha2 v0.10.9
#47 44.75   Downloaded regex-automata v0.4.13
#47 44.90   Downloaded libc v0.2.180
#47 44.94   Downloaded clap_derive v4.5.49
#47 44.95   Downloaded bitflags v2.10.0
#47 44.97   Downloaded pprof2 v0.13.1
#47 45.02   Downloaded tokio v1.49.0
#47 45.06   Downloaded quilkin-proto v0.10.0
#47 45.08   Downloaded signal-hook-registry v1.4.8
#47 45.09   Downloaded shlex v1.3.0
#47 45.11   Downloaded slab v0.4.11
#47 45.11   Downloaded simd-adler32 v0.3.8
#47 45.16   Downloaded strum v0.27.2
#47 45.21   Downloaded tonic-prost v0.14.2
#47 45.21   Downloaded time-core v0.1.7
#47 45.23   Downloaded subtle v2.6.1
#47 45.33   Downloaded ring v0.17.14
#47 45.56   Downloaded axum-macros v0.5.0
#47 45.57   Downloaded static_assertions v1.1.0
#47 45.69   Downloaded ahash v0.8.12
#47 45.73   Downloaded compact_str v0.7.1
#47 45.79   Downloaded linux-raw-sys v0.11.0
#47 45.85   Downloaded k8s-openapi v0.26.0
#47 46.06   Downloaded getrandom v0.3.4
#47 46.06   Downloaded futures v0.3.31
#47 46.07   Downloaded allocator-api2 v0.2.21
#47 46.15   Downloaded proc-macro2 v1.0.105
#47 46.21   Downloaded thread_local v1.1.9
#47 46.22   Downloaded symbolic-common v12.17.1
#47 46.23   Downloaded strum_macros v0.27.2
#47 46.23   Downloaded time-macros v0.2.25
#47 46.23   Downloaded synstructure v0.13.2
#47 46.25   Downloaded smallvec v1.15.1
#47 46.28   Downloaded clap v4.5.54
#47 46.37   Downloaded bytes v1.11.0
#47 46.39   Downloaded educe v0.6.0
#47 46.44   Downloaded serde_derive v1.0.228
#47 46.57   Downloaded sharded-slab v0.1.7
#47 46.57   Downloaded base64 v0.22.1
#47 46.61   Downloaded ryu v1.0.22
#47 46.65   Downloaded arc-swap v1.8.0
#47 46.66   Downloaded ucd-trie v0.1.7
#47 46.77   Downloaded backtrace v0.3.71
#47 46.79   Downloaded cpp_demangle v0.4.5
#47 46.82   Downloaded derive_more v2.1.1
#47 46.84   Downloaded flate2 v1.1.8
#47 46.86   Downloaded unicode-ident v1.0.22
#47 46.98   Downloaded prometheus v0.14.0
#47 46.98   Downloaded serde v1.0.228
#47 46.99   Downloaded serde_yaml v0.9.34+deprecated
#47 47.03   Downloaded socket2 v0.6.1
#47 47.04   Downloaded derive_more-impl v2.1.1
#47 47.05   Downloaded crossbeam-channel v0.5.15
#47 47.06   Downloaded serde_core v1.0.228
#47 47.06   Downloaded cc v1.2.52
#47 47.07   Downloaded schemars v1.2.0
#47 47.43   Downloaded zmij v1.0.14
#47 47.44   Downloaded zerovec-derive v0.11.2
#47 47.47   Downloaded zerovec v0.11.5
#47 47.49   Downloaded aya-obj v0.2.1
#47 47.51   Downloaded hashbrown v0.15.5
#47 47.60   Downloaded futures-util v0.3.31
#47 47.68   Downloaded axum v0.8.8
#47 47.71   Downloaded hashbrown v0.14.5
#47 47.78   Downloaded h2 v0.4.13
#47 47.79   Downloaded clap_builder v4.5.54
#47 47.79   Downloaded hashbrown v0.16.1
#47 47.80   Downloaded tower-http v0.6.8
#47 47.82   Downloaded aya v0.13.1
#47 47.83   Downloaded aho-corasick v1.1.4
#47 47.85   Downloaded serde_json v1.0.149
#47 47.99   Downloaded chrono v0.4.42
#47 48.09   Downloaded gimli v0.28.1
#47 48.43   Downloaded hickory-proto v0.25.2
#47 48.45   Downloaded fixedstr v0.5.10
#47 48.46   Downloaded tracing v0.1.44
#47 48.68   Downloaded tikv-jemalloc-sys v0.6.1+5.3.0-1-ge13ca993e8ccb9ba9847cc330696e02839f328f7
#47 48.84    Compiling proc-macro2 v1.0.105
#47 48.84    Compiling quote v1.0.43
#47 48.84    Compiling unicode-ident v1.0.22
#47 48.84    Compiling libc v0.2.180
#47 48.84    Compiling cfg-if v1.0.4
#47 48.85    Compiling serde_core v1.0.228
#47 48.85    Compiling serde v1.0.228
#47 48.85    Compiling memchr v2.7.6
#47 48.85    Compiling portable-atomic v1.13.0
#47 48.86    Compiling smallvec v1.15.1
#47 48.86    Compiling critical-section v1.2.0
#47 48.86    Compiling pin-project-lite v0.2.16
#47 48.86    Compiling log v0.4.29
#47 48.86    Compiling shlex v1.3.0
#47 48.87    Compiling find-msvc-tools v0.1.7
#47 48.87    Compiling itoa v1.0.17
#47 49.23    Compiling parking_lot_core v0.9.12
#47 49.24    Compiling scopeguard v1.2.0
#47 49.24    Compiling allocator-api2 v0.2.21
#47 49.28    Compiling equivalent v1.0.2
#47 49.30    Compiling cc v1.2.52
#47 49.31    Compiling lock_api v0.4.14
#47 49.33    Compiling futures-core v0.3.31
#47 49.37    Compiling foldhash v0.2.0
#47 49.37    Compiling stable_deref_trait v1.2.1
#47 49.39    Compiling futures-sink v0.3.31
#47 49.39    Compiling slab v0.4.11
#47 49.41    Compiling getrandom v0.3.4
#47 49.44    Compiling zmij v1.0.14
#47 49.47    Compiling futures-channel v0.3.31
#47 49.47    Compiling autocfg v1.5.0
#47 49.47    Compiling pin-utils v0.1.0
#47 49.47    Compiling serde_json v1.0.149
#47 49.51    Compiling futures-task v0.3.31
#47 49.56    Compiling futures-io v0.3.31
#47 49.58    Compiling percent-encoding v2.3.2
#47 49.58    Compiling litemap v0.8.1
#47 49.60    Compiling zeroize v1.8.2
#47 49.65    Compiling writeable v0.6.2
#47 49.67    Compiling hashbrown v0.16.1
#47 49.71    Compiling fnv v1.0.7
#47 49.75    Compiling form_urlencoded v1.2.2
#47 49.75    Compiling atomic-waker v1.1.2
#47 49.76    Compiling icu_properties_data v2.1.2
#47 49.78    Compiling icu_normalizer_data v2.1.1
#47 49.78    Compiling rustls-pki-types v1.13.2
#47 49.82    Compiling tower-service v0.3.3
#47 49.87    Compiling bitflags v2.10.0
#47 49.90    Compiling httparse v1.10.1
#47 49.92    Compiling crossbeam-utils v0.8.21
#47 49.92    Compiling version_check v0.9.5
#47 49.93    Compiling num-traits v0.2.19
#47 49.94    Compiling thiserror v2.0.17
#47 50.05    Compiling untrusted v0.9.0
#47 50.18    Compiling zerocopy v0.8.33
#47 50.20    Compiling once_cell v1.21.3
#47 50.20    Compiling anyhow v1.0.100
#47 50.21    Compiling try-lock v0.2.5
#47 50.28    Compiling want v0.3.1
#47 50.39    Compiling syn v2.0.114
#47 50.41    Compiling httpdate v1.0.3
#47 50.42    Compiling thiserror v1.0.69
#47 50.44    Compiling tracing-core v0.1.36
#47 50.48    Compiling ryu v1.0.22
#47 50.53    Compiling rustls v0.23.36
#47 50.64    Compiling indexmap v2.13.0
#47 50.65    Compiling utf8_iter v1.0.4
#47 50.72    Compiling tower-layer v0.3.3
#47 50.73    Compiling subtle v2.6.1
#47 50.79    Compiling sync_wrapper v1.0.2
#47 50.84    Compiling crc32fast v1.5.0
#47 50.85    Compiling mime v0.3.17
#47 50.86    Compiling either v1.15.0
#47 50.87    Compiling base64 v0.22.1
#47 51.00    Compiling aho-corasick v1.1.4
#47 51.01    Compiling regex-syntax v0.8.8
#47 51.05    Compiling rustversion v1.0.22
#47 51.10    Compiling ring v0.17.14
#47 51.13    Compiling itertools v0.14.0
#47 51.14    Compiling ref-cast v1.0.25
#47 51.30    Compiling foldhash v0.1.5
#47 51.41    Compiling mio v1.1.1
#47 51.44    Compiling errno v0.3.14
#47 51.46    Compiling socket2 v0.6.1
#47 51.54    Compiling signal-hook-registry v1.4.8
#47 51.55    Compiling getrandom v0.2.17
#47 51.63    Compiling parking_lot v0.12.5
#47 51.75    Compiling dyn-clone v1.0.20
#47 51.77    Compiling ucd-trie v0.1.7
#47 51.97    Compiling hashbrown v0.15.5
#47 52.03    Compiling ahash v0.8.12
#47 52.06    Compiling k8s-openapi v0.26.0
#47 52.23    Compiling uuid v1.19.0
#47 52.29    Compiling backtrace v0.3.71
#47 52.48    Compiling num-integer v0.1.46
#47 52.50    Compiling gimli v0.28.1
#47 52.53    Compiling rustc-demangle v0.1.26
#47 52.54    Compiling fastrand v2.3.0
#47 52.84    Compiling pest v2.8.5
#47 52.89    Compiling adler v1.0.2
#47 53.01    Compiling miniz_oxide v0.7.4
#47 53.02    Compiling serde_path_to_error v0.1.20
#47 53.05    Compiling ordered-float v2.10.1
#47 53.08    Compiling concurrent-queue v2.5.0
#47 53.09    Compiling core-error v0.0.0
#47 53.18    Compiling object v0.32.2
#47 53.19    Compiling heck v0.5.0
#47 53.24    Compiling object v0.36.7
#47 53.31    Compiling matchit v0.8.4
#47 53.34    Compiling openssl-probe v0.2.0
#47 53.37    Compiling paste v1.0.15
#47 53.44    Compiling parking v2.2.1
#47 53.59    Compiling event-listener v5.4.1
#47 53.60    Compiling regex-automata v0.4.13
#47 53.63    Compiling rustls-native-certs v0.8.3
#47 53.87    Compiling ppv-lite86 v0.2.21
#47 53.96    Compiling num-bigint v0.4.6
#47 53.97    Compiling rand_core v0.9.5
#47 54.11    Compiling tikv-jemalloc-sys v0.6.1+5.3.0-1-ge13ca993e8ccb9ba9847cc330696e02839f328f7
#47 54.25    Compiling webpki-roots v1.0.5
#47 54.29    Compiling lazy_static v1.5.0
#47 54.35    Compiling rustix v1.1.3
#47 54.36    Compiling unsafe-libyaml v0.2.11
#47 54.37    Compiling adler2 v2.0.1
#47 54.52    Compiling pest_meta v2.8.5
#47 54.54    Compiling simd-adler32 v0.3.8
#47 54.88    Compiling miniz_oxide v0.8.9
#47 54.97    Compiling rand_chacha v0.9.0
#47 56.02    Compiling synstructure v0.13.2
#47 56.10    Compiling serde_derive_internals v0.29.1
#47 56.43    Compiling addr2line v0.21.0
#47 56.85    Compiling pest_generator v2.8.5
#47 56.93    Compiling num-rational v0.4.2
#47 56.98    Compiling event-listener-strategy v0.5.4
#47 57.37    Compiling num-iter v0.1.45
#47 57.41    Compiling pem v3.0.6
#47 57.47    Compiling num-complex v0.4.6
#47 57.55    Compiling secrecy v0.10.3
#47 57.59    Compiling home v0.5.12
#47 57.70    Compiling eyre v0.6.12
#47 57.75    Compiling linux-raw-sys v0.11.0
#47 57.76    Compiling serde_derive v1.0.228
#47 57.92    Compiling tokio-macros v2.6.0
#47 57.93    Compiling tracing-attributes v0.1.31
#47 58.16    Compiling zerofrom-derive v0.1.6
#47 58.17    Compiling yoke-derive v0.8.1
#47 58.19    Compiling zerovec-derive v0.11.2
#47 58.31    Compiling displaydoc v0.2.5
#47 58.62    Compiling futures-macro v0.3.31
#47 58.62    Compiling thiserror-impl v2.0.17
#47 58.77    Compiling thiserror-impl v1.0.69
#47 59.07    Compiling ref-cast-impl v1.0.25
#47 59.35    Compiling schemars_derive v1.2.0
#47 59.42    Compiling tracing v0.1.44
#47 59.46    Compiling futures-util v0.3.31
#47 59.49    Compiling pin-project-internal v1.1.10
#47 59.53    Compiling zerofrom v0.1.6
#47 59.61    Compiling regex v1.12.2
#47 59.66    Compiling yoke v0.8.1
#47 59.88    Compiling zerovec v0.11.5
#47 59.90    Compiling zerotrie v0.2.3
#47 60.09    Compiling async-trait v0.1.89
#47 60.48    Compiling axum-macros v0.5.0
#47 60.49    Compiling derive_more-impl v2.1.1
#47 60.69    Compiling prost-derive v0.14.3
#47 ...

#50 [market build  8/14] RUN --mount=type=cache,target=/go/pkg/mod,sharing=locked     cd distributed-backend/src/market     && for attempt in 1 2 3; do          go mod download && break;          status=$?;          [ "$attempt" -eq 3 ] && exit "$status";          sleep $((attempt * 2));        done
#50 60.13 go: connectrpc.com/connect@v1.20.0: Get "https://proxy.golang.org/connectrpc.com/connect/@v/v1.20.0.mod": unexpected EOF
#50 ...

#47 [quilkin build 2/2] RUN --mount=type=cache,target=/usr/local/cargo/registry,sharing=locked     --mount=type=cache,target=/usr/local/cargo/git,sharing=locked     for attempt in 1 2 3; do       cargo install quilkin --version "0.10.0" --locked --root /opt/quilkin && break;       status=$?;       [ "$attempt" -eq 3 ] && exit "$status";       sleep $((attempt * 2));     done
#47 61.07    Compiling tinystr v0.8.2
#47 61.29    Compiling icu_locale_core v2.1.1
#47 61.31    Compiling potential_utf v0.1.4
#47 61.49    Compiling icu_collections v2.1.1
#47 61.59    Compiling pin-project v1.1.10
#47 61.66    Compiling pest_derive v2.8.5
#47 61.95    Compiling async-stream-impl v0.3.6
#47 62.04    Compiling enum-ordinalize-derive v4.3.2
#47 62.25    Compiling derive_more v2.1.1
#47 62.31    Compiling jsonpath-rust v0.7.5
#47 62.38    Compiling prost-derive v0.13.5
#47 62.74    Compiling async-stream v0.3.6
#47 62.78    Compiling icu_provider v2.1.1
#47 62.81    Compiling enum-ordinalize v4.3.2
#47 62.87    Compiling num_enum_derive v0.7.5
#47 62.87    Compiling cpp_demangle v0.4.5
#47 62.88    Compiling utf8parse v0.2.2
#47 62.93    Compiling educe v0.6.0
#47 62.97    Compiling anstyle-parse v0.2.7
#47 63.18    Compiling icu_normalizer v2.1.1
#47 63.27    Compiling icu_properties v2.1.2
#47 63.36    Compiling bytes v1.11.0
#47 63.49    Compiling chrono v0.4.42
#47 63.97    Compiling jsonptr v0.7.1
#47 64.40    Compiling tokio v1.49.0
#47 64.58    Compiling http v1.4.0
#47 64.73    Compiling idna_adapter v1.2.1
#47 64.86    Compiling idna v1.1.0
#47 64.87    Compiling futures-executor v0.3.31
#47 65.15    Compiling futures v0.3.31
#47 65.20    Compiling serde_urlencoded v0.7.1
#47 65.33    Compiling url v2.5.8
#47 65.53    Compiling json-patch v4.1.0
#47 65.56    Compiling serde-value v0.7.0
#47 65.68    Compiling prost v0.14.3
#47 66.10    Compiling http-body v1.0.1
#47 66.21    Compiling rustls-webpki v0.103.8
#47 66.42    Compiling http-body-util v0.1.3
#47 66.62    Compiling schemars v1.2.0
#47 66.72    Compiling axum-core v0.5.6
#47 67.38    Compiling tower-http v0.6.8
#47 67.64    Compiling serde_yaml v0.9.34+deprecated
#47 67.92    Compiling prost v0.13.5
#47 67.96    Compiling aya-obj v0.2.1
#47 68.48    Compiling num_enum v0.7.5
#47 68.57    Compiling num v0.4.3
#47 68.71    Compiling async-broadcast v0.7.2
#47 68.88    Compiling flate2 v1.1.8
#47 68.96    Compiling rand v0.9.2
#47 69.00    Compiling debugid v0.8.0
#47 69.35    Compiling hostname v0.4.2
#47 69.45    Compiling memmap2 v0.9.9
#47 69.46    Compiling findshlibs v0.10.2
#47 69.59    Compiling sys-info v0.9.1
#47 69.62    Compiling crossbeam-channel v0.5.15
#47 69.76    Compiling symbolic-demangle v12.17.1
#47 69.78    Compiling assert_matches v1.5.0
#47 69.83    Compiling powerfmt v0.2.0
#47 69.90    Compiling colorchoice v1.0.4
#47 69.97    Compiling prometheus v0.14.0
#47 70.02    Compiling anstyle v1.0.13
#47 70.03    Compiling prometheus-client v0.24.0
#47 70.05    Compiling anstyle-query v1.1.5
#47 70.10    Compiling indenter v0.3.4
#47 70.11    Compiling data-encoding v2.10.0
#47 70.11    Compiling tinyvec_macros v0.1.1
#47 70.13    Compiling is_terminal_polyfill v1.70.2
#47 70.18    Compiling tinyvec v1.10.0
#47 70.20    Compiling deranged v0.5.5
#47 70.31    Compiling anstream v0.6.21
#47 70.40    Compiling symbolic-common v12.17.1
#47 70.67    Compiling pprof_util v0.8.1
#47 70.83    Compiling aya-log-common v0.1.15
#47 70.97    Compiling prost-types v0.14.3
#47 70.99    Compiling tempfile v3.24.0
#47 71.19    Compiling tracing-serde v0.2.0
#47 71.36    Compiling tokio-util v0.7.18
#47 71.37    Compiling backon v1.6.0
#47 71.71    Compiling aya v0.13.1
#47 71.88    Compiling matchers v0.2.0
#47 72.02    Compiling prometheus-client-derive-encode v0.5.0
#47 72.28    Compiling enum-as-inner v0.6.1
#47 72.50    Compiling h2 v0.4.13
#47 72.80    Compiling tower v0.5.3
#47 73.62    Compiling tokio-rustls v0.26.4
#47 73.91    Compiling tokio-stream v0.1.18
#47 74.28    Compiling sharded-slab v0.1.7
#47 74.30    Compiling hashbrown v0.14.5
#47 75.17    Compiling castaway v0.2.4
#47 75.79    Compiling inotify-sys v0.1.5
#47 75.82    Compiling tracing-log v0.2.0
#47 75.83    Compiling crossbeam-epoch v0.9.18
#47 75.93    Compiling core2 v0.4.0
#47 75.94    Compiling thread_local v1.1.9
#47 75.95    Compiling nu-ansi-term v0.50.3
#47 76.00    Compiling num-conv v0.1.0
#47 76.16    Compiling clap_lex v0.7.7
#47 76.31    Compiling ipnet v2.11.0
#47 76.37    Compiling nonempty v0.7.0
#47 76.48    Compiling io-uring v0.7.11
#47 76.61    Compiling same-file v1.0.6
#47 76.66    Compiling static_assertions v1.1.0
#47 76.73    Compiling gxhash v3.5.0
#47 76.73    Compiling tagptr v0.2.0
#47 76.76    Compiling pprof2 v0.13.1
#47 76.80    Compiling dtoa v1.0.11
#47 76.86    Compiling time-core v0.1.7
#47 76.86    Compiling strsim v0.11.1
#47 76.91    Compiling rle-decode-fast v1.0.3
#47 76.95    Compiling moka v0.12.12
#47 77.02    Compiling libflate_lz77 v2.2.0
#47 77.03    Compiling walkdir v2.5.0
#47 77.06    Compiling time v0.3.45
#47 77.46    Compiling clap_builder v4.5.54
#47 78.57    Compiling compact_str v0.7.1
#47 78.64    Compiling aya-log v0.2.1
#47 78.76    Compiling forwarded-header-value v0.1.1
#47 78.85    Compiling tracing-subscriber v0.3.22
#47 79.83    Compiling dashmap v6.1.0
#47 80.01    Compiling inotify v0.11.0
#47 80.36    Compiling tryhard v0.5.2
#47 80.59    Compiling mappings v0.7.1
#47 81.07    Compiling hyper v1.8.1
#47 81.31    Compiling hickory-proto v0.25.2
#47 81.69    Compiling tracing-futures v0.2.5
#47 81.72    Compiling ipnetwork v0.21.1
#47 81.85    Compiling clap_derive v4.5.49
#47 82.45    Compiling nix v0.27.1
#47 82.54    Compiling resolv-conf v0.7.6
#47 83.79    Compiling fixedstr v0.5.10
#47 83.93    Compiling adler32 v1.2.0
#47 84.08    Compiling hyper-util v0.1.19
#47 84.14    Compiling dary_heap v0.3.8
#47 84.17    Compiling xdp v0.7.1
#47 84.31    Compiling quilkin v0.10.0
#47 84.34    Compiling notify-types v2.0.0
#47 84.60    Compiling notify v8.2.0
#47 84.83    Compiling libflate v2.2.1
#47 85.08    Compiling clap v4.5.54
#47 85.14    Compiling quilkin-xdp v0.1.0
#47 86.21    Compiling enum_dispatch v0.3.13
#47 86.52    Compiling tracing-appender v0.2.4
#47 87.42    Compiling hyper-timeout v0.5.2
#47 87.65    Compiling axum v0.8.8
#47 87.91    Compiling hyper-rustls v0.27.7
#47 88.47    Compiling hickory-resolver v0.25.2
#47 88.68    Compiling maxminddb v0.27.1
#47 88.83    Compiling lasso v0.7.3
#47 89.23    Compiling quilkin-types v0.10.0
#47 89.95    Compiling stable-eyre v0.2.2
#47 90.30    Compiling serde_regex v1.1.0
#47 90.39    Compiling arc-swap v1.8.0
#47 90.48    Compiling strum_macros v0.27.2
#47 90.80    Compiling quilkin-macros v0.10.0
#47 91.14    Compiling num_cpus v1.17.0
#47 91.28    Compiling strum v0.27.2
#47 91.37    Compiling base64-serde v0.8.0
#47 91.44    Compiling typemap_rev v0.3.0
#47 94.36    Compiling tonic v0.14.2
#47 94.62    Compiling quilkin-system v0.10.0
#47 98.70    Compiling tonic-prost v0.14.2
#47 98.84    Compiling quilkin-proto v0.10.0
#47 103.2    Compiling kube-core v2.0.1
#47 106.8    Compiling quilkin-xds v0.10.0
#47 107.3    Compiling kube-client v2.0.1
#47 113.0    Compiling kube-runtime v2.0.1
#47 116.1    Compiling kube v2.0.1
#47 116.2    Compiling kube-leader-election v0.42.0
#47 ...

#50 [market build  8/14] RUN --mount=type=cache,target=/go/pkg/mod,sharing=locked     cd distributed-backend/src/market     && for attempt in 1 2 3; do          go mod download && break;          status=$?;          [ "$attempt" -eq 3 ] && exit "$status";          sleep $((attempt * 2));        done
#50 121.0 go: connectrpc.com/connect@v1.20.0: Get "https://proxy.golang.org/connectrpc.com/connect/@v/v1.20.0.mod": unexpected EOF
#50 ...

#47 [quilkin build 2/2] RUN --mount=type=cache,target=/usr/local/cargo/registry,sharing=locked     --mount=type=cache,target=/usr/local/cargo/git,sharing=locked     for attempt in 1 2 3; do       cargo install quilkin --version "0.10.0" --locked --root /opt/quilkin && break;       status=$?;       [ "$attempt" -eq 3 ] && exit "$status";       sleep $((attempt * 2));     done
#47 129.1    Compiling tikv-jemalloc-ctl v0.6.1
#47 129.1    Compiling tikv-jemallocator v0.6.1
#47 129.3    Compiling jemalloc_pprof v0.8.1
#47 160.5     Finished `release` profile [optimized] target(s) in 2m 39s
#47 160.7   Installing /opt/quilkin/bin/quilkin
#47 160.7    Installed package `quilkin v0.10.0` (executable `quilkin`)
#47 160.9 warning: be sure to add `/opt/quilkin/bin` to your PATH to be able to run the installed binaries
#47 DONE 161.0s

#49 [api-gateway build  7/12] RUN --mount=type=cache,target=/go/pkg/mod,sharing=locked     cd distributed-backend/src/api-gateway     && for attempt in 1 2 3; do          go mod download && break;          status=$?;          [ "$attempt" -eq 3 ] && exit "$status";          sleep $((attempt * 2));        done
#49 ...

#51 [quilkin runtime 2/2] COPY --from=build /opt/quilkin/bin/quilkin /usr/local/bin/quilkin
#51 CACHED

#52 [quilkin] exporting to image
#52 exporting layers done
#52 exporting manifest sha256:1d198e6d71782e7418d55e579ba101b6e56562f7807dfb2302fe6c15987750bd done
#52 exporting config sha256:cfcee9f0ae68d26b09da42b4efa23b1f5fe0493269d0345cc581bee0d49da886 done
#52 exporting attestation manifest sha256:aa3054173bae560b4490f3e7d7ef87fa97be115e6ab847a037ec1cf21f138a84 0.0s done
#52 exporting manifest list sha256:8bfddb54335ad2b70b5c4dc652c4ed57e39e92a71ec4fbfc80204303259830be
#52 exporting manifest list sha256:8bfddb54335ad2b70b5c4dc652c4ed57e39e92a71ec4fbfc80204303259830be 0.0s done
#52 naming to docker.io/eve-trade/quilkin:dev done
#52 unpacking to docker.io/eve-trade/quilkin:dev done
#52 DONE 0.1s

#53 [quilkin] resolving provenance for metadata file
#53 DONE 0.0s

#45 [trade-settlement build 4/4] RUN --mount=type=cache,target=/usr/local/cargo/registry,sharing=locked     --mount=type=cache,target=/usr/local/cargo/git,sharing=locked     cd distributed-backend/src/trade-settlement     && for attempt in 1 2 3; do          cargo build --locked --release && break;          status=$?;          [ "$attempt" -eq 3 ] && exit "$status";          sleep $((attempt * 2));        done
#45 154.0     Updating crates.io index
#45 154.2 error: failed to get `hex` as a dependency of package `trade-settlement v0.1.0 (/workspace/distributed-backend/src/trade-settlement)`
#45 154.2 
#45 154.2 Caused by:
#45 154.2   failed to load source for dependency `hex`
#45 154.2 
#45 154.2 Caused by:
#45 154.2   unable to update registry `crates-io`
#45 154.2 
#45 154.2 Caused by:
#45 154.2   download of 3/h/hex failed
#45 154.2 
#45 154.2 Caused by:
#45 154.2   curl failed
#45 154.2 
#45 154.2 Caused by:
#45 154.2   [6] Could not resolve hostname (Could not resolve host: index.crates.io)
#45 156.2     Updating crates.io index
#45 161.3  Downloading crates ...
#45 168.2   Downloaded prost-derive v0.14.4
#45 168.4   Downloaded tokio-macros v2.7.0
#45 168.7   Downloaded crossbeam-queue v0.3.12
#45 168.8   Downloaded atoi v2.0.0
#45 168.9   Downloaded futures-core v0.3.32
#45 168.9   Downloaded alloc-stdlib v0.2.4
#45 169.1   Downloaded crc v3.4.0
#45 169.1   Downloaded futures-task v0.3.32
#45 169.1   Downloaded futures-sink v0.3.32
#45 169.1   Downloaded futures-io v0.3.32
#45 169.1   Downloaded alloc-no-stdlib v2.0.4
#45 169.1   Downloaded symlink v0.1.0
#45 169.2   Downloaded tonic-build v0.14.6
#45 169.2   Downloaded futures-macro v0.3.32
#45 169.2   Downloaded multimap v0.10.1
#45 169.2   Downloaded itoa v1.0.18
#45 169.3   Downloaded inventory v0.3.24
#45 169.3   Downloaded tonic-prost-build v0.14.6
#45 169.3   Downloaded idna_adapter v1.2.2
#45 169.3   Downloaded opentelemetry-resource-detectors v0.10.0
#45 169.3   Downloaded hex v0.4.3
#45 169.3   Downloaded num-conv v0.2.2
#45 169.3   Downloaded signature v2.2.0
#45 169.5   Downloaded serde-toml-merge v0.3.11
#45 169.5   Downloaded http-range-header v0.4.2
#45 169.5   Downloaded potential_utf v0.1.5
#45 169.5   Downloaded compression-core v0.4.32
#45 169.5   Downloaded crc-catalog v2.5.0
#45 169.5   Downloaded displaydoc v0.2.6
#45 169.5   Downloaded byteorder v1.5.0
#45 169.5   Downloaded dashmap v6.2.1
#45 169.5   Downloaded dotenvy v0.15.7
#45 169.5   Downloaded futures-executor v0.3.32
#45 169.5   Downloaded compression-codecs v0.4.38
#45 169.6   Downloaded base64ct v1.8.3
#45 169.6   Downloaded autocfg v1.5.1
#45 169.6   Downloaded md-5 v0.10.6
#45 169.6   Downloaded opentelemetry-http v0.31.0
#45 169.6   Downloaded pem-rfc7468 v0.7.0
#45 169.6   Downloaded mime_guess v2.0.5
#45 169.6   Downloaded hashlink v0.10.0
#45 169.7   Downloaded jobserver v0.1.34
#45 169.7   Downloaded pkg-config v0.3.33
#45 169.7   Downloaded pkcs8 v0.10.2
#45 169.7   Downloaded pin-project-internal v1.1.13
#45 169.7   Downloaded pin-project-lite v0.2.17
#45 169.7   Downloaded zerofrom-derive v0.1.7
#45 169.7   Downloaded fastrand v2.4.1
#45 169.7   Downloaded fixedbitset v0.5.7
#45 169.7   Downloaded either v1.16.0
#45 169.7   Downloaded deranged v0.5.8
#45 169.7   Downloaded futures-channel v0.3.32
#45 169.7   Downloaded litemap v0.8.2
#45 169.7   Downloaded tonic-prost v0.14.6
#45 169.7   Downloaded hmac v0.12.1
#45 169.7   Downloaded iana-time-zone v0.1.65
#45 169.8   Downloaded opentelemetry-appender-tracing v0.31.1
#45 169.8   Downloaded once_cell v1.21.4
#45 169.8   Downloaded pkcs1 v0.7.5
#45 169.8   Downloaded const-oid v0.9.6
#45 169.8   Downloaded find-msvc-tools v0.1.9
#45 169.9   Downloaded bitflags v2.13.0
#45 169.9   Downloaded ipnet v2.12.0
#45 169.9   Downloaded log v0.4.33
#45 169.9   Downloaded opentelemetry-proto v0.31.0
#45 169.9   Downloaded icu_properties v2.2.0
#45 169.9   Downloaded icu_provider v2.2.0
#45 169.9   Downloaded opentelemetry-otlp v0.31.1
#45 169.9   Downloaded pin-project v1.1.13
#45 170.0   Downloaded proc-macro2 v1.0.106
#45 170.0   Downloaded getrandom v0.4.3
#45 170.0   Downloaded bytes v1.12.0
#45 170.0   Downloaded anyhow v1.0.102
#45 170.0   Downloaded flume v0.11.1
#45 170.0   Downloaded icu_normalizer_data v2.2.0
#45 170.1   Downloaded icu_normalizer v2.2.0
#45 170.1   Downloaded futures-intrusive v0.5.0
#45 170.1   Downloaded sha1 v0.10.6
#45 170.1   Downloaded der v0.7.10
#45 170.1   Downloaded cc v1.2.65
#45 170.1   Downloaded icu_locale_core v2.2.0
#45 170.1   Downloaded tracing-error v0.2.1
#45 170.1   Downloaded icu_collections v2.2.0
#45 170.2   Downloaded prettyplease v0.2.37
#45 170.2   Downloaded flate2 v1.1.9
#45 170.2   Downloaded opentelemetry v0.31.0
#45 170.2   Downloaded opentelemetry-semantic-conventions v0.31.0
#45 170.2   Downloaded memchr v2.8.2
#45 170.2   Downloaded sqlx-macros v0.8.6
#45 170.2   Downloaded mio v1.2.1
#45 170.3   Downloaded serde_spanned v1.1.1
#45 170.3   Downloaded http v1.4.2
#45 170.3   Downloaded indexmap v2.14.0
#45 170.3   Downloaded async-compression v0.4.42
#45 170.3   Downloaded hyper-util v0.1.20
#45 170.3   Downloaded num-bigint-dig v0.8.6
#45 170.4   Downloaded yoke-derive v0.8.2
#45 170.5   Downloaded libm v0.2.16
#45 170.5   Downloaded hyper v1.10.1
#45 170.5   Downloaded hashbrown v0.17.1
#45 170.5   Downloaded futures-util v0.3.32
#45 170.5   Downloaded axum v0.8.9
#45 170.6   Downloaded hkdf v0.12.4
#45 170.6   Downloaded h2 v0.4.15
#45 170.6   Downloaded icu_properties_data v2.2.0
#45 170.6   Downloaded brotli-decompressor v5.0.3
#45 170.7   Downloaded chrono v0.4.45
#45 170.7   Downloaded opentelemetry_sdk v0.31.0
#45 170.7   Downloaded zerofrom v0.1.8
#45 170.8   Downloaded hdrhistogram v7.5.4
#45 170.9   Downloaded webpki-roots v0.26.11
#45 171.2   Downloaded brotli v8.0.4
#45 171.3   Downloaded petgraph v0.8.3
#45 171.3   Downloaded libc v0.2.186
#45 171.6   Downloaded rand_chacha v0.3.1
#45 171.8   Downloaded toml_datetime v0.7.5+spec-1.1.0
#45 171.8   Downloaded summer-grpc v0.7.1
#45 171.9   Downloaded slab v0.4.12
#45 171.9   Downloaded rand_core v0.6.4
#45 171.9   Downloaded shlex v2.0.1
#45 171.9   Downloaded toml_writer v1.1.1+spec-1.1.0
#45 171.9   Downloaded thiserror v2.0.18
#45 171.9   Downloaded summer-sqlx v0.7.1
#45 172.5   Downloaded linux-raw-sys v0.12.1
#45 172.5   Downloaded zstd v0.13.3
#45 172.6   Downloaded writeable v0.6.3
#45 172.7   Downloaded thiserror-impl v2.0.18
#45 172.7   Downloaded zstd-safe v7.2.4
#45 172.7   Downloaded tinystr v0.8.3
#45 172.8   Downloaded zmij v1.0.21
#45 172.8   Downloaded time-core v0.1.9
#45 172.8   Downloaded summer-opentelemetry v0.7.1
#45 172.9   Downloaded libsqlite3-sys v0.30.1
#45 173.0   Downloaded unicase v2.9.0
#45 173.0   Downloaded prost v0.14.4
#45 173.0   Downloaded zerovec-derive v0.11.3
#45 173.1   Downloaded quote v1.0.46
#45 173.1   Downloaded schemars_derive v1.2.1
#45 173.2   Downloaded simd-adler32 v0.3.9
#45 173.3   Downloaded whoami v1.6.1
#45 173.3   Downloaded stringprep v0.1.5
#45 173.4   Downloaded tracing-appender v0.2.5
#45 173.5   Downloaded rustls-pki-types v1.14.1
#45 173.5   Downloaded toml_parser v1.1.2+spec-1.1.0
#45 173.6   Downloaded spki v0.7.3
#45 173.7   Downloaded smallvec v1.15.2
#45 173.7   Downloaded spin v0.9.8
#45 173.7   Downloaded yoke v0.8.3
#45 173.7   Downloaded unicode-properties v0.1.4
#45 173.7   Downloaded time-macros v0.2.30
#45 173.8   Downloaded prost-build v0.14.4
#45 173.9   Downloaded sqlx-macros-core v0.8.6
#45 174.1   Downloaded prost-types v0.14.4
#45 174.2   Downloaded summer-macros v0.7.1
#45 174.2   Downloaded socket2 v0.6.4
#45 174.2   Downloaded unicode-ident v1.0.24
#45 174.2   Downloaded ryu v1.0.23
#45 174.2   Downloaded tinyvec v1.11.0
#45 174.2   Downloaded zeroize v1.9.0
#45 174.4   Downloaded uuid v1.23.4
#45 174.7   Downloaded unicode-bidi v0.3.18
#45 174.7   Downloaded tempfile v3.27.0
#45 174.7   Downloaded summer v0.7.1
#45 174.7   Downloaded pulldown-cmark-to-cmark v22.0.0
#45 174.7   Downloaded sqlx-mysql v0.8.6
#45 174.7   Downloaded toml v0.9.12+spec-1.1.0
#45 175.0   Downloaded rsa v0.9.10
#45 175.1   Downloaded sqlx-sqlite v0.8.6
#45 175.1   Downloaded rand v0.8.6
#45 175.2   Downloaded zerotrie v0.2.4
#45 175.2   Downloaded schemars v1.2.1
#45 175.2   Downloaded rustls-webpki v0.103.13
#45 175.4   Downloaded typenum v1.20.1
#45 175.4   Downloaded rand v0.9.4
#45 175.6   Downloaded sqlx-core v0.8.6
#45 175.6   Downloaded tonic v0.14.6
#45 175.7   Downloaded zerovec v0.11.6
#45 175.7   Downloaded unicode-normalization v0.1.25
#45 176.0   Downloaded sqlx-postgres v0.8.6
#45 176.0   Downloaded tracing-opentelemetry v0.32.1
#45 176.1   Downloaded pulldown-cmark v0.13.4
#45 176.1   Downloaded serde_json v1.0.150
#45 176.2   Downloaded tower-http v0.6.11
#45 176.2   Downloaded reqwest v0.12.28
#45 176.3   Downloaded regex v1.12.4
#45 176.4   Downloaded winnow v1.0.3
#45 176.4   Downloaded winnow v0.7.15
#45 176.4   Downloaded sqlx v0.8.6
#45 176.6   Downloaded tracing-subscriber v0.3.23
#45 176.6   Downloaded vcpkg v0.2.15
#45 176.7   Downloaded webpki-roots v1.0.8
#45 176.8   Downloaded time v0.3.51
#45 176.8   Downloaded zerocopy v0.8.52
#45 176.9   Downloaded syn v2.0.118
#45 177.1   Downloaded regex-syntax v0.8.11
#45 177.1   Downloaded rustls v0.23.41
#45 177.2   Downloaded rustix v1.1.4
#45 ...

#50 [market build  8/14] RUN --mount=type=cache,target=/go/pkg/mod,sharing=locked     cd distributed-backend/src/market     && for attempt in 1 2 3; do          go mod download && break;          status=$?;          [ "$attempt" -eq 3 ] && exit "$status";          sleep $((attempt * 2));        done
#50 184.3 go: connectrpc.com/connect@v1.20.0: Get "https://proxy.golang.org/connectrpc.com/connect/@v/v1.20.0.mod": unexpected EOF
#50 ERROR: process "/bin/sh -c cd distributed-backend/src/market     && for attempt in 1 2 3; do          go mod download && break;          status=$?;          [ \"$attempt\" -eq 3 ] && exit \"$status\";          sleep $((attempt * 2));        done" did not complete successfully: exit code: 1

#45 [trade-settlement build 4/4] RUN --mount=type=cache,target=/usr/local/cargo/registry,sharing=locked     --mount=type=cache,target=/usr/local/cargo/git,sharing=locked     cd distributed-backend/src/trade-settlement     && for attempt in 1 2 3; do          cargo build --locked --release && break;          status=$?;          [ "$attempt" -eq 3 ] && exit "$status";          sleep $((attempt * 2));        done
#45 177.4   Downloaded regex-automata v0.4.14
#45 177.6   Downloaded zstd-sys v2.0.16+zstd.1.5.7
#45 CANCELED

#49 [api-gateway build  7/12] RUN --mount=type=cache,target=/go/pkg/mod,sharing=locked     cd distributed-backend/src/api-gateway     && for attempt in 1 2 3; do          go mod download && break;          status=$?;          [ "$attempt" -eq 3 ] && exit "$status";          sleep $((attempt * 2));        done
#49 CANCELED

#48 [settlement-worker build  8/14] RUN --mount=type=cache,target=/go/pkg/mod,sharing=locked     cd distributed-backend/src/settlement-worker     && for attempt in 1 2 3; do          go mod download && break;          status=$?;          [ "$attempt" -eq 3 ] && exit "$status";          sleep $((attempt * 2));        done
#48 184.9 runc run failed: container process is already dead
#48 CANCELED
------
 > [market build  8/14] RUN --mount=type=cache,target=/go/pkg/mod,sharing=locked     cd distributed-backend/src/market     && for attempt in 1 2 3; do          go mod download && break;          status=$?;          [ "$attempt" -eq 3 ] && exit "$status";          sleep $((attempt * 2));        done:
60.13 go: connectrpc.com/connect@v1.20.0: Get "https://proxy.golang.org/connectrpc.com/connect/@v/v1.20.0.mod": unexpected EOF
121.0 go: connectrpc.com/connect@v1.20.0: Get "https://proxy.golang.org/connectrpc.com/connect/@v/v1.20.0.mod": unexpected EOF
184.3 go: connectrpc.com/connect@v1.20.0: Get "https://proxy.golang.org/connectrpc.com/connect/@v/v1.20.0.mod": unexpected EOF
------

--- stderr ---
 Image eve-trade-integration-simulator Building 
 Image eve-trade-integration-trade-settlement Building 
 Image eve-trade-integration-api-gateway Building 
 Image eve-trade-integration-market Building 
 Image eve-trade/quilkin:dev Building 
 Image eve-trade-integration-settlement-worker Building 
market.Dockerfile:14

--------------------

  13 |     COPY distributed-backend/src/market/go.mod distributed-backend/src/market/go.sum ./distributed-backend/src/market/

  14 | >>> RUN --mount=type=cache,target=/go/pkg/mod,sharing=locked \

  15 | >>>     cd distributed-backend/src/market \

  16 | >>>     && for attempt in 1 2 3; do \

  17 | >>>          go mod download && break; \

  18 | >>>          status=$?; \

  19 | >>>          [ "$attempt" -eq 3 ] && exit "$status"; \

  20 | >>>          sleep $((attempt * 2)); \

  21 | >>>        done

  22 |     

--------------------

target market: failed to solve: process "/bin/sh -c cd distributed-backend/src/market     && for attempt in 1 2 3; do          go mod download && break;          status=$?;          [ \"$attempt\" -eq 3 ] && exit \"$status\";          sleep $((attempt * 2));        done" did not complete successfully: exit code: 1



View build details: docker-desktop://dashboard/build/default/default/x0m0kel4ujw0fzzxcnezksl19

